#
# A fatal error has been detected by the Java Runtime Environment:
#
#  EXCEPTION_ACCESS_VIOLATION (0xc0000005) at pc=0x417b999a, pid=5944, tid=0x00000320
#
# JRE version: Java(TM) SE Runtime Environment (8.0_121-b13) (build 1.8.0_121-b13)
# Java VM: Java HotSpot(TM) Client VM (25.121-b13 mixed mode, sharing windows-x86 )
# Problematic frame:
# C  0x417b999a
#
# Failed to write core dump. Minidumps are not enabled by default on client versions of Windows
#
# If you would like to submit a bug report, please visit:
#   http://bugreport.java.com/bugreport/crash.jsp
# The crash happened outside the Java Virtual Machine in native code.
# See problematic frame for where to report the bug.
#

---------------  T H R E A D  ---------------

Current thread (0x146f6000):  JavaThread "LWJGL Application" [_thread_in_native, id=800, stack(0x15710000,0x15760000)]

siginfo: ExceptionCode=0xc0000005, ExceptionInformation=0x00000008 0x417b999a

Registers:
EAX=0x0029ff50, EBX=0x147d2778, ECX=0x147d5f80, EDX=0x147aa2a0
ESP=0x1575f5ec, EBP=0x14790c18, ESI=0x147d5f80, EDI=0x1575f654
EIP=0x417b999a, EFLAGS=0x00010206

Top of Stack: (sp=0x1575f5ec)
0x1575f5ec:   6cee0256 0029ff50 14790c18 14083358
0x1575f5fc:   1575f62c 14084c58 00000000 140833d0
0x1575f60c:   147d2778 14790c18 147d5f80 1575f6d8
0x1575f61c:   6cedf285 147d5f80 14790c18 147d2778
0x1575f62c:   1575f654 141d1660 141d1660 146f6000
0x1575f63c:   6cee8834 147d2778 1575f654 00000000
0x1575f64c:   1575f678 1575f6cc 0029ff50 00000000
0x1575f65c:   00000000 00000000 00000000 00010000 

Instructions: (pc=0x417b999a)
0x417b997a:   
[error occurred during error reporting (printing registers, top of stack, instructions near pc), id 0xc0000005]

Register to memory mapping:

EAX=0x0029ff50 is an unknown value
EBX=0x147d2778 is an unknown value
ECX=0x147d5f80 is an unknown value
EDX=0x147aa2a0 is an unknown value
ESP=0x1575f5ec is pointing into the stack for thread: 0x146f6000
EBP=0x14790c18 is an unknown value
ESI=0x147d5f80 is an unknown value
EDI=0x1575f654 is pointing into the stack for thread: 0x146f6000


Stack: [0x15710000,0x15760000],  sp=0x1575f5ec,  free space=317k
Native frames: (J=compiled Java code, j=interpreted, Vv=VM code, C=native code)
C  0x417b999a

Java frames: (J=compiled Java code, j=interpreted, Vv=VM code)
j  com.badlogic.gdx.physics.box2d.Body.jniCreateFixture(JJFFFZSSS)J+0
j  com.badlogic.gdx.physics.box2d.Body.createFixture(Lcom/badlogic/gdx/physics/box2d/FixtureDef;)Lcom/badlogic/gdx/physics/box2d/Fixture;+49
j  box2D.map00.buildMap(Lcom/badlogic/gdx/physics/box2d/World;)V+1210
j  box2D.maps.chooseMap(I)V+160
j  box2D.box2DCode.create()V+153
j  com.badlogic.gdx.backends.lwjgl.LwjglApplication.mainLoop()V+29
j  com.badlogic.gdx.backends.lwjgl.LwjglApplication$1.run()V+27
v  ~StubRoutines::call_stub

---------------  P R O C E S S  ---------------

Java Threads: ( => current thread )
  0x18798c00 JavaThread "AsynchExecutor-Thread" daemon [_thread_blocked, id=5744, stack(0x190b0000,0x19100000)]
  0x010ac000 JavaThread "DestroyJavaVM" [_thread_blocked, id=4740, stack(0x018f0000,0x01940000)]
=>0x146f6000 JavaThread "LWJGL Application" [_thread_in_native, id=800, stack(0x15710000,0x15760000)]
  0x01156c00 JavaThread "Service Thread" daemon [_thread_blocked, id=4212, stack(0x14450000,0x144a0000)]
  0x01151800 JavaThread "C1 CompilerThread0" daemon [_thread_blocked, id=1312, stack(0x03d90000,0x03de0000)]
  0x0114f400 JavaThread "Attach Listener" daemon [_thread_blocked, id=5012, stack(0x14270000,0x142c0000)]
  0x0114c400 JavaThread "Signal Dispatcher" daemon [_thread_blocked, id=4528, stack(0x143e0000,0x14430000)]
  0x01143c00 JavaThread "Finalizer" daemon [_thread_blocked, id=936, stack(0x14300000,0x14350000)]
  0x010e7800 JavaThread "Reference Handler" daemon [_thread_blocked, id=4852, stack(0x018a0000,0x018f0000)]

Other Threads:
  0x010e3400 VMThread [stack: 0x03c50000,0x03ca0000] [id=2976]
  0x01183c00 WatcherThread [stack: 0x14530000,0x14580000] [id=3712]

VM state:not at safepoint (normal execution)

VM Mutex/Monitor currently owned by a thread: None

Heap:
 def new generation   total 4928K, used 4928K [0x03e00000, 0x04350000, 0x09350000)
  eden space 4416K, 100% used [0x03e00000, 0x04250000, 0x04250000)
  from space 512K, 100% used [0x04250000, 0x042d0000, 0x042d0000)
  to   space 512K,   0% used [0x042d0000, 0x042d0000, 0x04350000)
 tenured generation   total 10944K, used 2014K [0x09350000, 0x09e00000, 0x13e00000)
   the space 10944K,  18% used [0x09350000, 0x095478c8, 0x09547a00, 0x09e00000)
 Metaspace       used 2026K, capacity 3987K, committed 4032K, reserved 4480K

Card table byte_map: [0x01780000,0x01810000] byte_map_base: 0x01761000

Polling page: 0x00270000

CodeCache: size=32768Kb used=1093Kb max_used=1093Kb free=31674Kb
 bounds [0x01c10000, 0x01d28000, 0x03c10000]
 total_blobs=468 nmethods=214 adapters=186
 compilation: enabled

Compilation events (10 events):
Event: 1.375 Thread 0x01151800  209             java.util.zip.ZipFile::ensureOpen (37 bytes)
Event: 1.375 Thread 0x01151800 nmethod 209 0x01d1e948 code [0x01d1ea60, 0x01d1ec08]
Event: 1.375 Thread 0x01151800  210             java.util.zip.ZipCoder::getBytes (192 bytes)
Event: 1.377 Thread 0x01151800 nmethod 210 0x01d1ed08 code [0x01d1ef30, 0x01d1fa6c]
Event: 1.377 Thread 0x01151800  211             java.util.zip.ZipCoder::encoder (35 bytes)
Event: 1.377 Thread 0x01151800 nmethod 211 0x01d20408 code [0x01d20510, 0x01d205fc]
Event: 1.384 Thread 0x01151800  213             java.lang.String::<init> (10 bytes)
Event: 1.384 Thread 0x01151800 nmethod 213 0x01d21108 code [0x01d21200, 0x01d21290]
Event: 1.384 Thread 0x01151800  214             java.lang.System::getSecurityManager (4 bytes)
Event: 1.384 Thread 0x01151800 nmethod 214 0x01d212c8 code [0x01d213c0, 0x01d21430]

GC Heap History (4 events):
Event: 0.785 GC heap before
{Heap before GC invocations=0 (full 0):
 def new generation   total 4928K, used 4404K [0x03e00000, 0x04350000, 0x09350000)
  eden space 4416K,  99% used [0x03e00000, 0x0424d1a0, 0x04250000)
  from space 512K,   0% used [0x04250000, 0x04250000, 0x042d0000)
  to   space 512K,   0% used [0x042d0000, 0x042d0000, 0x04350000)
 tenured generation   total 10944K, used 0K [0x09350000, 0x09e00000, 0x13e00000)
   the space 10944K,   0% used [0x09350000, 0x09350000, 0x09350200, 0x09e00000)
 Metaspace       used 812K, capacity 2824K, committed 2880K, reserved 4480K
Event: 0.791 GC heap after
Heap after GC invocations=1 (full 0):
 def new generation   total 4928K, used 512K [0x03e00000, 0x04350000, 0x09350000)
  eden space 4416K,   0% used [0x03e00000, 0x03e00000, 0x04250000)
  from space 512K, 100% used [0x042d0000, 0x04350000, 0x04350000)
  to   space 512K,   0% used [0x04250000, 0x04250000, 0x042d0000)
 tenured generation   total 10944K, used 772K [0x09350000, 0x09e00000, 0x13e00000)
   the space 10944K,   7% used [0x09350000, 0x094110c8, 0x09411200, 0x09e00000)
 Metaspace       used 812K, capacity 2824K, committed 2880K, reserved 4480K
}
Event: 1.092 GC heap before
{Heap before GC invocations=1 (full 0):
 def new generation   total 4928K, used 4928K [0x03e00000, 0x04350000, 0x09350000)
  eden space 4416K, 100% used [0x03e00000, 0x04250000, 0x04250000)
  from space 512K, 100% used [0x042d0000, 0x04350000, 0x04350000)
  to   space 512K,   0% used [0x04250000, 0x04250000, 0x042d0000)
 tenured generation   total 10944K, used 772K [0x09350000, 0x09e00000, 0x13e00000)
   the space 10944K,   7% used [0x09350000, 0x094110c8, 0x09411200, 0x09e00000)
 Metaspace       used 1830K, capacity 3795K, committed 3904K, reserved 4480K
Event: 1.098 GC heap after
Heap after GC invocations=2 (full 0):
 def new generation   total 4928K, used 512K [0x03e00000, 0x04350000, 0x09350000)
  eden space 4416K,   0% used [0x03e00000, 0x03e00000, 0x04250000)
  from space 512K, 100% used [0x04250000, 0x042d0000, 0x042d0000)
  to   space 512K,   0% used [0x042d0000, 0x042d0000, 0x04350000)
 tenured generation   total 10944K, used 2014K [0x09350000, 0x09e00000, 0x13e00000)
   the space 10944K,  18% used [0x09350000, 0x095478c8, 0x09547a00, 0x09e00000)
 Metaspace       used 1830K, capacity 3795K, committed 3904K, reserved 4480K
}

Deoptimization events (0 events):
No events

Internal exceptions (10 events):
Event: 0.385 Thread 0x010ac000 Exception <a 'org/lwjgl/LWJGLException'> (0x04034690) thrown at [C:\workspace\8-2-build-windows-i586-cygwin\jdk8u121\8372\hotspot\src\share\vm\prims\jni.cpp, line 709]
Event: 0.386 Thread 0x010ac000 Exception <a 'org/lwjgl/LWJGLException'> (0x04034c40) thrown at [C:\workspace\8-2-build-windows-i586-cygwin\jdk8u121\8372\hotspot\src\share\vm\prims\jni.cpp, line 709]
Event: 0.386 Thread 0x010ac000 Exception <a 'org/lwjgl/LWJGLException'> (0x040351a0) thrown at [C:\workspace\8-2-build-windows-i586-cygwin\jdk8u121\8372\hotspot\src\share\vm\prims\jni.cpp, line 709]
Event: 0.386 Thread 0x010ac000 Exception <a 'org/lwjgl/LWJGLException'> (0x04035678) thrown at [C:\workspace\8-2-build-windows-i586-cygwin\jdk8u121\8372\hotspot\src\share\vm\prims\jni.cpp, line 709]
Event: 0.386 Thread 0x010ac000 Exception <a 'org/lwjgl/LWJGLException'> (0x04035b10) thrown at [C:\workspace\8-2-build-windows-i586-cygwin\jdk8u121\8372\hotspot\src\share\vm\prims\jni.cpp, line 709]
Event: 0.386 Thread 0x010ac000 Exception <a 'org/lwjgl/LWJGLException'> (0x04036028) thrown at [C:\workspace\8-2-build-windows-i586-cygwin\jdk8u121\8372\hotspot\src\share\vm\prims\jni.cpp, line 709]
Event: 0.386 Thread 0x010ac000 Exception <a 'org/lwjgl/LWJGLException'> (0x040365d0) thrown at [C:\workspace\8-2-build-windows-i586-cygwin\jdk8u121\8372\hotspot\src\share\vm\prims\jni.cpp, line 709]
Event: 0.387 Thread 0x010ac000 Exception <a 'org/lwjgl/LWJGLException'> (0x04036ac0) thrown at [C:\workspace\8-2-build-windows-i586-cygwin\jdk8u121\8372\hotspot\src\share\vm\prims\jni.cpp, line 709]
Event: 0.387 Thread 0x010ac000 Exception <a 'org/lwjgl/LWJGLException'> (0x04036f38) thrown at [C:\workspace\8-2-build-windows-i586-cygwin\jdk8u121\8372\hotspot\src\share\vm\prims\jni.cpp, line 709]
Event: 0.388 Thread 0x010ac000 Exception <a 'org/lwjgl/LWJGLException'> (0x040374e0) thrown at [C:\workspace\8-2-build-windows-i586-cygwin\jdk8u121\8372\hotspot\src\share\vm\prims\jni.cpp, line 709]

Events (10 events):
Event: 1.383 loading class com/badlogic/gdx/physics/box2d/PolygonShape
Event: 1.383 loading class com/badlogic/gdx/physics/box2d/PolygonShape done
Event: 1.383 loading class box2D/Materials
Event: 1.383 loading class box2D/Materials done
Event: 1.385 loading class com/badlogic/gdx/graphics/g2d/Sprite
Event: 1.385 loading class com/badlogic/gdx/graphics/g2d/Sprite done
Event: 1.386 Executing VM operation: Deoptimize
Event: 1.386 Executing VM operation: Deoptimize done
Event: 1.389 loading class box2D/Bag$Node
Event: 1.389 loading class box2D/Bag$Node done


Dynamic libraries:
0x01260000 - 0x01293000 	C:\Program Files\Java\jre1.8.0_121\bin\javaw.exe
0x77810000 - 0x7794c000 	C:\Windows\SYSTEM32\ntdll.dll
0x771f0000 - 0x772c4000 	C:\Windows\system32\kernel32.dll
0x75a70000 - 0x75aba000 	C:\Windows\system32\KERNELBASE.dll
0x75fa0000 - 0x76040000 	C:\Windows\system32\ADVAPI32.dll
0x75c60000 - 0x75d0c000 	C:\Windows\system32\msvcrt.dll
0x75d10000 - 0x75d29000 	C:\Windows\SYSTEM32\sechost.dll
0x763c0000 - 0x76461000 	C:\Windows\system32\RPCRT4.dll
0x76090000 - 0x76159000 	C:\Windows\system32\USER32.dll
0x77980000 - 0x779ce000 	C:\Windows\system32\GDI32.dll
0x779d0000 - 0x779da000 	C:\Windows\system32\LPK.dll
0x76500000 - 0x7659d000 	C:\Windows\system32\USP10.dll
0x748f0000 - 0x74a8e000 	C:\Windows\WinSxS\x86_microsoft.windows.common-controls_6595b64144ccf1df_6.0.7600.16385_none_421189da2b7fabfc\COMCTL32.dll
0x76160000 - 0x761b7000 	C:\Windows\system32\SHLWAPI.dll
0x77a20000 - 0x77a3f000 	C:\Windows\system32\IMM32.DLL
0x75ed0000 - 0x75f9c000 	C:\Windows\system32\MSCTF.dll
0x680b0000 - 0x6816f000 	C:\Program Files\Java\jre1.8.0_121\bin\msvcr100.dll
0x62d30000 - 0x630fe000 	C:\Program Files\Java\jre1.8.0_121\bin\client\jvm.dll
0x72110000 - 0x72117000 	C:\Windows\system32\WSOCK32.dll
0x779e0000 - 0x77a15000 	C:\Windows\system32\WS2_32.dll
0x77970000 - 0x77976000 	C:\Windows\system32\NSI.dll
0x70ec0000 - 0x70ef2000 	C:\Windows\system32\WINMM.dll
0x74e60000 - 0x74e69000 	C:\Windows\system32\VERSION.dll
0x77950000 - 0x77955000 	C:\Windows\system32\PSAPI.DLL
0x72b80000 - 0x72b8c000 	C:\Program Files\Java\jre1.8.0_121\bin\verify.dll
0x71a50000 - 0x71a71000 	C:\Program Files\Java\jre1.8.0_121\bin\java.dll
0x72ae0000 - 0x72af3000 	C:\Program Files\Java\jre1.8.0_121\bin\zip.dll
0x765a0000 - 0x771e9000 	C:\Windows\system32\SHELL32.dll
0x772d0000 - 0x7742c000 	C:\Windows\system32\ole32.dll
0x75960000 - 0x7596b000 	C:\Windows\system32\profapi.dll
0x6cec0000 - 0x6cf42000 	C:\Users\HOME\AppData\Local\Temp\libgdxHOME\6df0928e\gdx.dll
0x14350000 - 0x1439c000 	C:\Users\HOME\AppData\Local\Temp\libgdxHOME\52d76f2b\lwjgl.dll
0x69550000 - 0x69618000 	C:\Windows\system32\OPENGL32.dll
0x6be40000 - 0x6be62000 	C:\Windows\system32\GLU32.dll
0x6beb0000 - 0x6bf97000 	C:\Windows\system32\DDRAW.dll
0x72e60000 - 0x72e66000 	C:\Windows\system32\DCIMAN32.dll
0x77670000 - 0x7780d000 	C:\Windows\system32\SETUPAPI.dll
0x75be0000 - 0x75c07000 	C:\Windows\system32\CFGMGR32.dll
0x76470000 - 0x764ff000 	C:\Windows\system32\OLEAUT32.dll
0x75c10000 - 0x75c22000 	C:\Windows\system32\DEVOBJ.dll
0x74220000 - 0x74233000 	C:\Windows\system32\dwmapi.dll
0x144a0000 - 0x14505000 	C:\Users\HOME\AppData\Local\Temp\libgdxHOME\52d76f2b\OpenAL32.dll
0x758b0000 - 0x758bc000 	C:\Windows\system32\CRYPTBASE.dll
0x74770000 - 0x747b0000 	C:\Windows\system32\uxtheme.dll
0x75e40000 - 0x75ec3000 	C:\Windows\system32\CLBCatQ.DLL
0x747b0000 - 0x748a5000 	C:\Windows\System32\PROPSYS.dll
0x75c30000 - 0x75c5d000 	C:\Windows\system32\WINTRUST.dll
0x75ac0000 - 0x75bdc000 	C:\Windows\system32\CRYPT32.dll
0x759d0000 - 0x759dc000 	C:\Windows\system32\MSASN1.dll
0x68030000 - 0x680a2000 	C:\Windows\system32\dsound.dll
0x74530000 - 0x74555000 	C:\Windows\system32\POWRPROF.dll
0x744f0000 - 0x74529000 	C:\Windows\System32\MMDevApi.dll
0x726e0000 - 0x72716000 	C:\Windows\system32\AUDIOSES.DLL
0x15760000 - 0x15b52000 	C:\Windows\system32\ig4icd32.dll
0x15b60000 - 0x15dfa000 	C:\Windows\system32\ig4dev32.dll
0x706d0000 - 0x70749000 	C:\Windows\system32\mscms.dll
0x74fc0000 - 0x74fd7000 	C:\Windows\system32\USERENV.dll
0x69420000 - 0x69458000 	C:\Windows\system32\icm32.dll
0x72010000 - 0x720fb000 	C:\Windows\system32\dbghelp.dll

VM Arguments:
jvm_args: -Dfile.encoding=Cp1252 
java_command: box2D.Main
java_class_path (initial): C:\Users\HOME\Desktop\videoGameGit\videogameGit\box2DExample\bin;C:\Users\HOME\Desktop\Nueva carpeta (2)\libgdx-0.9.9\gdx.jar;C:\Users\HOME\Desktop\Nueva carpeta (2)\libgdx-0.9.9\gdx-1.7.1.jar;C:\Users\HOME\Desktop\Nueva carpeta (2)\libgdx-0.9.9\gdx-ai-1.7.0.jar;C:\Users\HOME\Desktop\Nueva carpeta (2)\libgdx-0.9.9\gdx-backend-android.jar;C:\Users\HOME\Desktop\Nueva carpeta (2)\libgdx-0.9.9\gdx-backend-gwt.jar;C:\Users\HOME\Desktop\Nueva carpeta (2)\libgdx-0.9.9\gdx-backend-jglfw.jar;C:\Users\HOME\Desktop\Nueva carpeta (2)\libgdx-0.9.9\gdx-backend-jglfw-natives.jar;C:\Users\HOME\Desktop\Nueva carpeta (2)\libgdx-0.9.9\gdx-backend-lwjgl.jar;C:\Users\HOME\Desktop\Nueva carpeta (2)\libgdx-0.9.9\gdx-backend-lwjgl-natives.jar;C:\Users\HOME\Desktop\Nueva carpeta (2)\libgdx-0.9.9\gdx-backend-robovm.jar;C:\Users\HOME\Desktop\Nueva carpeta (2)\libgdx-0.9.9\gdx-natives.jar;C:\Users\HOME\Desktop\Nueva carpeta (2)\libgdx-0.9.9\gdx-openal.jar;C:\Users\HOME\Desktop\Nueva carpeta (2)\libgdx-0.9.9\gdx-pe-loader-1.1.0.jar;C:\Users\HOME\Desktop\Nueva carpeta (2)\libgdx-0.9.9\gdx-pe-loader-1.1.0-sources.jar;C:\Users\HOME\Desktop\Nueva carpeta (2)\libgdx-0.9.9\gdx-setup.jar;C:\Users\HOME\Desktop\Nueva carpeta (2)\libgdx-0.9.9\gdx-setup-ui.jar
Launcher Type: SUN_STANDARD

Environment Variables:
PATH=C:/Program Files/Java/jre1.8.0_121/bin/client;C:/Program Files/Java/jre1.8.0_121/bin;C:/Program Files/Java/jre1.8.0_121/lib/i386;C:\ProgramData\Oracle\Java\javapath;C:\Windows\system32;C:\Windows;C:\Windows\System32\Wbem;C:\Windows\System32\WindowsPowerShell\v1.0\;C:\Program Files\eclipse;
USERNAME=HOME
OS=Windows_NT
PROCESSOR_IDENTIFIER=x86 Family 6 Model 15 Stepping 13, GenuineIntel



---------------  S Y S T E M  ---------------

OS: Windows 7 Build 7600 (6.1.7600.16385)

CPU:total 2 (2 cores per cpu, 1 threads per core) family 6 model 15 stepping 13, cmov, cx8, fxsr, mmx, sse, sse2, sse3, ssse3, tsc

Memory: 4k page, physical 2087160k(321564k free), swap 4174320k(1840588k free)

vm_info: Java HotSpot(TM) Client VM (25.121-b13) for windows-x86 JRE (1.8.0_121-b13), built on Dec 12 2016 18:17:00 by "java_re" with MS VC++ 10.0 (VS2010)

time: Fri Dec 07 15:36:21 2018
elapsed time: 1 seconds (0d 0h 0m 1s)

