#
# A fatal error has been detected by the Java Runtime Environment:
#
#  EXCEPTION_ACCESS_VIOLATION (0xc0000005) at pc=0x417b999a, pid=5004, tid=0x000000c4
#
# JRE version: Java(TM) SE Runtime Environment (8.0_121-b13) (build 1.8.0_121-b13)
# Java VM: Java HotSpot(TM) Client VM (25.121-b13 mixed mode, sharing windows-x86 )
# Problematic frame:
# C  0x417b999a
#
# Failed to write core dump. Minidumps are not enabled by default on client versions of Windows
#
# If you would like to submit a bug report, please visit:
#   http://bugreport.java.com/bugreport/crash.jsp
# The crash happened outside the Java Virtual Machine in native code.
# See problematic frame for where to report the bug.
#

---------------  T H R E A D  ---------------

Current thread (0x14777c00):  JavaThread "LWJGL Application" [_thread_in_native, id=196, stack(0x14c30000,0x14c80000)]

siginfo: ExceptionCode=0xc0000005, ExceptionInformation=0x00000008 0x417b999a

Registers:
EAX=0x0012ff50, EBX=0x148730d8, ECX=0x148761c0, EDX=0x1484a2a0
ESP=0x14c7f49c, EBP=0x14830c18, ESI=0x148761c0, EDI=0x14c7f504
EIP=0x417b999a, EFLAGS=0x00010206

Top of Stack: (sp=0x14c7f49c)
0x14c7f49c:   6cee0256 0012ff50 14830c18 13e83340
0x14c7f4ac:   14c7f4dc 13e84c58 00000000 13e833d0
0x14c7f4bc:   148730d8 14830c18 148761c0 14c7f588
0x14c7f4cc:   6cedf285 148761c0 14830c18 148730d8
0x14c7f4dc:   14c7f504 13fd18a8 13fd18a8 14777c00
0x14c7f4ec:   6cee8834 148730d8 14c7f504 00000000
0x14c7f4fc:   14c7f528 14c7f57c 0012ff50 00000000
0x14c7f50c:   00000000 00000000 00000000 00010000 

Instructions: (pc=0x417b999a)
0x417b997a:   
[error occurred during error reporting (printing registers, top of stack, instructions near pc), id 0xc0000005]

Register to memory mapping:

EAX=0x0012ff50 is an unknown value
EBX=0x148730d8 is an unknown value
ECX=0x148761c0 is an unknown value
EDX=0x1484a2a0 is an unknown value
ESP=0x14c7f49c is pointing into the stack for thread: 0x14777c00
EBP=0x14830c18 is an unknown value
ESI=0x148761c0 is an unknown value
EDI=0x14c7f504 is pointing into the stack for thread: 0x14777c00


Stack: [0x14c30000,0x14c80000],  sp=0x14c7f49c,  free space=317k
Native frames: (J=compiled Java code, j=interpreted, Vv=VM code, C=native code)
C  0x417b999a

Java frames: (J=compiled Java code, j=interpreted, Vv=VM code)
j  com.badlogic.gdx.physics.box2d.Body.jniCreateFixture(JJFFFZSSS)J+0
j  com.badlogic.gdx.physics.box2d.Body.createFixture(Lcom/badlogic/gdx/physics/box2d/FixtureDef;)Lcom/badlogic/gdx/physics/box2d/Fixture;+49
j  box2D.map00.buildMap(Lcom/badlogic/gdx/physics/box2d/World;)V+1408
j  box2D.maps.chooseMap(I)V+160
j  box2D.box2DCode.create()V+153
j  com.badlogic.gdx.backends.lwjgl.LwjglApplication.mainLoop()V+29
j  com.badlogic.gdx.backends.lwjgl.LwjglApplication$1.run()V+27
v  ~StubRoutines::call_stub

---------------  P R O C E S S  ---------------

Java Threads: ( => current thread )
  0x188bfc00 JavaThread "AsynchExecutor-Thread" daemon [_thread_blocked, id=3624, stack(0x15570000,0x155c0000)]
  0x014cc000 JavaThread "DestroyJavaVM" [_thread_blocked, id=5908, stack(0x01780000,0x017d0000)]
=>0x14777c00 JavaThread "LWJGL Application" [_thread_in_native, id=196, stack(0x14c30000,0x14c80000)]
  0x01616c00 JavaThread "Service Thread" daemon [_thread_blocked, id=4208, stack(0x14580000,0x145d0000)]
  0x01611800 JavaThread "C1 CompilerThread0" daemon [_thread_blocked, id=4376, stack(0x143f0000,0x14440000)]
  0x0160f400 JavaThread "Attach Listener" daemon [_thread_blocked, id=4268, stack(0x14450000,0x144a0000)]
  0x0160c400 JavaThread "Signal Dispatcher" daemon [_thread_blocked, id=4020, stack(0x143a0000,0x143f0000)]
  0x01603c00 JavaThread "Finalizer" daemon [_thread_blocked, id=1732, stack(0x140f0000,0x14140000)]
  0x015a7800 JavaThread "Reference Handler" daemon [_thread_blocked, id=5176, stack(0x141a0000,0x141f0000)]

Other Threads:
  0x015a3400 VMThread [stack: 0x14200000,0x14250000] [id=2520]
  0x01643c00 WatcherThread [stack: 0x145d0000,0x14620000] [id=3716]

VM state:not at safepoint (normal execution)

VM Mutex/Monitor currently owned by a thread: None

Heap:
 def new generation   total 4928K, used 561K [0x03c00000, 0x04150000, 0x09150000)
  eden space 4416K,   1% used [0x03c00000, 0x03c0c488, 0x04050000)
  from space 512K, 100% used [0x040d0000, 0x04150000, 0x04150000)
  to   space 512K,   0% used [0x04050000, 0x04050000, 0x040d0000)
 tenured generation   total 10944K, used 3070K [0x09150000, 0x09c00000, 0x13c00000)
   the space 10944K,  28% used [0x09150000, 0x0944fa58, 0x0944fc00, 0x09c00000)
 Metaspace       used 2027K, capacity 3987K, committed 4032K, reserved 4480K

Card table byte_map: [0x03b20000,0x03bb0000] byte_map_base: 0x03b02000

Polling page: 0x00200000

CodeCache: size=32768Kb used=1115Kb max_used=1115Kb free=31652Kb
 bounds [0x01aa0000, 0x01bb8000, 0x03aa0000]
 total_blobs=468 nmethods=214 adapters=186
 compilation: enabled

Compilation events (10 events):
Event: 2.791 Thread 0x01611800  209             java.util.zip.ZipCoder::getBytes (192 bytes)
Event: 2.793 Thread 0x01611800 nmethod 209 0x01bb4088 code [0x01bb42b0, 0x01bb4dec]
Event: 2.793 Thread 0x01611800  210             java.util.zip.ZipCoder::encoder (35 bytes)
Event: 2.793 Thread 0x01611800 nmethod 210 0x01bb5788 code [0x01bb5890, 0x01bb597c]
Event: 2.800 Thread 0x01611800  212             java.lang.String::<init> (10 bytes)
Event: 2.800 Thread 0x01611800 nmethod 212 0x01bb6488 code [0x01bb6580, 0x01bb6610]
Event: 2.801 Thread 0x01611800  213             java.lang.System::getSecurityManager (4 bytes)
Event: 2.801 Thread 0x01611800 nmethod 213 0x01bb6648 code [0x01bb6740, 0x01bb67b0]
Event: 3.312 Thread 0x01611800  214             com.badlogic.gdx.utils.Array::<init> (21 bytes)
Event: 3.321 Thread 0x01611800 nmethod 214 0x01bb6a48 code [0x01bb6b40, 0x01bb6c50]

GC Heap History (6 events):
Event: 1.984 GC heap before
{Heap before GC invocations=0 (full 0):
 def new generation   total 4928K, used 4403K [0x03c00000, 0x04150000, 0x09150000)
  eden space 4416K,  99% used [0x03c00000, 0x0404cf78, 0x04050000)
  from space 512K,   0% used [0x04050000, 0x04050000, 0x040d0000)
  to   space 512K,   0% used [0x040d0000, 0x040d0000, 0x04150000)
 tenured generation   total 10944K, used 0K [0x09150000, 0x09c00000, 0x13c00000)
   the space 10944K,   0% used [0x09150000, 0x09150000, 0x09150200, 0x09c00000)
 Metaspace       used 812K, capacity 2824K, committed 2880K, reserved 4480K
Event: 1.990 GC heap after
Heap after GC invocations=1 (full 0):
 def new generation   total 4928K, used 512K [0x03c00000, 0x04150000, 0x09150000)
  eden space 4416K,   0% used [0x03c00000, 0x03c00000, 0x04050000)
  from space 512K, 100% used [0x040d0000, 0x04150000, 0x04150000)
  to   space 512K,   0% used [0x04050000, 0x04050000, 0x040d0000)
 tenured generation   total 10944K, used 772K [0x09150000, 0x09c00000, 0x13c00000)
   the space 10944K,   7% used [0x09150000, 0x092110c8, 0x09211200, 0x09c00000)
 Metaspace       used 812K, capacity 2824K, committed 2880K, reserved 4480K
}
Event: 2.332 GC heap before
{Heap before GC invocations=1 (full 0):
 def new generation   total 4928K, used 4928K [0x03c00000, 0x04150000, 0x09150000)
  eden space 4416K, 100% used [0x03c00000, 0x04050000, 0x04050000)
  from space 512K, 100% used [0x040d0000, 0x04150000, 0x04150000)
  to   space 512K,   0% used [0x04050000, 0x04050000, 0x040d0000)
 tenured generation   total 10944K, used 772K [0x09150000, 0x09c00000, 0x13c00000)
   the space 10944K,   7% used [0x09150000, 0x092110c8, 0x09211200, 0x09c00000)
 Metaspace       used 1831K, capacity 3795K, committed 3904K, reserved 4480K
Event: 2.338 GC heap after
Heap after GC invocations=2 (full 0):
 def new generation   total 4928K, used 512K [0x03c00000, 0x04150000, 0x09150000)
  eden space 4416K,   0% used [0x03c00000, 0x03c00000, 0x04050000)
  from space 512K, 100% used [0x04050000, 0x040d0000, 0x040d0000)
  to   space 512K,   0% used [0x040d0000, 0x040d0000, 0x04150000)
 tenured generation   total 10944K, used 2014K [0x09150000, 0x09c00000, 0x13c00000)
   the space 10944K,  18% used [0x09150000, 0x093478b0, 0x09347a00, 0x09c00000)
 Metaspace       used 1831K, capacity 3795K, committed 3904K, reserved 4480K
}
Event: 3.312 GC heap before
{Heap before GC invocations=2 (full 0):
 def new generation   total 4928K, used 4928K [0x03c00000, 0x04150000, 0x09150000)
  eden space 4416K, 100% used [0x03c00000, 0x04050000, 0x04050000)
  from space 512K, 100% used [0x04050000, 0x040d0000, 0x040d0000)
  to   space 512K,   0% used [0x040d0000, 0x040d0000, 0x04150000)
 tenured generation   total 10944K, used 2014K [0x09150000, 0x09c00000, 0x13c00000)
   the space 10944K,  18% used [0x09150000, 0x093478b0, 0x09347a00, 0x09c00000)
 Metaspace       used 2027K, capacity 3987K, committed 4032K, reserved 4480K
Event: 3.320 GC heap after
Heap after GC invocations=3 (full 0):
 def new generation   total 4928K, used 512K [0x03c00000, 0x04150000, 0x09150000)
  eden space 4416K,   0% used [0x03c00000, 0x03c00000, 0x04050000)
  from space 512K, 100% used [0x040d0000, 0x04150000, 0x04150000)
  to   space 512K,   0% used [0x04050000, 0x04050000, 0x040d0000)
 tenured generation   total 10944K, used 3070K [0x09150000, 0x09c00000, 0x13c00000)
   the space 10944K,  28% used [0x09150000, 0x0944fa58, 0x0944fc00, 0x09c00000)
 Metaspace       used 2027K, capacity 3987K, committed 4032K, reserved 4480K
}

Deoptimization events (0 events):
No events

Internal exceptions (10 events):
Event: 0.538 Thread 0x014cc000 Exception <a 'org/lwjgl/LWJGLException'> (0x03e34488) thrown at [C:\workspace\8-2-build-windows-i586-cygwin\jdk8u121\8372\hotspot\src\share\vm\prims\jni.cpp, line 709]
Event: 0.539 Thread 0x014cc000 Exception <a 'org/lwjgl/LWJGLException'> (0x03e34a38) thrown at [C:\workspace\8-2-build-windows-i586-cygwin\jdk8u121\8372\hotspot\src\share\vm\prims\jni.cpp, line 709]
Event: 0.539 Thread 0x014cc000 Exception <a 'org/lwjgl/LWJGLException'> (0x03e34f98) thrown at [C:\workspace\8-2-build-windows-i586-cygwin\jdk8u121\8372\hotspot\src\share\vm\prims\jni.cpp, line 709]
Event: 0.539 Thread 0x014cc000 Exception <a 'org/lwjgl/LWJGLException'> (0x03e35470) thrown at [C:\workspace\8-2-build-windows-i586-cygwin\jdk8u121\8372\hotspot\src\share\vm\prims\jni.cpp, line 709]
Event: 0.539 Thread 0x014cc000 Exception <a 'org/lwjgl/LWJGLException'> (0x03e35908) thrown at [C:\workspace\8-2-build-windows-i586-cygwin\jdk8u121\8372\hotspot\src\share\vm\prims\jni.cpp, line 709]
Event: 0.540 Thread 0x014cc000 Exception <a 'org/lwjgl/LWJGLException'> (0x03e35e20) thrown at [C:\workspace\8-2-build-windows-i586-cygwin\jdk8u121\8372\hotspot\src\share\vm\prims\jni.cpp, line 709]
Event: 0.540 Thread 0x014cc000 Exception <a 'org/lwjgl/LWJGLException'> (0x03e363c8) thrown at [C:\workspace\8-2-build-windows-i586-cygwin\jdk8u121\8372\hotspot\src\share\vm\prims\jni.cpp, line 709]
Event: 0.541 Thread 0x014cc000 Exception <a 'org/lwjgl/LWJGLException'> (0x03e368b8) thrown at [C:\workspace\8-2-build-windows-i586-cygwin\jdk8u121\8372\hotspot\src\share\vm\prims\jni.cpp, line 709]
Event: 0.541 Thread 0x014cc000 Exception <a 'org/lwjgl/LWJGLException'> (0x03e36d30) thrown at [C:\workspace\8-2-build-windows-i586-cygwin\jdk8u121\8372\hotspot\src\share\vm\prims\jni.cpp, line 709]
Event: 0.542 Thread 0x014cc000 Exception <a 'org/lwjgl/LWJGLException'> (0x03e372d8) thrown at [C:\workspace\8-2-build-windows-i586-cygwin\jdk8u121\8372\hotspot\src\share\vm\prims\jni.cpp, line 709]

Events (10 events):
Event: 2.800 loading class box2D/Materials
Event: 2.800 loading class box2D/Materials done
Event: 2.802 loading class com/badlogic/gdx/graphics/g2d/Sprite
Event: 2.802 loading class com/badlogic/gdx/graphics/g2d/Sprite done
Event: 2.803 Executing VM operation: Deoptimize
Event: 2.803 Executing VM operation: Deoptimize done
Event: 2.806 loading class box2D/Bag$Node
Event: 2.806 loading class box2D/Bag$Node done
Event: 3.312 Executing VM operation: GenCollectForAllocation
Event: 3.321 Executing VM operation: GenCollectForAllocation done


Dynamic libraries:
0x00220000 - 0x00253000 	C:\Program Files\Java\jre1.8.0_121\bin\javaw.exe
0x77c30000 - 0x77d6c000 	C:\Windows\SYSTEM32\ntdll.dll
0x778b0000 - 0x77984000 	C:\Windows\system32\kernel32.dll
0x75e90000 - 0x75eda000 	C:\Windows\system32\KERNELBASE.dll
0x77470000 - 0x77510000 	C:\Windows\system32\ADVAPI32.dll
0x76330000 - 0x763dc000 	C:\Windows\system32\msvcrt.dll
0x77da0000 - 0x77db9000 	C:\Windows\SYSTEM32\sechost.dll
0x77b80000 - 0x77c21000 	C:\Windows\system32\RPCRT4.dll
0x76580000 - 0x76649000 	C:\Windows\system32\USER32.dll
0x76720000 - 0x7676e000 	C:\Windows\system32\GDI32.dll
0x77d90000 - 0x77d9a000 	C:\Windows\system32\LPK.dll
0x76290000 - 0x7632d000 	C:\Windows\system32\USP10.dll
0x74d10000 - 0x74eae000 	C:\Windows\WinSxS\x86_microsoft.windows.common-controls_6595b64144ccf1df_6.0.7600.16385_none_421189da2b7fabfc\COMCTL32.dll
0x77410000 - 0x77467000 	C:\Windows\system32\SHLWAPI.dll
0x77d70000 - 0x77d8f000 	C:\Windows\system32\IMM32.DLL
0x76650000 - 0x7671c000 	C:\Windows\system32\MSCTF.dll
0x68940000 - 0x689ff000 	C:\Program Files\Java\jre1.8.0_121\bin\msvcr100.dll
0x5be10000 - 0x5c1de000 	C:\Program Files\Java\jre1.8.0_121\bin\client\jvm.dll
0x72520000 - 0x72527000 	C:\Windows\system32\WSOCK32.dll
0x773d0000 - 0x77405000 	C:\Windows\system32\WS2_32.dll
0x76080000 - 0x76086000 	C:\Windows\system32\NSI.dll
0x70740000 - 0x70772000 	C:\Windows\system32\WINMM.dll
0x75280000 - 0x75289000 	C:\Windows\system32\VERSION.dll
0x77dc0000 - 0x77dc5000 	C:\Windows\system32\PSAPI.DLL
0x73cd0000 - 0x73cdc000 	C:\Program Files\Java\jre1.8.0_121\bin\verify.dll
0x6d5b0000 - 0x6d5d1000 	C:\Program Files\Java\jre1.8.0_121\bin\java.dll
0x6d400000 - 0x6d413000 	C:\Program Files\Java\jre1.8.0_121\bin\zip.dll
0x76780000 - 0x773c9000 	C:\Windows\system32\SHELL32.dll
0x77510000 - 0x7766c000 	C:\Windows\system32\ole32.dll
0x75d80000 - 0x75d8b000 	C:\Windows\system32\profapi.dll
0x6cec0000 - 0x6cf42000 	C:\Users\HOME\AppData\Local\Temp\libgdxHOME\6df0928e\gdx.dll
0x03bb0000 - 0x03bfc000 	C:\Users\HOME\AppData\Local\Temp\libgdxHOME\52d76f2b\lwjgl.dll
0x6ac80000 - 0x6ad48000 	C:\Windows\system32\OPENGL32.dll
0x704f0000 - 0x70512000 	C:\Windows\system32\GLU32.dll
0x6d620000 - 0x6d707000 	C:\Windows\system32\DDRAW.dll
0x70650000 - 0x70656000 	C:\Windows\system32\DCIMAN32.dll
0x763e0000 - 0x7657d000 	C:\Windows\system32\SETUPAPI.dll
0x76050000 - 0x76077000 	C:\Windows\system32\CFGMGR32.dll
0x77dd0000 - 0x77e5f000 	C:\Windows\system32\OLEAUT32.dll
0x76030000 - 0x76042000 	C:\Windows\system32\DEVOBJ.dll
0x74860000 - 0x74873000 	C:\Windows\system32\dwmapi.dll
0x14060000 - 0x140c5000 	C:\Users\HOME\AppData\Local\Temp\libgdxHOME\52d76f2b\OpenAL32.dll
0x75cd0000 - 0x75cdc000 	C:\Windows\system32\CRYPTBASE.dll
0x74b90000 - 0x74bd0000 	C:\Windows\system32\uxtheme.dll
0x776f0000 - 0x77773000 	C:\Windows\system32\CLBCatQ.DLL
0x74bd0000 - 0x74cc5000 	C:\Windows\System32\PROPSYS.dll
0x75ee0000 - 0x75f0d000 	C:\Windows\system32\WINTRUST.dll
0x75f10000 - 0x7602c000 	C:\Windows\system32\CRYPT32.dll
0x75df0000 - 0x75dfc000 	C:\Windows\system32\MSASN1.dll
0x6d440000 - 0x6d4b2000 	C:\Windows\system32\dsound.dll
0x74670000 - 0x74695000 	C:\Windows\system32\POWRPROF.dll
0x74880000 - 0x748b9000 	C:\Windows\System32\MMDevApi.dll
0x74230000 - 0x74266000 	C:\Windows\system32\AUDIOSES.DLL
0x156e0000 - 0x15ad2000 	C:\Windows\system32\ig4icd32.dll
0x15ae0000 - 0x15d7a000 	C:\Windows\system32\ig4dev32.dll
0x6d290000 - 0x6d309000 	C:\Windows\system32\mscms.dll
0x753e0000 - 0x753f7000 	C:\Windows\system32\USERENV.dll
0x6e930000 - 0x6e968000 	C:\Windows\system32\icm32.dll
0x72390000 - 0x7247b000 	C:\Windows\system32\dbghelp.dll

VM Arguments:
jvm_args: -Dfile.encoding=Cp1252 
java_command: box2D.Main
java_class_path (initial): C:\Users\HOME\Desktop\videoGameGit\videogameGit\box2DExample\bin;C:\Users\HOME\Desktop\Nueva carpeta (2)\libgdx-0.9.9\gdx.jar;C:\Users\HOME\Desktop\Nueva carpeta (2)\libgdx-0.9.9\gdx-1.7.1.jar;C:\Users\HOME\Desktop\Nueva carpeta (2)\libgdx-0.9.9\gdx-ai-1.7.0.jar;C:\Users\HOME\Desktop\Nueva carpeta (2)\libgdx-0.9.9\gdx-backend-android.jar;C:\Users\HOME\Desktop\Nueva carpeta (2)\libgdx-0.9.9\gdx-backend-gwt.jar;C:\Users\HOME\Desktop\Nueva carpeta (2)\libgdx-0.9.9\gdx-backend-jglfw.jar;C:\Users\HOME\Desktop\Nueva carpeta (2)\libgdx-0.9.9\gdx-backend-jglfw-natives.jar;C:\Users\HOME\Desktop\Nueva carpeta (2)\libgdx-0.9.9\gdx-backend-lwjgl.jar;C:\Users\HOME\Desktop\Nueva carpeta (2)\libgdx-0.9.9\gdx-backend-lwjgl-natives.jar;C:\Users\HOME\Desktop\Nueva carpeta (2)\libgdx-0.9.9\gdx-backend-robovm.jar;C:\Users\HOME\Desktop\Nueva carpeta (2)\libgdx-0.9.9\gdx-natives.jar;C:\Users\HOME\Desktop\Nueva carpeta (2)\libgdx-0.9.9\gdx-openal.jar;C:\Users\HOME\Desktop\Nueva carpeta (2)\libgdx-0.9.9\gdx-pe-loader-1.1.0.jar;C:\Users\HOME\Desktop\Nueva carpeta (2)\libgdx-0.9.9\gdx-pe-loader-1.1.0-sources.jar;C:\Users\HOME\Desktop\Nueva carpeta (2)\libgdx-0.9.9\gdx-setup.jar;C:\Users\HOME\Desktop\Nueva carpeta (2)\libgdx-0.9.9\gdx-setup-ui.jar
Launcher Type: SUN_STANDARD

Environment Variables:
PATH=C:/Program Files/Java/jre1.8.0_121/bin/client;C:/Program Files/Java/jre1.8.0_121/bin;C:/Program Files/Java/jre1.8.0_121/lib/i386;C:\ProgramData\Oracle\Java\javapath;C:\Windows\system32;C:\Windows;C:\Windows\System32\Wbem;C:\Windows\System32\WindowsPowerShell\v1.0\;C:\Program Files\eclipse;
USERNAME=HOME
OS=Windows_NT
PROCESSOR_IDENTIFIER=x86 Family 6 Model 15 Stepping 13, GenuineIntel



---------------  S Y S T E M  ---------------

OS: Windows 7 Build 7600 (6.1.7600.16385)

CPU:total 2 (2 cores per cpu, 1 threads per core) family 6 model 15 stepping 13, cmov, cx8, fxsr, mmx, sse, sse2, sse3, ssse3, tsc

Memory: 4k page, physical 2087160k(797532k free), swap 4174320k(2437252k free)

vm_info: Java HotSpot(TM) Client VM (25.121-b13) for windows-x86 JRE (1.8.0_121-b13), built on Dec 12 2016 18:17:00 by "java_re" with MS VC++ 10.0 (VS2010)

time: Fri Dec 07 20:18:48 2018
elapsed time: 3 seconds (0d 0h 0m 3s)

