#
# A fatal error has been detected by the Java Runtime Environment:
#
#  EXCEPTION_ACCESS_VIOLATION (0xc0000005) at pc=0x417b999a, pid=2952, tid=0x00000fc8
#
# JRE version: Java(TM) SE Runtime Environment (8.0_121-b13) (build 1.8.0_121-b13)
# Java VM: Java HotSpot(TM) Client VM (25.121-b13 mixed mode, sharing windows-x86 )
# Problematic frame:
# C  0x417b999a
#
# Failed to write core dump. Minidumps are not enabled by default on client versions of Windows
#
# If you would like to submit a bug report, please visit:
#   http://bugreport.java.com/bugreport/crash.jsp
# The crash happened outside the Java Virtual Machine in native code.
# See problematic frame for where to report the bug.
#

---------------  T H R E A D  ---------------

Current thread (0x14840000):  JavaThread "LWJGL Application" [_thread_in_native, id=4040, stack(0x14390000,0x143e0000)]

siginfo: ExceptionCode=0xc0000005, ExceptionInformation=0x00000008 0x417b999a

Registers:
EAX=0x0064ff50, EBX=0x149126d8, ECX=0x14915f80, EDX=0x148ea2a0
ESP=0x143df1ec, EBP=0x148d0c18, ESI=0x14915f80, EDI=0x143df254
EIP=0x417b999a, EFLAGS=0x00010206

Top of Stack: (sp=0x143df1ec)
0x143df1ec:   6cee0256 0064ff50 148d0c18 13e83358
0x143df1fc:   143df22c 13e84c58 00000000 13e833d0
0x143df20c:   149126d8 148d0c18 14915f80 143df2d8
0x143df21c:   6cedf285 14915f80 148d0c18 149126d8
0x143df22c:   143df254 13fd1660 13fd1660 14840000
0x143df23c:   6cee8834 149126d8 143df254 00000000
0x143df24c:   143df278 143df2cc 0064ff50 00000000
0x143df25c:   00000000 00000000 00000000 00010000 

Instructions: (pc=0x417b999a)
0x417b997a:   
[error occurred during error reporting (printing registers, top of stack, instructions near pc), id 0xc0000005]

Register to memory mapping:

EAX=0x0064ff50 is an unknown value
EBX=0x149126d8 is an unknown value
ECX=0x14915f80 is an unknown value
EDX=0x148ea2a0 is an unknown value
ESP=0x143df1ec is pointing into the stack for thread: 0x14840000
EBP=0x148d0c18 is an unknown value
ESI=0x14915f80 is an unknown value
EDI=0x143df254 is pointing into the stack for thread: 0x14840000


Stack: [0x14390000,0x143e0000],  sp=0x143df1ec,  free space=316k
Native frames: (J=compiled Java code, j=interpreted, Vv=VM code, C=native code)
C  0x417b999a

Java frames: (J=compiled Java code, j=interpreted, Vv=VM code)
j  com.badlogic.gdx.physics.box2d.Body.jniCreateFixture(JJFFFZSSS)J+0
j  com.badlogic.gdx.physics.box2d.Body.createFixture(Lcom/badlogic/gdx/physics/box2d/FixtureDef;)Lcom/badlogic/gdx/physics/box2d/Fixture;+49
j  box2D.map00.buildMap(Lcom/badlogic/gdx/physics/box2d/World;)V+1169
j  box2D.maps.chooseMap(I)V+160
j  box2D.box2DCode.create()V+153
j  com.badlogic.gdx.backends.lwjgl.LwjglApplication.mainLoop()V+29
j  com.badlogic.gdx.backends.lwjgl.LwjglApplication$1.run()V+27
v  ~StubRoutines::call_stub

---------------  P R O C E S S  ---------------

Java Threads: ( => current thread )
  0x18a5a400 JavaThread "AsynchExecutor-Thread" daemon [_thread_blocked, id=5008, stack(0x14560000,0x145b0000)]
  0x0058c000 JavaThread "DestroyJavaVM" [_thread_blocked, id=4600, stack(0x018e0000,0x01930000)]
=>0x14840000 JavaThread "LWJGL Application" [_thread_in_native, id=4040, stack(0x14390000,0x143e0000)]
  0x00546000 JavaThread "Service Thread" daemon [_thread_blocked, id=5240, stack(0x145d0000,0x14620000)]
  0x00521800 JavaThread "C1 CompilerThread0" daemon [_thread_blocked, id=5184, stack(0x14510000,0x14560000)]
  0x0051f400 JavaThread "Attach Listener" daemon [_thread_blocked, id=3476, stack(0x14400000,0x14450000)]
  0x0051c400 JavaThread "Signal Dispatcher" daemon [_thread_blocked, id=4004, stack(0x14450000,0x144a0000)]
  0x00514000 JavaThread "Finalizer" daemon [_thread_blocked, id=5580, stack(0x140e0000,0x14130000)]
  0x004b7800 JavaThread "Reference Handler" daemon [_thread_blocked, id=5692, stack(0x14210000,0x14260000)]

Other Threads:
  0x004b3400 VMThread [stack: 0x141c0000,0x14210000] [id=2380]
  0x00553c00 WatcherThread [stack: 0x14670000,0x146c0000] [id=4716]

VM state:not at safepoint (normal execution)

VM Mutex/Monitor currently owned by a thread: None

Heap:
 def new generation   total 4928K, used 4928K [0x03c00000, 0x04150000, 0x09150000)
  eden space 4416K, 100% used [0x03c00000, 0x04050000, 0x04050000)
  from space 512K, 100% used [0x04050000, 0x040d0000, 0x040d0000)
  to   space 512K,   0% used [0x040d0000, 0x040d0000, 0x04150000)
 tenured generation   total 10944K, used 2014K [0x09150000, 0x09c00000, 0x13c00000)
   the space 10944K,  18% used [0x09150000, 0x093478c8, 0x09347a00, 0x09c00000)
 Metaspace       used 2026K, capacity 3987K, committed 4032K, reserved 4480K

Card table byte_map: [0x01850000,0x018e0000] byte_map_base: 0x01832000

Polling page: 0x001f0000

CodeCache: size=32768Kb used=1092Kb max_used=1092Kb free=31675Kb
 bounds [0x01c00000, 0x01d18000, 0x03c00000]
 total_blobs=467 nmethods=213 adapters=186
 compilation: enabled

Compilation events (10 events):
Event: 3.984 Thread 0x00521800  208             java.util.zip.ZipFile::ensureOpen (37 bytes)
Event: 3.985 Thread 0x00521800 nmethod 208 0x01d0e648 code [0x01d0e760, 0x01d0e908]
Event: 3.985 Thread 0x00521800  209             java.util.zip.ZipCoder::getBytes (192 bytes)
Event: 3.986 Thread 0x00521800 nmethod 209 0x01d0ea08 code [0x01d0ec30, 0x01d0f76c]
Event: 3.986 Thread 0x00521800  210             java.util.zip.ZipCoder::encoder (35 bytes)
Event: 3.987 Thread 0x00521800 nmethod 210 0x01d10108 code [0x01d10210, 0x01d102fc]
Event: 3.995 Thread 0x00521800  212             java.lang.String::<init> (10 bytes)
Event: 3.996 Thread 0x00521800 nmethod 212 0x01d10e08 code [0x01d10f00, 0x01d10f90]
Event: 3.996 Thread 0x00521800  213             java.lang.System::getSecurityManager (4 bytes)
Event: 3.996 Thread 0x00521800 nmethod 213 0x01d10fc8 code [0x01d110c0, 0x01d11130]

GC Heap History (4 events):
Event: 2.467 GC heap before
{Heap before GC invocations=0 (full 0):
 def new generation   total 4928K, used 4404K [0x03c00000, 0x04150000, 0x09150000)
  eden space 4416K,  99% used [0x03c00000, 0x0404d180, 0x04050000)
  from space 512K,   0% used [0x04050000, 0x04050000, 0x040d0000)
  to   space 512K,   0% used [0x040d0000, 0x040d0000, 0x04150000)
 tenured generation   total 10944K, used 0K [0x09150000, 0x09c00000, 0x13c00000)
   the space 10944K,   0% used [0x09150000, 0x09150000, 0x09150200, 0x09c00000)
 Metaspace       used 812K, capacity 2824K, committed 2880K, reserved 4480K
Event: 2.473 GC heap after
Heap after GC invocations=1 (full 0):
 def new generation   total 4928K, used 512K [0x03c00000, 0x04150000, 0x09150000)
  eden space 4416K,   0% used [0x03c00000, 0x03c00000, 0x04050000)
  from space 512K, 100% used [0x040d0000, 0x04150000, 0x04150000)
  to   space 512K,   0% used [0x04050000, 0x04050000, 0x040d0000)
 tenured generation   total 10944K, used 772K [0x09150000, 0x09c00000, 0x13c00000)
   the space 10944K,   7% used [0x09150000, 0x092110c8, 0x09211200, 0x09c00000)
 Metaspace       used 812K, capacity 2824K, committed 2880K, reserved 4480K
}
Event: 3.076 GC heap before
{Heap before GC invocations=1 (full 0):
 def new generation   total 4928K, used 4928K [0x03c00000, 0x04150000, 0x09150000)
  eden space 4416K, 100% used [0x03c00000, 0x04050000, 0x04050000)
  from space 512K, 100% used [0x040d0000, 0x04150000, 0x04150000)
  to   space 512K,   0% used [0x04050000, 0x04050000, 0x040d0000)
 tenured generation   total 10944K, used 772K [0x09150000, 0x09c00000, 0x13c00000)
   the space 10944K,   7% used [0x09150000, 0x092110c8, 0x09211200, 0x09c00000)
 Metaspace       used 1830K, capacity 3795K, committed 3904K, reserved 4480K
Event: 3.095 GC heap after
Heap after GC invocations=2 (full 0):
 def new generation   total 4928K, used 512K [0x03c00000, 0x04150000, 0x09150000)
  eden space 4416K,   0% used [0x03c00000, 0x03c00000, 0x04050000)
  from space 512K, 100% used [0x04050000, 0x040d0000, 0x040d0000)
  to   space 512K,   0% used [0x040d0000, 0x040d0000, 0x04150000)
 tenured generation   total 10944K, used 2014K [0x09150000, 0x09c00000, 0x13c00000)
   the space 10944K,  18% used [0x09150000, 0x093478c8, 0x09347a00, 0x09c00000)
 Metaspace       used 1830K, capacity 3795K, committed 3904K, reserved 4480K
}

Deoptimization events (0 events):
No events

Internal exceptions (10 events):
Event: 1.216 Thread 0x0058c000 Exception <a 'org/lwjgl/LWJGLException'> (0x03e34690) thrown at [C:\workspace\8-2-build-windows-i586-cygwin\jdk8u121\8372\hotspot\src\share\vm\prims\jni.cpp, line 709]
Event: 1.216 Thread 0x0058c000 Exception <a 'org/lwjgl/LWJGLException'> (0x03e34c40) thrown at [C:\workspace\8-2-build-windows-i586-cygwin\jdk8u121\8372\hotspot\src\share\vm\prims\jni.cpp, line 709]
Event: 1.217 Thread 0x0058c000 Exception <a 'org/lwjgl/LWJGLException'> (0x03e351a0) thrown at [C:\workspace\8-2-build-windows-i586-cygwin\jdk8u121\8372\hotspot\src\share\vm\prims\jni.cpp, line 709]
Event: 1.217 Thread 0x0058c000 Exception <a 'org/lwjgl/LWJGLException'> (0x03e35678) thrown at [C:\workspace\8-2-build-windows-i586-cygwin\jdk8u121\8372\hotspot\src\share\vm\prims\jni.cpp, line 709]
Event: 1.217 Thread 0x0058c000 Exception <a 'org/lwjgl/LWJGLException'> (0x03e35b10) thrown at [C:\workspace\8-2-build-windows-i586-cygwin\jdk8u121\8372\hotspot\src\share\vm\prims\jni.cpp, line 709]
Event: 1.217 Thread 0x0058c000 Exception <a 'org/lwjgl/LWJGLException'> (0x03e36028) thrown at [C:\workspace\8-2-build-windows-i586-cygwin\jdk8u121\8372\hotspot\src\share\vm\prims\jni.cpp, line 709]
Event: 1.217 Thread 0x0058c000 Exception <a 'org/lwjgl/LWJGLException'> (0x03e365d0) thrown at [C:\workspace\8-2-build-windows-i586-cygwin\jdk8u121\8372\hotspot\src\share\vm\prims\jni.cpp, line 709]
Event: 1.218 Thread 0x0058c000 Exception <a 'org/lwjgl/LWJGLException'> (0x03e36ac0) thrown at [C:\workspace\8-2-build-windows-i586-cygwin\jdk8u121\8372\hotspot\src\share\vm\prims\jni.cpp, line 709]
Event: 1.218 Thread 0x0058c000 Exception <a 'org/lwjgl/LWJGLException'> (0x03e36f38) thrown at [C:\workspace\8-2-build-windows-i586-cygwin\jdk8u121\8372\hotspot\src\share\vm\prims\jni.cpp, line 709]
Event: 1.219 Thread 0x0058c000 Exception <a 'org/lwjgl/LWJGLException'> (0x03e374e0) thrown at [C:\workspace\8-2-build-windows-i586-cygwin\jdk8u121\8372\hotspot\src\share\vm\prims\jni.cpp, line 709]

Events (10 events):
Event: 3.994 loading class com/badlogic/gdx/physics/box2d/PolygonShape
Event: 3.994 loading class com/badlogic/gdx/physics/box2d/PolygonShape done
Event: 3.995 loading class box2D/Materials
Event: 3.995 loading class box2D/Materials done
Event: 3.997 loading class com/badlogic/gdx/graphics/g2d/Sprite
Event: 3.997 loading class com/badlogic/gdx/graphics/g2d/Sprite done
Event: 3.998 Executing VM operation: Deoptimize
Event: 3.998 Executing VM operation: Deoptimize done
Event: 4.002 loading class box2D/Bag$Node
Event: 4.002 loading class box2D/Bag$Node done


Dynamic libraries:
0x01340000 - 0x01373000 	C:\Program Files\Java\jre1.8.0_121\bin\javaw.exe
0x77810000 - 0x7794c000 	C:\Windows\SYSTEM32\ntdll.dll
0x771f0000 - 0x772c4000 	C:\Windows\system32\kernel32.dll
0x75a70000 - 0x75aba000 	C:\Windows\system32\KERNELBASE.dll
0x75fa0000 - 0x76040000 	C:\Windows\system32\ADVAPI32.dll
0x75c60000 - 0x75d0c000 	C:\Windows\system32\msvcrt.dll
0x75d10000 - 0x75d29000 	C:\Windows\SYSTEM32\sechost.dll
0x763c0000 - 0x76461000 	C:\Windows\system32\RPCRT4.dll
0x76090000 - 0x76159000 	C:\Windows\system32\USER32.dll
0x77980000 - 0x779ce000 	C:\Windows\system32\GDI32.dll
0x779d0000 - 0x779da000 	C:\Windows\system32\LPK.dll
0x76500000 - 0x7659d000 	C:\Windows\system32\USP10.dll
0x748f0000 - 0x74a8e000 	C:\Windows\WinSxS\x86_microsoft.windows.common-controls_6595b64144ccf1df_6.0.7600.16385_none_421189da2b7fabfc\COMCTL32.dll
0x76160000 - 0x761b7000 	C:\Windows\system32\SHLWAPI.dll
0x77a20000 - 0x77a3f000 	C:\Windows\system32\IMM32.DLL
0x75ed0000 - 0x75f9c000 	C:\Windows\system32\MSCTF.dll
0x62a40000 - 0x62aff000 	C:\Program Files\Java\jre1.8.0_121\bin\msvcr100.dll
0x62d30000 - 0x630fe000 	C:\Program Files\Java\jre1.8.0_121\bin\client\jvm.dll
0x72110000 - 0x72117000 	C:\Windows\system32\WSOCK32.dll
0x779e0000 - 0x77a15000 	C:\Windows\system32\WS2_32.dll
0x77970000 - 0x77976000 	C:\Windows\system32\NSI.dll
0x70ec0000 - 0x70ef2000 	C:\Windows\system32\WINMM.dll
0x74e60000 - 0x74e69000 	C:\Windows\system32\VERSION.dll
0x77950000 - 0x77955000 	C:\Windows\system32\PSAPI.DLL
0x72b80000 - 0x72b8c000 	C:\Program Files\Java\jre1.8.0_121\bin\verify.dll
0x71a50000 - 0x71a71000 	C:\Program Files\Java\jre1.8.0_121\bin\java.dll
0x72ae0000 - 0x72af3000 	C:\Program Files\Java\jre1.8.0_121\bin\zip.dll
0x765a0000 - 0x771e9000 	C:\Windows\system32\SHELL32.dll
0x772d0000 - 0x7742c000 	C:\Windows\system32\ole32.dll
0x75960000 - 0x7596b000 	C:\Windows\system32\profapi.dll
0x6cec0000 - 0x6cf42000 	C:\Users\HOME\AppData\Local\Temp\libgdxHOME\6df0928e\gdx.dll
0x012d0000 - 0x0131c000 	C:\Users\HOME\AppData\Local\Temp\libgdxHOME\52d76f2b\lwjgl.dll
0x626f0000 - 0x627b8000 	C:\Windows\system32\OPENGL32.dll
0x71330000 - 0x71352000 	C:\Windows\system32\GLU32.dll
0x6beb0000 - 0x6bf97000 	C:\Windows\system32\DDRAW.dll
0x72e60000 - 0x72e66000 	C:\Windows\system32\DCIMAN32.dll
0x77670000 - 0x7780d000 	C:\Windows\system32\SETUPAPI.dll
0x75be0000 - 0x75c07000 	C:\Windows\system32\CFGMGR32.dll
0x76470000 - 0x764ff000 	C:\Windows\system32\OLEAUT32.dll
0x75c10000 - 0x75c22000 	C:\Windows\system32\DEVOBJ.dll
0x74220000 - 0x74233000 	C:\Windows\system32\dwmapi.dll
0x14060000 - 0x140c5000 	C:\Users\HOME\AppData\Local\Temp\libgdxHOME\52d76f2b\OpenAL32.dll
0x758b0000 - 0x758bc000 	C:\Windows\system32\CRYPTBASE.dll
0x74770000 - 0x747b0000 	C:\Windows\system32\uxtheme.dll
0x75e40000 - 0x75ec3000 	C:\Windows\system32\CLBCatQ.DLL
0x747b0000 - 0x748a5000 	C:\Windows\System32\PROPSYS.dll
0x75c30000 - 0x75c5d000 	C:\Windows\system32\WINTRUST.dll
0x75ac0000 - 0x75bdc000 	C:\Windows\system32\CRYPT32.dll
0x759d0000 - 0x759dc000 	C:\Windows\system32\MSASN1.dll
0x66380000 - 0x663f2000 	C:\Windows\system32\dsound.dll
0x74530000 - 0x74555000 	C:\Windows\system32\POWRPROF.dll
0x744f0000 - 0x74529000 	C:\Windows\System32\MMDevApi.dll
0x726e0000 - 0x72716000 	C:\Windows\system32\AUDIOSES.DLL
0x15790000 - 0x15b82000 	C:\Windows\system32\ig4icd32.dll
0x15d90000 - 0x1602a000 	C:\Windows\system32\ig4dev32.dll
0x706d0000 - 0x70749000 	C:\Windows\system32\mscms.dll
0x74fc0000 - 0x74fd7000 	C:\Windows\system32\USERENV.dll
0x695e0000 - 0x69618000 	C:\Windows\system32\icm32.dll
0x72010000 - 0x720fb000 	C:\Windows\system32\dbghelp.dll

VM Arguments:
jvm_args: -Dfile.encoding=Cp1252 
java_command: box2D.Main
java_class_path (initial): C:\Users\HOME\Desktop\videoGameGit\videogameGit\box2DExample\bin;C:\Users\HOME\Desktop\Nueva carpeta (2)\libgdx-0.9.9\gdx.jar;C:\Users\HOME\Desktop\Nueva carpeta (2)\libgdx-0.9.9\gdx-1.7.1.jar;C:\Users\HOME\Desktop\Nueva carpeta (2)\libgdx-0.9.9\gdx-ai-1.7.0.jar;C:\Users\HOME\Desktop\Nueva carpeta (2)\libgdx-0.9.9\gdx-backend-android.jar;C:\Users\HOME\Desktop\Nueva carpeta (2)\libgdx-0.9.9\gdx-backend-gwt.jar;C:\Users\HOME\Desktop\Nueva carpeta (2)\libgdx-0.9.9\gdx-backend-jglfw.jar;C:\Users\HOME\Desktop\Nueva carpeta (2)\libgdx-0.9.9\gdx-backend-jglfw-natives.jar;C:\Users\HOME\Desktop\Nueva carpeta (2)\libgdx-0.9.9\gdx-backend-lwjgl.jar;C:\Users\HOME\Desktop\Nueva carpeta (2)\libgdx-0.9.9\gdx-backend-lwjgl-natives.jar;C:\Users\HOME\Desktop\Nueva carpeta (2)\libgdx-0.9.9\gdx-backend-robovm.jar;C:\Users\HOME\Desktop\Nueva carpeta (2)\libgdx-0.9.9\gdx-natives.jar;C:\Users\HOME\Desktop\Nueva carpeta (2)\libgdx-0.9.9\gdx-openal.jar;C:\Users\HOME\Desktop\Nueva carpeta (2)\libgdx-0.9.9\gdx-pe-loader-1.1.0.jar;C:\Users\HOME\Desktop\Nueva carpeta (2)\libgdx-0.9.9\gdx-pe-loader-1.1.0-sources.jar;C:\Users\HOME\Desktop\Nueva carpeta (2)\libgdx-0.9.9\gdx-setup.jar;C:\Users\HOME\Desktop\Nueva carpeta (2)\libgdx-0.9.9\gdx-setup-ui.jar
Launcher Type: SUN_STANDARD

Environment Variables:
PATH=C:/Program Files/Java/jre1.8.0_121/bin/client;C:/Program Files/Java/jre1.8.0_121/bin;C:/Program Files/Java/jre1.8.0_121/lib/i386;C:\ProgramData\Oracle\Java\javapath;C:\Windows\system32;C:\Windows;C:\Windows\System32\Wbem;C:\Windows\System32\WindowsPowerShell\v1.0\;C:\Program Files\eclipse;
USERNAME=HOME
OS=Windows_NT
PROCESSOR_IDENTIFIER=x86 Family 6 Model 15 Stepping 13, GenuineIntel



---------------  S Y S T E M  ---------------

OS: Windows 7 Build 7600 (6.1.7600.16385)

CPU:total 2 (2 cores per cpu, 1 threads per core) family 6 model 15 stepping 13, cmov, cx8, fxsr, mmx, sse, sse2, sse3, ssse3, tsc

Memory: 4k page, physical 2087160k(511700k free), swap 4174320k(2006792k free)

vm_info: Java HotSpot(TM) Client VM (25.121-b13) for windows-x86 JRE (1.8.0_121-b13), built on Dec 12 2016 18:17:00 by "java_re" with MS VC++ 10.0 (VS2010)

time: Fri Dec 07 15:10:40 2018
elapsed time: 4 seconds (0d 0h 0m 4s)

