#
# A fatal error has been detected by the Java Runtime Environment:
#
#  EXCEPTION_ACCESS_VIOLATION (0xc0000005) at pc=0x417b999a, pid=3964, tid=0x000010a8
#
# JRE version: Java(TM) SE Runtime Environment (8.0_121-b13) (build 1.8.0_121-b13)
# Java VM: Java HotSpot(TM) Client VM (25.121-b13 mixed mode, sharing windows-x86 )
# Problematic frame:
# C  0x417b999a
#
# Failed to write core dump. Minidumps are not enabled by default on client versions of Windows
#
# If you would like to submit a bug report, please visit:
#   http://bugreport.java.com/bugreport/crash.jsp
# The crash happened outside the Java Virtual Machine in native code.
# See problematic frame for where to report the bug.
#

---------------  T H R E A D  ---------------

Current thread (0x1478a000):  JavaThread "LWJGL Application" [_thread_in_native, id=4264, stack(0x14ca0000,0x14cf0000)]

siginfo: ExceptionCode=0xc0000005, ExceptionInformation=0x00000008 0x417b999a

Registers:
EAX=0x0042ff50, EBX=0x14872f98, ECX=0x14876180, EDX=0x1484a2a0
ESP=0x14cef4ac, EBP=0x14830c18, ESI=0x14876180, EDI=0x14cef514
EIP=0x417b999a, EFLAGS=0x00010202

Top of Stack: (sp=0x14cef4ac)
0x14cef4ac:   6cee0256 0042ff50 14830c18 13e83340
0x14cef4bc:   14cef4ec 13e84c58 00000000 13e833d0
0x14cef4cc:   14872f98 14830c18 14876180 14cef598
0x14cef4dc:   6cedf285 14876180 14830c18 14872f98
0x14cef4ec:   14cef514 13fd18a8 13fd18a8 1478a000
0x14cef4fc:   6cee8834 14872f98 14cef514 00000000
0x14cef50c:   14cef538 14cef58c 0042ff50 00000000
0x14cef51c:   00000000 00000000 00000000 00010000 

Instructions: (pc=0x417b999a)
0x417b997a:   
[error occurred during error reporting (printing registers, top of stack, instructions near pc), id 0xc0000005]

Register to memory mapping:

EAX=0x0042ff50 is an unknown value
EBX=0x14872f98 is an unknown value
ECX=0x14876180 is an unknown value
EDX=0x1484a2a0 is an unknown value
ESP=0x14cef4ac is pointing into the stack for thread: 0x1478a000
EBP=0x14830c18 is an unknown value
ESI=0x14876180 is an unknown value
EDI=0x14cef514 is pointing into the stack for thread: 0x1478a000


Stack: [0x14ca0000,0x14cf0000],  sp=0x14cef4ac,  free space=317k
Native frames: (J=compiled Java code, j=interpreted, Vv=VM code, C=native code)
C  0x417b999a

Java frames: (J=compiled Java code, j=interpreted, Vv=VM code)
j  com.badlogic.gdx.physics.box2d.Body.jniCreateFixture(JJFFFZSSS)J+0
j  com.badlogic.gdx.physics.box2d.Body.createFixture(Lcom/badlogic/gdx/physics/box2d/FixtureDef;)Lcom/badlogic/gdx/physics/box2d/Fixture;+49
j  box2D.map00.buildMap(Lcom/badlogic/gdx/physics/box2d/World;)V+1381
j  box2D.maps.chooseMap(I)V+160
j  box2D.box2DCode.create()V+153
j  com.badlogic.gdx.backends.lwjgl.LwjglApplication.mainLoop()V+29
j  com.badlogic.gdx.backends.lwjgl.LwjglApplication$1.run()V+27
v  ~StubRoutines::call_stub

---------------  P R O C E S S  ---------------

Java Threads: ( => current thread )
  0x1884dc00 JavaThread "AsynchExecutor-Thread" daemon [_thread_blocked, id=5608, stack(0x14580000,0x145d0000)]
  0x0041c000 JavaThread "DestroyJavaVM" [_thread_blocked, id=6088, stack(0x003c0000,0x00410000)]
=>0x1478a000 JavaThread "LWJGL Application" [_thread_in_native, id=4264, stack(0x14ca0000,0x14cf0000)]
  0x0160a000 JavaThread "Service Thread" daemon [_thread_blocked, id=4220, stack(0x14330000,0x14380000)]
  0x015e5800 JavaThread "C1 CompilerThread0" daemon [_thread_blocked, id=6104, stack(0x14170000,0x141c0000)]
  0x015e3800 JavaThread "Attach Listener" daemon [_thread_blocked, id=4756, stack(0x144c0000,0x14510000)]
  0x015e0800 JavaThread "Signal Dispatcher" daemon [_thread_blocked, id=804, stack(0x14390000,0x143e0000)]
  0x015d4000 JavaThread "Finalizer" daemon [_thread_blocked, id=5136, stack(0x141e0000,0x14230000)]
  0x01577800 JavaThread "Reference Handler" daemon [_thread_blocked, id=344, stack(0x142b0000,0x14300000)]

Other Threads:
  0x01573400 VMThread [stack: 0x14250000,0x142a0000] [id=5140]
  0x01614400 WatcherThread [stack: 0x145d0000,0x14620000] [id=1204]

VM state:not at safepoint (normal execution)

VM Mutex/Monitor currently owned by a thread: None

Heap:
 def new generation   total 4928K, used 4928K [0x03c00000, 0x04150000, 0x09150000)
  eden space 4416K, 100% used [0x03c00000, 0x04050000, 0x04050000)
  from space 512K, 100% used [0x04050000, 0x040d0000, 0x040d0000)
  to   space 512K,   0% used [0x040d0000, 0x040d0000, 0x04150000)
 tenured generation   total 10944K, used 2014K [0x09150000, 0x09c00000, 0x13c00000)
   the space 10944K,  18% used [0x09150000, 0x093478c8, 0x09347a00, 0x09c00000)
 Metaspace       used 2027K, capacity 3987K, committed 4032K, reserved 4480K

Card table byte_map: [0x03b00000,0x03b90000] byte_map_base: 0x03ae2000

Polling page: 0x00350000

CodeCache: size=32768Kb used=1093Kb max_used=1093Kb free=31674Kb
 bounds [0x01a80000, 0x01b98000, 0x03a80000]
 total_blobs=467 nmethods=213 adapters=186
 compilation: enabled

Compilation events (10 events):
Event: 1.276 Thread 0x015e5800  208             java.util.zip.ZipFile::ensureOpen (37 bytes)
Event: 1.276 Thread 0x015e5800 nmethod 208 0x01b8e7c8 code [0x01b8e8e0, 0x01b8ea88]
Event: 1.276 Thread 0x015e5800  209             java.util.zip.ZipCoder::getBytes (192 bytes)
Event: 1.278 Thread 0x015e5800 nmethod 209 0x01b8eb88 code [0x01b8edb0, 0x01b8f8ec]
Event: 1.278 Thread 0x015e5800  210             java.util.zip.ZipCoder::encoder (35 bytes)
Event: 1.279 Thread 0x015e5800 nmethod 210 0x01b90288 code [0x01b90390, 0x01b9047c]
Event: 1.285 Thread 0x015e5800  212             java.lang.String::<init> (10 bytes)
Event: 1.285 Thread 0x015e5800 nmethod 212 0x01b90f88 code [0x01b91080, 0x01b91110]
Event: 1.285 Thread 0x015e5800  213             java.lang.System::getSecurityManager (4 bytes)
Event: 1.285 Thread 0x015e5800 nmethod 213 0x01b91148 code [0x01b91240, 0x01b912b0]

GC Heap History (4 events):
Event: 0.707 GC heap before
{Heap before GC invocations=0 (full 0):
 def new generation   total 4928K, used 4404K [0x03c00000, 0x04150000, 0x09150000)
  eden space 4416K,  99% used [0x03c00000, 0x0404d1a0, 0x04050000)
  from space 512K,   0% used [0x04050000, 0x04050000, 0x040d0000)
  to   space 512K,   0% used [0x040d0000, 0x040d0000, 0x04150000)
 tenured generation   total 10944K, used 0K [0x09150000, 0x09c00000, 0x13c00000)
   the space 10944K,   0% used [0x09150000, 0x09150000, 0x09150200, 0x09c00000)
 Metaspace       used 812K, capacity 2824K, committed 2880K, reserved 4480K
Event: 0.713 GC heap after
Heap after GC invocations=1 (full 0):
 def new generation   total 4928K, used 512K [0x03c00000, 0x04150000, 0x09150000)
  eden space 4416K,   0% used [0x03c00000, 0x03c00000, 0x04050000)
  from space 512K, 100% used [0x040d0000, 0x04150000, 0x04150000)
  to   space 512K,   0% used [0x04050000, 0x04050000, 0x040d0000)
 tenured generation   total 10944K, used 772K [0x09150000, 0x09c00000, 0x13c00000)
   the space 10944K,   7% used [0x09150000, 0x092110c8, 0x09211200, 0x09c00000)
 Metaspace       used 812K, capacity 2824K, committed 2880K, reserved 4480K
}
Event: 1.019 GC heap before
{Heap before GC invocations=1 (full 0):
 def new generation   total 4928K, used 4928K [0x03c00000, 0x04150000, 0x09150000)
  eden space 4416K, 100% used [0x03c00000, 0x04050000, 0x04050000)
  from space 512K, 100% used [0x040d0000, 0x04150000, 0x04150000)
  to   space 512K,   0% used [0x04050000, 0x04050000, 0x040d0000)
 tenured generation   total 10944K, used 772K [0x09150000, 0x09c00000, 0x13c00000)
   the space 10944K,   7% used [0x09150000, 0x092110c8, 0x09211200, 0x09c00000)
 Metaspace       used 1831K, capacity 3795K, committed 3904K, reserved 4480K
Event: 1.025 GC heap after
Heap after GC invocations=2 (full 0):
 def new generation   total 4928K, used 512K [0x03c00000, 0x04150000, 0x09150000)
  eden space 4416K,   0% used [0x03c00000, 0x03c00000, 0x04050000)
  from space 512K, 100% used [0x04050000, 0x040d0000, 0x040d0000)
  to   space 512K,   0% used [0x040d0000, 0x040d0000, 0x04150000)
 tenured generation   total 10944K, used 2014K [0x09150000, 0x09c00000, 0x13c00000)
   the space 10944K,  18% used [0x09150000, 0x093478c8, 0x09347a00, 0x09c00000)
 Metaspace       used 1831K, capacity 3795K, committed 3904K, reserved 4480K
}

Deoptimization events (0 events):
No events

Internal exceptions (10 events):
Event: 0.391 Thread 0x0041c000 Exception <a 'org/lwjgl/LWJGLException'> (0x03e34690) thrown at [C:\workspace\8-2-build-windows-i586-cygwin\jdk8u121\8372\hotspot\src\share\vm\prims\jni.cpp, line 709]
Event: 0.391 Thread 0x0041c000 Exception <a 'org/lwjgl/LWJGLException'> (0x03e34c40) thrown at [C:\workspace\8-2-build-windows-i586-cygwin\jdk8u121\8372\hotspot\src\share\vm\prims\jni.cpp, line 709]
Event: 0.391 Thread 0x0041c000 Exception <a 'org/lwjgl/LWJGLException'> (0x03e351a0) thrown at [C:\workspace\8-2-build-windows-i586-cygwin\jdk8u121\8372\hotspot\src\share\vm\prims\jni.cpp, line 709]
Event: 0.391 Thread 0x0041c000 Exception <a 'org/lwjgl/LWJGLException'> (0x03e35678) thrown at [C:\workspace\8-2-build-windows-i586-cygwin\jdk8u121\8372\hotspot\src\share\vm\prims\jni.cpp, line 709]
Event: 0.392 Thread 0x0041c000 Exception <a 'org/lwjgl/LWJGLException'> (0x03e35b10) thrown at [C:\workspace\8-2-build-windows-i586-cygwin\jdk8u121\8372\hotspot\src\share\vm\prims\jni.cpp, line 709]
Event: 0.392 Thread 0x0041c000 Exception <a 'org/lwjgl/LWJGLException'> (0x03e36028) thrown at [C:\workspace\8-2-build-windows-i586-cygwin\jdk8u121\8372\hotspot\src\share\vm\prims\jni.cpp, line 709]
Event: 0.392 Thread 0x0041c000 Exception <a 'org/lwjgl/LWJGLException'> (0x03e365d0) thrown at [C:\workspace\8-2-build-windows-i586-cygwin\jdk8u121\8372\hotspot\src\share\vm\prims\jni.cpp, line 709]
Event: 0.393 Thread 0x0041c000 Exception <a 'org/lwjgl/LWJGLException'> (0x03e36ac0) thrown at [C:\workspace\8-2-build-windows-i586-cygwin\jdk8u121\8372\hotspot\src\share\vm\prims\jni.cpp, line 709]
Event: 0.393 Thread 0x0041c000 Exception <a 'org/lwjgl/LWJGLException'> (0x03e36f38) thrown at [C:\workspace\8-2-build-windows-i586-cygwin\jdk8u121\8372\hotspot\src\share\vm\prims\jni.cpp, line 709]
Event: 0.394 Thread 0x0041c000 Exception <a 'org/lwjgl/LWJGLException'> (0x03e374e0) thrown at [C:\workspace\8-2-build-windows-i586-cygwin\jdk8u121\8372\hotspot\src\share\vm\prims\jni.cpp, line 709]

Events (10 events):
Event: 1.284 loading class com/badlogic/gdx/physics/box2d/PolygonShape
Event: 1.284 loading class com/badlogic/gdx/physics/box2d/PolygonShape done
Event: 1.285 loading class box2D/Materials
Event: 1.285 loading class box2D/Materials done
Event: 1.286 loading class com/badlogic/gdx/graphics/g2d/Sprite
Event: 1.286 loading class com/badlogic/gdx/graphics/g2d/Sprite done
Event: 1.287 Executing VM operation: Deoptimize
Event: 1.288 Executing VM operation: Deoptimize done
Event: 1.291 loading class box2D/Bag$Node
Event: 1.291 loading class box2D/Bag$Node done


Dynamic libraries:
0x01170000 - 0x011a3000 	C:\Program Files\Java\jre1.8.0_121\bin\javaw.exe
0x77c30000 - 0x77d6c000 	C:\Windows\SYSTEM32\ntdll.dll
0x778b0000 - 0x77984000 	C:\Windows\system32\kernel32.dll
0x75e90000 - 0x75eda000 	C:\Windows\system32\KERNELBASE.dll
0x77470000 - 0x77510000 	C:\Windows\system32\ADVAPI32.dll
0x76330000 - 0x763dc000 	C:\Windows\system32\msvcrt.dll
0x77da0000 - 0x77db9000 	C:\Windows\SYSTEM32\sechost.dll
0x77b80000 - 0x77c21000 	C:\Windows\system32\RPCRT4.dll
0x76580000 - 0x76649000 	C:\Windows\system32\USER32.dll
0x76720000 - 0x7676e000 	C:\Windows\system32\GDI32.dll
0x77d90000 - 0x77d9a000 	C:\Windows\system32\LPK.dll
0x76290000 - 0x7632d000 	C:\Windows\system32\USP10.dll
0x74d10000 - 0x74eae000 	C:\Windows\WinSxS\x86_microsoft.windows.common-controls_6595b64144ccf1df_6.0.7600.16385_none_421189da2b7fabfc\COMCTL32.dll
0x77410000 - 0x77467000 	C:\Windows\system32\SHLWAPI.dll
0x77d70000 - 0x77d8f000 	C:\Windows\system32\IMM32.DLL
0x76650000 - 0x7671c000 	C:\Windows\system32\MSCTF.dll
0x68780000 - 0x6883f000 	C:\Program Files\Java\jre1.8.0_121\bin\msvcr100.dll
0x5bde0000 - 0x5c1ae000 	C:\Program Files\Java\jre1.8.0_121\bin\client\jvm.dll
0x72520000 - 0x72527000 	C:\Windows\system32\WSOCK32.dll
0x773d0000 - 0x77405000 	C:\Windows\system32\WS2_32.dll
0x76080000 - 0x76086000 	C:\Windows\system32\NSI.dll
0x70740000 - 0x70772000 	C:\Windows\system32\WINMM.dll
0x75280000 - 0x75289000 	C:\Windows\system32\VERSION.dll
0x77dc0000 - 0x77dc5000 	C:\Windows\system32\PSAPI.DLL
0x70670000 - 0x7067c000 	C:\Program Files\Java\jre1.8.0_121\bin\verify.dll
0x60fb0000 - 0x60fd1000 	C:\Program Files\Java\jre1.8.0_121\bin\java.dll
0x705e0000 - 0x705f3000 	C:\Program Files\Java\jre1.8.0_121\bin\zip.dll
0x76780000 - 0x773c9000 	C:\Windows\system32\SHELL32.dll
0x77510000 - 0x7766c000 	C:\Windows\system32\ole32.dll
0x75d80000 - 0x75d8b000 	C:\Windows\system32\profapi.dll
0x6cec0000 - 0x6cf42000 	C:\Users\HOME\AppData\Local\Temp\libgdxHOME\6df0928e\gdx.dll
0x143e0000 - 0x1442c000 	C:\Users\HOME\AppData\Local\Temp\libgdxHOME\52d76f2b\lwjgl.dll
0x68a70000 - 0x68b38000 	C:\Windows\system32\OPENGL32.dll
0x68a40000 - 0x68a62000 	C:\Windows\system32\GLU32.dll
0x61820000 - 0x61907000 	C:\Windows\system32\DDRAW.dll
0x6f7e0000 - 0x6f7e6000 	C:\Windows\system32\DCIMAN32.dll
0x763e0000 - 0x7657d000 	C:\Windows\system32\SETUPAPI.dll
0x76050000 - 0x76077000 	C:\Windows\system32\CFGMGR32.dll
0x77dd0000 - 0x77e5f000 	C:\Windows\system32\OLEAUT32.dll
0x76030000 - 0x76042000 	C:\Windows\system32\DEVOBJ.dll
0x74860000 - 0x74873000 	C:\Windows\system32\dwmapi.dll
0x14430000 - 0x14495000 	C:\Users\HOME\AppData\Local\Temp\libgdxHOME\52d76f2b\OpenAL32.dll
0x75cd0000 - 0x75cdc000 	C:\Windows\system32\CRYPTBASE.dll
0x74b90000 - 0x74bd0000 	C:\Windows\system32\uxtheme.dll
0x776f0000 - 0x77773000 	C:\Windows\system32\CLBCatQ.DLL
0x74bd0000 - 0x74cc5000 	C:\Windows\System32\PROPSYS.dll
0x75ee0000 - 0x75f0d000 	C:\Windows\system32\WINTRUST.dll
0x75f10000 - 0x7602c000 	C:\Windows\system32\CRYPT32.dll
0x75df0000 - 0x75dfc000 	C:\Windows\system32\MSASN1.dll
0x67ab0000 - 0x67b22000 	C:\Windows\system32\dsound.dll
0x74670000 - 0x74695000 	C:\Windows\system32\POWRPROF.dll
0x74880000 - 0x748b9000 	C:\Windows\System32\MMDevApi.dll
0x74230000 - 0x74266000 	C:\Windows\system32\AUDIOSES.DLL
0x15710000 - 0x15b02000 	C:\Windows\system32\ig4icd32.dll
0x15c10000 - 0x15eaa000 	C:\Windows\system32\ig4dev32.dll
0x6d2d0000 - 0x6d349000 	C:\Windows\system32\mscms.dll
0x753e0000 - 0x753f7000 	C:\Windows\system32\USERENV.dll
0x68a00000 - 0x68a38000 	C:\Windows\system32\icm32.dll
0x72390000 - 0x7247b000 	C:\Windows\system32\dbghelp.dll

VM Arguments:
jvm_args: -Dfile.encoding=Cp1252 
java_command: box2D.Main
java_class_path (initial): C:\Users\HOME\Desktop\videoGameGit\videogameGit\box2DExample\bin;C:\Users\HOME\Desktop\Nueva carpeta (2)\libgdx-0.9.9\gdx.jar;C:\Users\HOME\Desktop\Nueva carpeta (2)\libgdx-0.9.9\gdx-1.7.1.jar;C:\Users\HOME\Desktop\Nueva carpeta (2)\libgdx-0.9.9\gdx-ai-1.7.0.jar;C:\Users\HOME\Desktop\Nueva carpeta (2)\libgdx-0.9.9\gdx-backend-android.jar;C:\Users\HOME\Desktop\Nueva carpeta (2)\libgdx-0.9.9\gdx-backend-gwt.jar;C:\Users\HOME\Desktop\Nueva carpeta (2)\libgdx-0.9.9\gdx-backend-jglfw.jar;C:\Users\HOME\Desktop\Nueva carpeta (2)\libgdx-0.9.9\gdx-backend-jglfw-natives.jar;C:\Users\HOME\Desktop\Nueva carpeta (2)\libgdx-0.9.9\gdx-backend-lwjgl.jar;C:\Users\HOME\Desktop\Nueva carpeta (2)\libgdx-0.9.9\gdx-backend-lwjgl-natives.jar;C:\Users\HOME\Desktop\Nueva carpeta (2)\libgdx-0.9.9\gdx-backend-robovm.jar;C:\Users\HOME\Desktop\Nueva carpeta (2)\libgdx-0.9.9\gdx-natives.jar;C:\Users\HOME\Desktop\Nueva carpeta (2)\libgdx-0.9.9\gdx-openal.jar;C:\Users\HOME\Desktop\Nueva carpeta (2)\libgdx-0.9.9\gdx-pe-loader-1.1.0.jar;C:\Users\HOME\Desktop\Nueva carpeta (2)\libgdx-0.9.9\gdx-pe-loader-1.1.0-sources.jar;C:\Users\HOME\Desktop\Nueva carpeta (2)\libgdx-0.9.9\gdx-setup.jar;C:\Users\HOME\Desktop\Nueva carpeta (2)\libgdx-0.9.9\gdx-setup-ui.jar
Launcher Type: SUN_STANDARD

Environment Variables:
PATH=C:/Program Files/Java/jre1.8.0_121/bin/client;C:/Program Files/Java/jre1.8.0_121/bin;C:/Program Files/Java/jre1.8.0_121/lib/i386;C:\ProgramData\Oracle\Java\javapath;C:\Windows\system32;C:\Windows;C:\Windows\System32\Wbem;C:\Windows\System32\WindowsPowerShell\v1.0\;C:\Program Files\eclipse;
USERNAME=HOME
OS=Windows_NT
PROCESSOR_IDENTIFIER=x86 Family 6 Model 15 Stepping 13, GenuineIntel



---------------  S Y S T E M  ---------------

OS: Windows 7 Build 7600 (6.1.7600.16385)

CPU:total 2 (2 cores per cpu, 1 threads per core) family 6 model 15 stepping 13, cmov, cx8, fxsr, mmx, sse, sse2, sse3, ssse3, tsc

Memory: 4k page, physical 2087160k(746220k free), swap 4174320k(1895448k free)

vm_info: Java HotSpot(TM) Client VM (25.121-b13) for windows-x86 JRE (1.8.0_121-b13), built on Dec 12 2016 18:17:00 by "java_re" with MS VC++ 10.0 (VS2010)

time: Fri Dec 07 19:46:16 2018
elapsed time: 1 seconds (0d 0h 0m 1s)

