#
# A fatal error has been detected by the Java Runtime Environment:
#
#  EXCEPTION_ACCESS_VIOLATION (0xc0000005) at pc=0x417b999a, pid=5972, tid=0x0000080c
#
# JRE version: Java(TM) SE Runtime Environment (8.0_121-b13) (build 1.8.0_121-b13)
# Java VM: Java HotSpot(TM) Client VM (25.121-b13 mixed mode, sharing windows-x86 )
# Problematic frame:
# C  0x417b999a
#
# Failed to write core dump. Minidumps are not enabled by default on client versions of Windows
#
# If you would like to submit a bug report, please visit:
#   http://bugreport.java.com/bugreport/crash.jsp
# The crash happened outside the Java Virtual Machine in native code.
# See problematic frame for where to report the bug.
#

---------------  T H R E A D  ---------------

Current thread (0x147e9400):  JavaThread "LWJGL Application" [_thread_in_native, id=2060, stack(0x15560000,0x155b0000)]

siginfo: ExceptionCode=0xc0000005, ExceptionInformation=0x00000008 0x417b999a

Registers:
EAX=0x0045ff50, EBX=0x144730d8, ECX=0x144761c0, EDX=0x1444a2a0
ESP=0x155aef7c, EBP=0x14430c18, ESI=0x144761c0, EDI=0x155aefe4
EIP=0x417b999a, EFLAGS=0x00010202

Top of Stack: (sp=0x155aef7c)
0x155aef7c:   6cee0256 0045ff50 14430c18 13f13340
0x155aef8c:   155aefbc 13f14c58 00000000 13f133d0
0x155aef9c:   144730d8 14430c18 144761c0 155af068
0x155aefac:   6cedf285 144761c0 14430c18 144730d8
0x155aefbc:   155aefe4 140618a8 140618a8 147e9400
0x155aefcc:   6cee8834 144730d8 155aefe4 00000000
0x155aefdc:   155af008 155af05c 0045ff50 00000000
0x155aefec:   00000000 00000000 00000000 00010000 

Instructions: (pc=0x417b999a)
0x417b997a:   
[error occurred during error reporting (printing registers, top of stack, instructions near pc), id 0xc0000005]

Register to memory mapping:

EAX=0x0045ff50 is an unknown value
EBX=0x144730d8 is an unknown value
ECX=0x144761c0 is an unknown value
EDX=0x1444a2a0 is an unknown value
ESP=0x155aef7c is pointing into the stack for thread: 0x147e9400
EBP=0x14430c18 is an unknown value
ESI=0x144761c0 is an unknown value
EDI=0x155aefe4 is pointing into the stack for thread: 0x147e9400


Stack: [0x15560000,0x155b0000],  sp=0x155aef7c,  free space=315k
Native frames: (J=compiled Java code, j=interpreted, Vv=VM code, C=native code)
C  0x417b999a

Java frames: (J=compiled Java code, j=interpreted, Vv=VM code)
j  com.badlogic.gdx.physics.box2d.Body.jniCreateFixture(JJFFFZSSS)J+0
j  com.badlogic.gdx.physics.box2d.Body.createFixture(Lcom/badlogic/gdx/physics/box2d/FixtureDef;)Lcom/badlogic/gdx/physics/box2d/Fixture;+49
j  box2D.map00.buildMap(Lcom/badlogic/gdx/physics/box2d/World;)V+1408
j  box2D.maps.chooseMap(I)V+160
j  box2D.box2DCode.create()V+153
j  com.badlogic.gdx.backends.lwjgl.LwjglApplication.mainLoop()V+29
j  com.badlogic.gdx.backends.lwjgl.LwjglApplication$1.run()V+27
v  ~StubRoutines::call_stub

---------------  P R O C E S S  ---------------

Java Threads: ( => current thread )
  0x18922800 JavaThread "AsynchExecutor-Thread" daemon [_thread_blocked, id=4044, stack(0x19010000,0x19060000)]
  0x0123c000 JavaThread "DestroyJavaVM" [_thread_blocked, id=5084, stack(0x001f0000,0x00240000)]
=>0x147e9400 JavaThread "LWJGL Application" [_thread_in_native, id=2060, stack(0x15560000,0x155b0000)]
  0x01771400 JavaThread "Service Thread" daemon [_thread_blocked, id=6020, stack(0x14620000,0x14670000)]
  0x01751800 JavaThread "C1 CompilerThread0" daemon [_thread_blocked, id=5104, stack(0x14330000,0x14380000)]
  0x0174f400 JavaThread "Attach Listener" daemon [_thread_blocked, id=3512, stack(0x14540000,0x14590000)]
  0x0174c400 JavaThread "Signal Dispatcher" daemon [_thread_blocked, id=4504, stack(0x143d0000,0x14420000)]
  0x01743c00 JavaThread "Finalizer" daemon [_thread_blocked, id=5016, stack(0x142b0000,0x14300000)]
  0x016e7800 JavaThread "Reference Handler" daemon [_thread_blocked, id=5932, stack(0x001a0000,0x001f0000)]

Other Threads:
  0x016e3400 VMThread [stack: 0x14130000,0x14180000] [id=4548]
  0x01783c00 WatcherThread [stack: 0x145c0000,0x14610000] [id=5276]

VM state:not at safepoint (normal execution)

VM Mutex/Monitor currently owned by a thread: None

Heap:
 def new generation   total 4928K, used 561K [0x03c00000, 0x04150000, 0x09150000)
  eden space 4416K,   1% used [0x03c00000, 0x03c0c4c8, 0x04050000)
  from space 512K, 100% used [0x040d0000, 0x04150000, 0x04150000)
  to   space 512K,   0% used [0x04050000, 0x04050000, 0x040d0000)
 tenured generation   total 10944K, used 3070K [0x09150000, 0x09c00000, 0x13c00000)
   the space 10944K,  28% used [0x09150000, 0x0944fa18, 0x0944fc00, 0x09c00000)
 Metaspace       used 2027K, capacity 3987K, committed 4032K, reserved 4480K

Card table byte_map: [0x13c00000,0x13c90000] byte_map_base: 0x13be2000

Polling page: 0x00120000

CodeCache: size=32768Kb used=1094Kb max_used=1094Kb free=31673Kb
 bounds [0x01b80000, 0x01c98000, 0x03b80000]
 total_blobs=469 nmethods=215 adapters=186
 compilation: enabled

Compilation events (10 events):
Event: 1.262 Thread 0x01751800  210             java.util.zip.ZipCoder::getBytes (192 bytes)
Event: 1.264 Thread 0x01751800 nmethod 210 0x01c8ed08 code [0x01c8ef30, 0x01c8fa6c]
Event: 1.264 Thread 0x01751800  211             java.util.zip.ZipCoder::encoder (35 bytes)
Event: 1.264 Thread 0x01751800 nmethod 211 0x01c90408 code [0x01c90510, 0x01c905fc]
Event: 1.270 Thread 0x01751800  213             java.lang.String::<init> (10 bytes)
Event: 1.270 Thread 0x01751800 nmethod 213 0x01c91108 code [0x01c91200, 0x01c91290]
Event: 1.270 Thread 0x01751800  214             java.lang.System::getSecurityManager (4 bytes)
Event: 1.270 Thread 0x01751800 nmethod 214 0x01c912c8 code [0x01c913c0, 0x01c91430]
Event: 1.296 Thread 0x01751800  215             com.badlogic.gdx.utils.Array::<init> (21 bytes)
Event: 1.302 Thread 0x01751800 nmethod 215 0x01c916c8 code [0x01c917c0, 0x01c918d0]

GC Heap History (6 events):
Event: 0.671 GC heap before
{Heap before GC invocations=0 (full 0):
 def new generation   total 4928K, used 4404K [0x03c00000, 0x04150000, 0x09150000)
  eden space 4416K,  99% used [0x03c00000, 0x0404d180, 0x04050000)
  from space 512K,   0% used [0x04050000, 0x04050000, 0x040d0000)
  to   space 512K,   0% used [0x040d0000, 0x040d0000, 0x04150000)
 tenured generation   total 10944K, used 0K [0x09150000, 0x09c00000, 0x13c00000)
   the space 10944K,   0% used [0x09150000, 0x09150000, 0x09150200, 0x09c00000)
 Metaspace       used 812K, capacity 2824K, committed 2880K, reserved 4480K
Event: 0.677 GC heap after
Heap after GC invocations=1 (full 0):
 def new generation   total 4928K, used 512K [0x03c00000, 0x04150000, 0x09150000)
  eden space 4416K,   0% used [0x03c00000, 0x03c00000, 0x04050000)
  from space 512K, 100% used [0x040d0000, 0x04150000, 0x04150000)
  to   space 512K,   0% used [0x04050000, 0x04050000, 0x040d0000)
 tenured generation   total 10944K, used 772K [0x09150000, 0x09c00000, 0x13c00000)
   the space 10944K,   7% used [0x09150000, 0x092110c8, 0x09211200, 0x09c00000)
 Metaspace       used 812K, capacity 2824K, committed 2880K, reserved 4480K
}
Event: 0.948 GC heap before
{Heap before GC invocations=1 (full 0):
 def new generation   total 4928K, used 4928K [0x03c00000, 0x04150000, 0x09150000)
  eden space 4416K, 100% used [0x03c00000, 0x04050000, 0x04050000)
  from space 512K, 100% used [0x040d0000, 0x04150000, 0x04150000)
  to   space 512K,   0% used [0x04050000, 0x04050000, 0x040d0000)
 tenured generation   total 10944K, used 772K [0x09150000, 0x09c00000, 0x13c00000)
   the space 10944K,   7% used [0x09150000, 0x092110c8, 0x09211200, 0x09c00000)
 Metaspace       used 1831K, capacity 3795K, committed 3904K, reserved 4480K
Event: 0.954 GC heap after
Heap after GC invocations=2 (full 0):
 def new generation   total 4928K, used 512K [0x03c00000, 0x04150000, 0x09150000)
  eden space 4416K,   0% used [0x03c00000, 0x03c00000, 0x04050000)
  from space 512K, 100% used [0x04050000, 0x040d0000, 0x040d0000)
  to   space 512K,   0% used [0x040d0000, 0x040d0000, 0x04150000)
 tenured generation   total 10944K, used 2014K [0x09150000, 0x09c00000, 0x13c00000)
   the space 10944K,  18% used [0x09150000, 0x093478c8, 0x09347a00, 0x09c00000)
 Metaspace       used 1831K, capacity 3795K, committed 3904K, reserved 4480K
}
Event: 1.296 GC heap before
{Heap before GC invocations=2 (full 0):
 def new generation   total 4928K, used 4928K [0x03c00000, 0x04150000, 0x09150000)
  eden space 4416K, 100% used [0x03c00000, 0x04050000, 0x04050000)
  from space 512K, 100% used [0x04050000, 0x040d0000, 0x040d0000)
  to   space 512K,   0% used [0x040d0000, 0x040d0000, 0x04150000)
 tenured generation   total 10944K, used 2014K [0x09150000, 0x09c00000, 0x13c00000)
   the space 10944K,  18% used [0x09150000, 0x093478c8, 0x09347a00, 0x09c00000)
 Metaspace       used 2027K, capacity 3987K, committed 4032K, reserved 4480K
Event: 1.302 GC heap after
Heap after GC invocations=3 (full 0):
 def new generation   total 4928K, used 512K [0x03c00000, 0x04150000, 0x09150000)
  eden space 4416K,   0% used [0x03c00000, 0x03c00000, 0x04050000)
  from space 512K, 100% used [0x040d0000, 0x04150000, 0x04150000)
  to   space 512K,   0% used [0x04050000, 0x04050000, 0x040d0000)
 tenured generation   total 10944K, used 3070K [0x09150000, 0x09c00000, 0x13c00000)
   the space 10944K,  28% used [0x09150000, 0x0944fa18, 0x0944fc00, 0x09c00000)
 Metaspace       used 2027K, capacity 3987K, committed 4032K, reserved 4480K
}

Deoptimization events (0 events):
No events

Internal exceptions (10 events):
Event: 0.360 Thread 0x0123c000 Exception <a 'org/lwjgl/LWJGLException'> (0x03e34690) thrown at [C:\workspace\8-2-build-windows-i586-cygwin\jdk8u121\8372\hotspot\src\share\vm\prims\jni.cpp, line 709]
Event: 0.361 Thread 0x0123c000 Exception <a 'org/lwjgl/LWJGLException'> (0x03e34c40) thrown at [C:\workspace\8-2-build-windows-i586-cygwin\jdk8u121\8372\hotspot\src\share\vm\prims\jni.cpp, line 709]
Event: 0.361 Thread 0x0123c000 Exception <a 'org/lwjgl/LWJGLException'> (0x03e351a0) thrown at [C:\workspace\8-2-build-windows-i586-cygwin\jdk8u121\8372\hotspot\src\share\vm\prims\jni.cpp, line 709]
Event: 0.361 Thread 0x0123c000 Exception <a 'org/lwjgl/LWJGLException'> (0x03e35678) thrown at [C:\workspace\8-2-build-windows-i586-cygwin\jdk8u121\8372\hotspot\src\share\vm\prims\jni.cpp, line 709]
Event: 0.361 Thread 0x0123c000 Exception <a 'org/lwjgl/LWJGLException'> (0x03e35b10) thrown at [C:\workspace\8-2-build-windows-i586-cygwin\jdk8u121\8372\hotspot\src\share\vm\prims\jni.cpp, line 709]
Event: 0.361 Thread 0x0123c000 Exception <a 'org/lwjgl/LWJGLException'> (0x03e36028) thrown at [C:\workspace\8-2-build-windows-i586-cygwin\jdk8u121\8372\hotspot\src\share\vm\prims\jni.cpp, line 709]
Event: 0.361 Thread 0x0123c000 Exception <a 'org/lwjgl/LWJGLException'> (0x03e365d0) thrown at [C:\workspace\8-2-build-windows-i586-cygwin\jdk8u121\8372\hotspot\src\share\vm\prims\jni.cpp, line 709]
Event: 0.362 Thread 0x0123c000 Exception <a 'org/lwjgl/LWJGLException'> (0x03e36ac0) thrown at [C:\workspace\8-2-build-windows-i586-cygwin\jdk8u121\8372\hotspot\src\share\vm\prims\jni.cpp, line 709]
Event: 0.362 Thread 0x0123c000 Exception <a 'org/lwjgl/LWJGLException'> (0x03e36f38) thrown at [C:\workspace\8-2-build-windows-i586-cygwin\jdk8u121\8372\hotspot\src\share\vm\prims\jni.cpp, line 709]
Event: 0.362 Thread 0x0123c000 Exception <a 'org/lwjgl/LWJGLException'> (0x03e374e0) thrown at [C:\workspace\8-2-build-windows-i586-cygwin\jdk8u121\8372\hotspot\src\share\vm\prims\jni.cpp, line 709]

Events (10 events):
Event: 1.270 loading class box2D/Materials
Event: 1.270 loading class box2D/Materials done
Event: 1.271 loading class com/badlogic/gdx/graphics/g2d/Sprite
Event: 1.271 loading class com/badlogic/gdx/graphics/g2d/Sprite done
Event: 1.273 Executing VM operation: Deoptimize
Event: 1.273 Executing VM operation: Deoptimize done
Event: 1.276 loading class box2D/Bag$Node
Event: 1.276 loading class box2D/Bag$Node done
Event: 1.296 Executing VM operation: GenCollectForAllocation
Event: 1.302 Executing VM operation: GenCollectForAllocation done


Dynamic libraries:
0x012e0000 - 0x01313000 	C:\Program Files\Java\jre1.8.0_121\bin\javaw.exe
0x77c30000 - 0x77d6c000 	C:\Windows\SYSTEM32\ntdll.dll
0x778b0000 - 0x77984000 	C:\Windows\system32\kernel32.dll
0x75e90000 - 0x75eda000 	C:\Windows\system32\KERNELBASE.dll
0x77470000 - 0x77510000 	C:\Windows\system32\ADVAPI32.dll
0x76330000 - 0x763dc000 	C:\Windows\system32\msvcrt.dll
0x77da0000 - 0x77db9000 	C:\Windows\SYSTEM32\sechost.dll
0x77b80000 - 0x77c21000 	C:\Windows\system32\RPCRT4.dll
0x76580000 - 0x76649000 	C:\Windows\system32\USER32.dll
0x76720000 - 0x7676e000 	C:\Windows\system32\GDI32.dll
0x77d90000 - 0x77d9a000 	C:\Windows\system32\LPK.dll
0x76290000 - 0x7632d000 	C:\Windows\system32\USP10.dll
0x74d10000 - 0x74eae000 	C:\Windows\WinSxS\x86_microsoft.windows.common-controls_6595b64144ccf1df_6.0.7600.16385_none_421189da2b7fabfc\COMCTL32.dll
0x77410000 - 0x77467000 	C:\Windows\system32\SHLWAPI.dll
0x77d70000 - 0x77d8f000 	C:\Windows\system32\IMM32.DLL
0x76650000 - 0x7671c000 	C:\Windows\system32\MSCTF.dll
0x68780000 - 0x6883f000 	C:\Program Files\Java\jre1.8.0_121\bin\msvcr100.dll
0x5bde0000 - 0x5c1ae000 	C:\Program Files\Java\jre1.8.0_121\bin\client\jvm.dll
0x72520000 - 0x72527000 	C:\Windows\system32\WSOCK32.dll
0x773d0000 - 0x77405000 	C:\Windows\system32\WS2_32.dll
0x76080000 - 0x76086000 	C:\Windows\system32\NSI.dll
0x70740000 - 0x70772000 	C:\Windows\system32\WINMM.dll
0x75280000 - 0x75289000 	C:\Windows\system32\VERSION.dll
0x77dc0000 - 0x77dc5000 	C:\Windows\system32\PSAPI.DLL
0x70670000 - 0x7067c000 	C:\Program Files\Java\jre1.8.0_121\bin\verify.dll
0x60fb0000 - 0x60fd1000 	C:\Program Files\Java\jre1.8.0_121\bin\java.dll
0x705e0000 - 0x705f3000 	C:\Program Files\Java\jre1.8.0_121\bin\zip.dll
0x76780000 - 0x773c9000 	C:\Windows\system32\SHELL32.dll
0x77510000 - 0x7766c000 	C:\Windows\system32\ole32.dll
0x75d80000 - 0x75d8b000 	C:\Windows\system32\profapi.dll
0x6cec0000 - 0x6cf42000 	C:\Users\HOME\AppData\Local\Temp\libgdxHOME\6df0928e\gdx.dll
0x01290000 - 0x012dc000 	C:\Users\HOME\AppData\Local\Temp\libgdxHOME\52d76f2b\lwjgl.dll
0x68a70000 - 0x68b38000 	C:\Windows\system32\OPENGL32.dll
0x68ba0000 - 0x68bc2000 	C:\Windows\system32\GLU32.dll
0x61820000 - 0x61907000 	C:\Windows\system32\DDRAW.dll
0x6f7e0000 - 0x6f7e6000 	C:\Windows\system32\DCIMAN32.dll
0x763e0000 - 0x7657d000 	C:\Windows\system32\SETUPAPI.dll
0x76050000 - 0x76077000 	C:\Windows\system32\CFGMGR32.dll
0x77dd0000 - 0x77e5f000 	C:\Windows\system32\OLEAUT32.dll
0x76030000 - 0x76042000 	C:\Windows\system32\DEVOBJ.dll
0x74860000 - 0x74873000 	C:\Windows\system32\dwmapi.dll
0x14870000 - 0x148d5000 	C:\Users\HOME\AppData\Local\Temp\libgdxHOME\52d76f2b\OpenAL32.dll
0x75cd0000 - 0x75cdc000 	C:\Windows\system32\CRYPTBASE.dll
0x74b90000 - 0x74bd0000 	C:\Windows\system32\uxtheme.dll
0x776f0000 - 0x77773000 	C:\Windows\system32\CLBCatQ.DLL
0x74bd0000 - 0x74cc5000 	C:\Windows\System32\PROPSYS.dll
0x75ee0000 - 0x75f0d000 	C:\Windows\system32\WINTRUST.dll
0x75f10000 - 0x7602c000 	C:\Windows\system32\CRYPT32.dll
0x75df0000 - 0x75dfc000 	C:\Windows\system32\MSASN1.dll
0x689f0000 - 0x68a62000 	C:\Windows\system32\dsound.dll
0x74670000 - 0x74695000 	C:\Windows\system32\POWRPROF.dll
0x74880000 - 0x748b9000 	C:\Windows\System32\MMDevApi.dll
0x74230000 - 0x74266000 	C:\Windows\system32\AUDIOSES.DLL
0x15850000 - 0x15c42000 	C:\Windows\system32\ig4icd32.dll
0x15c50000 - 0x15eea000 	C:\Windows\system32\ig4dev32.dll
0x6d2d0000 - 0x6d349000 	C:\Windows\system32\mscms.dll
0x753e0000 - 0x753f7000 	C:\Windows\system32\USERENV.dll
0x68980000 - 0x689b8000 	C:\Windows\system32\icm32.dll
0x72390000 - 0x7247b000 	C:\Windows\system32\dbghelp.dll

VM Arguments:
jvm_args: -Dfile.encoding=Cp1252 
java_command: box2D.Main
java_class_path (initial): C:\Users\HOME\Desktop\videoGameGit\videogameGit\box2DExample\bin;C:\Users\HOME\Desktop\Nueva carpeta (2)\libgdx-0.9.9\gdx.jar;C:\Users\HOME\Desktop\Nueva carpeta (2)\libgdx-0.9.9\gdx-1.7.1.jar;C:\Users\HOME\Desktop\Nueva carpeta (2)\libgdx-0.9.9\gdx-ai-1.7.0.jar;C:\Users\HOME\Desktop\Nueva carpeta (2)\libgdx-0.9.9\gdx-backend-android.jar;C:\Users\HOME\Desktop\Nueva carpeta (2)\libgdx-0.9.9\gdx-backend-gwt.jar;C:\Users\HOME\Desktop\Nueva carpeta (2)\libgdx-0.9.9\gdx-backend-jglfw.jar;C:\Users\HOME\Desktop\Nueva carpeta (2)\libgdx-0.9.9\gdx-backend-jglfw-natives.jar;C:\Users\HOME\Desktop\Nueva carpeta (2)\libgdx-0.9.9\gdx-backend-lwjgl.jar;C:\Users\HOME\Desktop\Nueva carpeta (2)\libgdx-0.9.9\gdx-backend-lwjgl-natives.jar;C:\Users\HOME\Desktop\Nueva carpeta (2)\libgdx-0.9.9\gdx-backend-robovm.jar;C:\Users\HOME\Desktop\Nueva carpeta (2)\libgdx-0.9.9\gdx-natives.jar;C:\Users\HOME\Desktop\Nueva carpeta (2)\libgdx-0.9.9\gdx-openal.jar;C:\Users\HOME\Desktop\Nueva carpeta (2)\libgdx-0.9.9\gdx-pe-loader-1.1.0.jar;C:\Users\HOME\Desktop\Nueva carpeta (2)\libgdx-0.9.9\gdx-pe-loader-1.1.0-sources.jar;C:\Users\HOME\Desktop\Nueva carpeta (2)\libgdx-0.9.9\gdx-setup.jar;C:\Users\HOME\Desktop\Nueva carpeta (2)\libgdx-0.9.9\gdx-setup-ui.jar
Launcher Type: SUN_STANDARD

Environment Variables:
PATH=C:/Program Files/Java/jre1.8.0_121/bin/client;C:/Program Files/Java/jre1.8.0_121/bin;C:/Program Files/Java/jre1.8.0_121/lib/i386;C:\ProgramData\Oracle\Java\javapath;C:\Windows\system32;C:\Windows;C:\Windows\System32\Wbem;C:\Windows\System32\WindowsPowerShell\v1.0\;C:\Program Files\eclipse;
USERNAME=HOME
OS=Windows_NT
PROCESSOR_IDENTIFIER=x86 Family 6 Model 15 Stepping 13, GenuineIntel



---------------  S Y S T E M  ---------------

OS: Windows 7 Build 7600 (6.1.7600.16385)

CPU:total 2 (2 cores per cpu, 1 threads per core) family 6 model 15 stepping 13, cmov, cx8, fxsr, mmx, sse, sse2, sse3, ssse3, tsc

Memory: 4k page, physical 2087160k(740864k free), swap 4174320k(1898704k free)

vm_info: Java HotSpot(TM) Client VM (25.121-b13) for windows-x86 JRE (1.8.0_121-b13), built on Dec 12 2016 18:17:00 by "java_re" with MS VC++ 10.0 (VS2010)

time: Fri Dec 07 19:50:43 2018
elapsed time: 1 seconds (0d 0h 0m 1s)

