#
# A fatal error has been detected by the Java Runtime Environment:
#
#  EXCEPTION_ACCESS_VIOLATION (0xc0000005) at pc=0x417b999a, pid=4088, tid=0x00000bcc
#
# JRE version: Java(TM) SE Runtime Environment (8.0_121-b13) (build 1.8.0_121-b13)
# Java VM: Java HotSpot(TM) Client VM (25.121-b13 mixed mode, sharing windows-x86 )
# Problematic frame:
# C  0x417b999a
#
# Failed to write core dump. Minidumps are not enabled by default on client versions of Windows
#
# If you would like to submit a bug report, please visit:
#   http://bugreport.java.com/bugreport/crash.jsp
# The crash happened outside the Java Virtual Machine in native code.
# See problematic frame for where to report the bug.
#

---------------  T H R E A D  ---------------

Current thread (0x147a5c00):  JavaThread "LWJGL Application" [_thread_in_native, id=3020, stack(0x15730000,0x15780000)]

siginfo: ExceptionCode=0xc0000005, ExceptionInformation=0x00000008 0x417b999a

Registers:
EAX=0x0028ff50, EBX=0x148828b8, ECX=0x14886000, EDX=0x1485a2a0
ESP=0x1577f1ec, EBP=0x14840c18, ESI=0x14886000, EDI=0x1577f254
EIP=0x417b999a, EFLAGS=0x00010206

Top of Stack: (sp=0x1577f1ec)
0x1577f1ec:   6cee0256 0028ff50 14840c18 147a5c00
0x1577f1fc:   141d5156 04248fd8 1577f244 1577f244
0x1577f20c:   148828b8 14840c18 14886000 1577f2d8
0x1577f21c:   6cedf285 14886000 14840c18 148828b8
0x1577f22c:   1577f254 141d18a8 141d18a8 147a5c00
0x1577f23c:   6cee8834 148828b8 1577f254 01c345d4
0x1577f24c:   00000000 00000000 0028ff50 00000000
0x1577f25c:   00000000 00000000 00000000 0001c600 

Instructions: (pc=0x417b999a)
0x417b997a:   
[error occurred during error reporting (printing registers, top of stack, instructions near pc), id 0xc0000005]

Register to memory mapping:

EAX=0x0028ff50 is an unknown value
EBX=0x148828b8 is an unknown value
ECX=0x14886000 is an unknown value
EDX=0x1485a2a0 is an unknown value
ESP=0x1577f1ec is pointing into the stack for thread: 0x147a5c00
EBP=0x14840c18 is an unknown value
ESI=0x14886000 is an unknown value
EDI=0x1577f254 is pointing into the stack for thread: 0x147a5c00


Stack: [0x15730000,0x15780000],  sp=0x1577f1ec,  free space=316k
Native frames: (J=compiled Java code, j=interpreted, Vv=VM code, C=native code)
C  0x417b999a

Java frames: (J=compiled Java code, j=interpreted, Vv=VM code)
j  com.badlogic.gdx.physics.box2d.Body.jniCreateFixture(JJFFFZSSS)J+0
j  com.badlogic.gdx.physics.box2d.Body.createFixture(Lcom/badlogic/gdx/physics/box2d/FixtureDef;)Lcom/badlogic/gdx/physics/box2d/Fixture;+49
j  box2D.map00.buildMap(Lcom/badlogic/gdx/physics/box2d/World;)V+1274
j  box2D.maps.chooseMap(I)V+160
j  box2D.box2DCode.create()V+153
j  com.badlogic.gdx.backends.lwjgl.LwjglApplication.mainLoop()V+29
j  com.badlogic.gdx.backends.lwjgl.LwjglApplication$1.run()V+27
v  ~StubRoutines::call_stub

---------------  P R O C E S S  ---------------

Java Threads: ( => current thread )
  0x18a74400 JavaThread "AsynchExecutor-Thread" daemon [_thread_blocked, id=4904, stack(0x14590000,0x145e0000)]
  0x0117c000 JavaThread "DestroyJavaVM" [_thread_blocked, id=5032, stack(0x01910000,0x01960000)]
=>0x147a5c00 JavaThread "LWJGL Application" [_thread_in_native, id=3020, stack(0x15730000,0x15780000)]
  0x016a6000 JavaThread "Service Thread" daemon [_thread_blocked, id=5912, stack(0x145e0000,0x14630000)]
  0x01681800 JavaThread "C1 CompilerThread0" daemon [_thread_blocked, id=4372, stack(0x144a0000,0x144f0000)]
  0x0167f400 JavaThread "Attach Listener" daemon [_thread_blocked, id=3640, stack(0x14430000,0x14480000)]
  0x0167c400 JavaThread "Signal Dispatcher" daemon [_thread_blocked, id=6076, stack(0x143a0000,0x143f0000)]
  0x01673c00 JavaThread "Finalizer" daemon [_thread_blocked, id=3280, stack(0x018a0000,0x018f0000)]
  0x01617800 JavaThread "Reference Handler" daemon [_thread_blocked, id=4996, stack(0x03d30000,0x03d80000)]

Other Threads:
  0x01613400 VMThread [stack: 0x03db0000,0x03e00000] [id=5184]
  0x016b0400 WatcherThread [stack: 0x14520000,0x14570000] [id=2432]

VM state:not at safepoint (normal execution)

VM Mutex/Monitor currently owned by a thread: None

Heap:
 def new generation   total 4928K, used 4900K [0x03e00000, 0x04350000, 0x09350000)
  eden space 4416K,  99% used [0x03e00000, 0x04249060, 0x04250000)
  from space 512K, 100% used [0x04250000, 0x042d0000, 0x042d0000)
  to   space 512K,   0% used [0x042d0000, 0x042d0000, 0x04350000)
 tenured generation   total 10944K, used 2014K [0x09350000, 0x09e00000, 0x13e00000)
   the space 10944K,  18% used [0x09350000, 0x095478b0, 0x09547a00, 0x09e00000)
 Metaspace       used 2027K, capacity 3987K, committed 4032K, reserved 4480K

Card table byte_map: [0x01180000,0x01210000] byte_map_base: 0x01161000

Polling page: 0x00270000

CodeCache: size=32768Kb used=1093Kb max_used=1093Kb free=31674Kb
 bounds [0x01c30000, 0x01d48000, 0x03c30000]
 total_blobs=468 nmethods=214 adapters=186
 compilation: enabled

Compilation events (10 events):
Event: 1.435 Thread 0x01681800  209             java.util.zip.ZipFile::ensureOpen (37 bytes)
Event: 1.436 Thread 0x01681800 nmethod 209 0x01d3e948 code [0x01d3ea60, 0x01d3ec08]
Event: 1.436 Thread 0x01681800  210             java.util.zip.ZipCoder::getBytes (192 bytes)
Event: 1.437 Thread 0x01681800 nmethod 210 0x01d3ed08 code [0x01d3ef30, 0x01d3fa6c]
Event: 1.437 Thread 0x01681800  211             java.util.zip.ZipCoder::encoder (35 bytes)
Event: 1.438 Thread 0x01681800 nmethod 211 0x01d40408 code [0x01d40510, 0x01d405fc]
Event: 1.444 Thread 0x01681800  213             java.lang.String::<init> (10 bytes)
Event: 1.444 Thread 0x01681800 nmethod 213 0x01d41108 code [0x01d41200, 0x01d41290]
Event: 1.444 Thread 0x01681800  214             java.lang.System::getSecurityManager (4 bytes)
Event: 1.445 Thread 0x01681800 nmethod 214 0x01d412c8 code [0x01d413c0, 0x01d41430]

GC Heap History (4 events):
Event: 0.757 GC heap before
{Heap before GC invocations=0 (full 0):
 def new generation   total 4928K, used 4405K [0x03e00000, 0x04350000, 0x09350000)
  eden space 4416K,  99% used [0x03e00000, 0x0424d410, 0x04250000)
  from space 512K,   0% used [0x04250000, 0x04250000, 0x042d0000)
  to   space 512K,   0% used [0x042d0000, 0x042d0000, 0x04350000)
 tenured generation   total 10944K, used 0K [0x09350000, 0x09e00000, 0x13e00000)
   the space 10944K,   0% used [0x09350000, 0x09350000, 0x09350200, 0x09e00000)
 Metaspace       used 812K, capacity 2824K, committed 2880K, reserved 4480K
Event: 0.763 GC heap after
Heap after GC invocations=1 (full 0):
 def new generation   total 4928K, used 512K [0x03e00000, 0x04350000, 0x09350000)
  eden space 4416K,   0% used [0x03e00000, 0x03e00000, 0x04250000)
  from space 512K, 100% used [0x042d0000, 0x04350000, 0x04350000)
  to   space 512K,   0% used [0x04250000, 0x04250000, 0x042d0000)
 tenured generation   total 10944K, used 772K [0x09350000, 0x09e00000, 0x13e00000)
   the space 10944K,   7% used [0x09350000, 0x094110c8, 0x09411200, 0x09e00000)
 Metaspace       used 812K, capacity 2824K, committed 2880K, reserved 4480K
}
Event: 1.126 GC heap before
{Heap before GC invocations=1 (full 0):
 def new generation   total 4928K, used 4928K [0x03e00000, 0x04350000, 0x09350000)
  eden space 4416K, 100% used [0x03e00000, 0x04250000, 0x04250000)
  from space 512K, 100% used [0x042d0000, 0x04350000, 0x04350000)
  to   space 512K,   0% used [0x04250000, 0x04250000, 0x042d0000)
 tenured generation   total 10944K, used 772K [0x09350000, 0x09e00000, 0x13e00000)
   the space 10944K,   7% used [0x09350000, 0x094110c8, 0x09411200, 0x09e00000)
 Metaspace       used 1831K, capacity 3795K, committed 3904K, reserved 4480K
Event: 1.131 GC heap after
Heap after GC invocations=2 (full 0):
 def new generation   total 4928K, used 512K [0x03e00000, 0x04350000, 0x09350000)
  eden space 4416K,   0% used [0x03e00000, 0x03e00000, 0x04250000)
  from space 512K, 100% used [0x04250000, 0x042d0000, 0x042d0000)
  to   space 512K,   0% used [0x042d0000, 0x042d0000, 0x04350000)
 tenured generation   total 10944K, used 2014K [0x09350000, 0x09e00000, 0x13e00000)
   the space 10944K,  18% used [0x09350000, 0x095478b0, 0x09547a00, 0x09e00000)
 Metaspace       used 1831K, capacity 3795K, committed 3904K, reserved 4480K
}

Deoptimization events (0 events):
No events

Internal exceptions (10 events):
Event: 0.401 Thread 0x0117c000 Exception <a 'org/lwjgl/LWJGLException'> (0x04034690) thrown at [C:\workspace\8-2-build-windows-i586-cygwin\jdk8u121\8372\hotspot\src\share\vm\prims\jni.cpp, line 709]
Event: 0.401 Thread 0x0117c000 Exception <a 'org/lwjgl/LWJGLException'> (0x04034c40) thrown at [C:\workspace\8-2-build-windows-i586-cygwin\jdk8u121\8372\hotspot\src\share\vm\prims\jni.cpp, line 709]
Event: 0.401 Thread 0x0117c000 Exception <a 'org/lwjgl/LWJGLException'> (0x040351a0) thrown at [C:\workspace\8-2-build-windows-i586-cygwin\jdk8u121\8372\hotspot\src\share\vm\prims\jni.cpp, line 709]
Event: 0.401 Thread 0x0117c000 Exception <a 'org/lwjgl/LWJGLException'> (0x04035678) thrown at [C:\workspace\8-2-build-windows-i586-cygwin\jdk8u121\8372\hotspot\src\share\vm\prims\jni.cpp, line 709]
Event: 0.401 Thread 0x0117c000 Exception <a 'org/lwjgl/LWJGLException'> (0x04035b10) thrown at [C:\workspace\8-2-build-windows-i586-cygwin\jdk8u121\8372\hotspot\src\share\vm\prims\jni.cpp, line 709]
Event: 0.402 Thread 0x0117c000 Exception <a 'org/lwjgl/LWJGLException'> (0x04036028) thrown at [C:\workspace\8-2-build-windows-i586-cygwin\jdk8u121\8372\hotspot\src\share\vm\prims\jni.cpp, line 709]
Event: 0.402 Thread 0x0117c000 Exception <a 'org/lwjgl/LWJGLException'> (0x040365d0) thrown at [C:\workspace\8-2-build-windows-i586-cygwin\jdk8u121\8372\hotspot\src\share\vm\prims\jni.cpp, line 709]
Event: 0.402 Thread 0x0117c000 Exception <a 'org/lwjgl/LWJGLException'> (0x04036ac0) thrown at [C:\workspace\8-2-build-windows-i586-cygwin\jdk8u121\8372\hotspot\src\share\vm\prims\jni.cpp, line 709]
Event: 0.403 Thread 0x0117c000 Exception <a 'org/lwjgl/LWJGLException'> (0x04036f38) thrown at [C:\workspace\8-2-build-windows-i586-cygwin\jdk8u121\8372\hotspot\src\share\vm\prims\jni.cpp, line 709]
Event: 0.403 Thread 0x0117c000 Exception <a 'org/lwjgl/LWJGLException'> (0x040374e0) thrown at [C:\workspace\8-2-build-windows-i586-cygwin\jdk8u121\8372\hotspot\src\share\vm\prims\jni.cpp, line 709]

Events (10 events):
Event: 1.443 loading class com/badlogic/gdx/physics/box2d/PolygonShape
Event: 1.443 loading class com/badlogic/gdx/physics/box2d/PolygonShape done
Event: 1.444 loading class box2D/Materials
Event: 1.444 loading class box2D/Materials done
Event: 1.446 loading class com/badlogic/gdx/graphics/g2d/Sprite
Event: 1.446 loading class com/badlogic/gdx/graphics/g2d/Sprite done
Event: 1.447 Executing VM operation: Deoptimize
Event: 1.447 Executing VM operation: Deoptimize done
Event: 1.451 loading class box2D/Bag$Node
Event: 1.451 loading class box2D/Bag$Node done


Dynamic libraries:
0x010a0000 - 0x010d3000 	C:\Program Files\Java\jre1.8.0_121\bin\javaw.exe
0x77c30000 - 0x77d6c000 	C:\Windows\SYSTEM32\ntdll.dll
0x778b0000 - 0x77984000 	C:\Windows\system32\kernel32.dll
0x75e90000 - 0x75eda000 	C:\Windows\system32\KERNELBASE.dll
0x77470000 - 0x77510000 	C:\Windows\system32\ADVAPI32.dll
0x76330000 - 0x763dc000 	C:\Windows\system32\msvcrt.dll
0x77da0000 - 0x77db9000 	C:\Windows\SYSTEM32\sechost.dll
0x77b80000 - 0x77c21000 	C:\Windows\system32\RPCRT4.dll
0x76580000 - 0x76649000 	C:\Windows\system32\USER32.dll
0x76720000 - 0x7676e000 	C:\Windows\system32\GDI32.dll
0x77d90000 - 0x77d9a000 	C:\Windows\system32\LPK.dll
0x76290000 - 0x7632d000 	C:\Windows\system32\USP10.dll
0x74d10000 - 0x74eae000 	C:\Windows\WinSxS\x86_microsoft.windows.common-controls_6595b64144ccf1df_6.0.7600.16385_none_421189da2b7fabfc\COMCTL32.dll
0x77410000 - 0x77467000 	C:\Windows\system32\SHLWAPI.dll
0x77d70000 - 0x77d8f000 	C:\Windows\system32\IMM32.DLL
0x76650000 - 0x7671c000 	C:\Windows\system32\MSCTF.dll
0x5a440000 - 0x5a4ff000 	C:\Program Files\Java\jre1.8.0_121\bin\msvcr100.dll
0x5bde0000 - 0x5c1ae000 	C:\Program Files\Java\jre1.8.0_121\bin\client\jvm.dll
0x72520000 - 0x72527000 	C:\Windows\system32\WSOCK32.dll
0x773d0000 - 0x77405000 	C:\Windows\system32\WS2_32.dll
0x76080000 - 0x76086000 	C:\Windows\system32\NSI.dll
0x70740000 - 0x70772000 	C:\Windows\system32\WINMM.dll
0x75280000 - 0x75289000 	C:\Windows\system32\VERSION.dll
0x77dc0000 - 0x77dc5000 	C:\Windows\system32\PSAPI.DLL
0x70670000 - 0x7067c000 	C:\Program Files\Java\jre1.8.0_121\bin\verify.dll
0x60fb0000 - 0x60fd1000 	C:\Program Files\Java\jre1.8.0_121\bin\java.dll
0x705e0000 - 0x705f3000 	C:\Program Files\Java\jre1.8.0_121\bin\zip.dll
0x76780000 - 0x773c9000 	C:\Windows\system32\SHELL32.dll
0x77510000 - 0x7766c000 	C:\Windows\system32\ole32.dll
0x75d80000 - 0x75d8b000 	C:\Windows\system32\profapi.dll
0x6cec0000 - 0x6cf42000 	C:\Users\HOME\AppData\Local\Temp\libgdxHOME\6df0928e\gdx.dll
0x14260000 - 0x142ac000 	C:\Users\HOME\AppData\Local\Temp\libgdxHOME\52d76f2b\lwjgl.dll
0x56730000 - 0x567f8000 	C:\Windows\system32\OPENGL32.dll
0x68b10000 - 0x68b32000 	C:\Windows\system32\GLU32.dll
0x61820000 - 0x61907000 	C:\Windows\system32\DDRAW.dll
0x6f7e0000 - 0x6f7e6000 	C:\Windows\system32\DCIMAN32.dll
0x763e0000 - 0x7657d000 	C:\Windows\system32\SETUPAPI.dll
0x76050000 - 0x76077000 	C:\Windows\system32\CFGMGR32.dll
0x77dd0000 - 0x77e5f000 	C:\Windows\system32\OLEAUT32.dll
0x76030000 - 0x76042000 	C:\Windows\system32\DEVOBJ.dll
0x74860000 - 0x74873000 	C:\Windows\system32\dwmapi.dll
0x142b0000 - 0x14315000 	C:\Users\HOME\AppData\Local\Temp\libgdxHOME\52d76f2b\OpenAL32.dll
0x75cd0000 - 0x75cdc000 	C:\Windows\system32\CRYPTBASE.dll
0x74b90000 - 0x74bd0000 	C:\Windows\system32\uxtheme.dll
0x776f0000 - 0x77773000 	C:\Windows\system32\CLBCatQ.DLL
0x74bd0000 - 0x74cc5000 	C:\Windows\System32\PROPSYS.dll
0x75ee0000 - 0x75f0d000 	C:\Windows\system32\WINTRUST.dll
0x75f10000 - 0x7602c000 	C:\Windows\system32\CRYPT32.dll
0x75df0000 - 0x75dfc000 	C:\Windows\system32\MSASN1.dll
0x5a540000 - 0x5a5b2000 	C:\Windows\system32\dsound.dll
0x74670000 - 0x74695000 	C:\Windows\system32\POWRPROF.dll
0x74880000 - 0x748b9000 	C:\Windows\System32\MMDevApi.dll
0x74230000 - 0x74266000 	C:\Windows\system32\AUDIOSES.DLL
0x15780000 - 0x15b72000 	C:\Windows\system32\ig4icd32.dll
0x15cc0000 - 0x15f5a000 	C:\Windows\system32\ig4dev32.dll
0x6d2d0000 - 0x6d349000 	C:\Windows\system32\mscms.dll
0x753e0000 - 0x753f7000 	C:\Windows\system32\USERENV.dll
0x68bf0000 - 0x68c28000 	C:\Windows\system32\icm32.dll
0x72390000 - 0x7247b000 	C:\Windows\system32\dbghelp.dll

VM Arguments:
jvm_args: -Dfile.encoding=Cp1252 
java_command: box2D.Main
java_class_path (initial): C:\Users\HOME\Desktop\videoGameGit\videogameGit\box2DExample\bin;C:\Users\HOME\Desktop\Nueva carpeta (2)\libgdx-0.9.9\gdx.jar;C:\Users\HOME\Desktop\Nueva carpeta (2)\libgdx-0.9.9\gdx-1.7.1.jar;C:\Users\HOME\Desktop\Nueva carpeta (2)\libgdx-0.9.9\gdx-ai-1.7.0.jar;C:\Users\HOME\Desktop\Nueva carpeta (2)\libgdx-0.9.9\gdx-backend-android.jar;C:\Users\HOME\Desktop\Nueva carpeta (2)\libgdx-0.9.9\gdx-backend-gwt.jar;C:\Users\HOME\Desktop\Nueva carpeta (2)\libgdx-0.9.9\gdx-backend-jglfw.jar;C:\Users\HOME\Desktop\Nueva carpeta (2)\libgdx-0.9.9\gdx-backend-jglfw-natives.jar;C:\Users\HOME\Desktop\Nueva carpeta (2)\libgdx-0.9.9\gdx-backend-lwjgl.jar;C:\Users\HOME\Desktop\Nueva carpeta (2)\libgdx-0.9.9\gdx-backend-lwjgl-natives.jar;C:\Users\HOME\Desktop\Nueva carpeta (2)\libgdx-0.9.9\gdx-backend-robovm.jar;C:\Users\HOME\Desktop\Nueva carpeta (2)\libgdx-0.9.9\gdx-natives.jar;C:\Users\HOME\Desktop\Nueva carpeta (2)\libgdx-0.9.9\gdx-openal.jar;C:\Users\HOME\Desktop\Nueva carpeta (2)\libgdx-0.9.9\gdx-pe-loader-1.1.0.jar;C:\Users\HOME\Desktop\Nueva carpeta (2)\libgdx-0.9.9\gdx-pe-loader-1.1.0-sources.jar;C:\Users\HOME\Desktop\Nueva carpeta (2)\libgdx-0.9.9\gdx-setup.jar;C:\Users\HOME\Desktop\Nueva carpeta (2)\libgdx-0.9.9\gdx-setup-ui.jar
Launcher Type: SUN_STANDARD

Environment Variables:
PATH=C:/Program Files/Java/jre1.8.0_121/bin/client;C:/Program Files/Java/jre1.8.0_121/bin;C:/Program Files/Java/jre1.8.0_121/lib/i386;C:\ProgramData\Oracle\Java\javapath;C:\Windows\system32;C:\Windows;C:\Windows\System32\Wbem;C:\Windows\System32\WindowsPowerShell\v1.0\;C:\Program Files\eclipse;
USERNAME=HOME
OS=Windows_NT
PROCESSOR_IDENTIFIER=x86 Family 6 Model 15 Stepping 13, GenuineIntel



---------------  S Y S T E M  ---------------

OS: Windows 7 Build 7600 (6.1.7600.16385)

CPU:total 2 (2 cores per cpu, 1 threads per core) family 6 model 15 stepping 13, cmov, cx8, fxsr, mmx, sse, sse2, sse3, ssse3, tsc

Memory: 4k page, physical 2087160k(733516k free), swap 4174320k(1797404k free)

vm_info: Java HotSpot(TM) Client VM (25.121-b13) for windows-x86 JRE (1.8.0_121-b13), built on Dec 12 2016 18:17:00 by "java_re" with MS VC++ 10.0 (VS2010)

time: Fri Dec 07 19:33:01 2018
elapsed time: 1 seconds (0d 0h 0m 1s)

