#
# A fatal error has been detected by the Java Runtime Environment:
#
#  EXCEPTION_ACCESS_VIOLATION (0xc0000005) at pc=0x00000005, pid=5880, tid=0x00000b20
#
# JRE version: Java(TM) SE Runtime Environment (8.0_121-b13) (build 1.8.0_121-b13)
# Java VM: Java HotSpot(TM) Client VM (25.121-b13 mixed mode, sharing windows-x86 )
# Problematic frame:
# C  0x00000005
#
# Failed to write core dump. Minidumps are not enabled by default on client versions of Windows
#
# If you would like to submit a bug report, please visit:
#   http://bugreport.java.com/bugreport/crash.jsp
# The crash happened outside the Java Virtual Machine in native code.
# See problematic frame for where to report the bug.
#

---------------  T H R E A D  ---------------

Current thread (0x146e7400):  JavaThread "LWJGL Application" [_thread_in_native, id=2848, stack(0x14aa0000,0x14af0000)]

siginfo: ExceptionCode=0xc0000005, ExceptionInformation=0x00000008 0x00000005

Registers:
EAX=0x0015ff50, EBX=0x14381b98, ECX=0x14385a00, EDX=0x1435a340
ESP=0x14aef88c, EBP=0x14340c18, ESI=0x14385a00, EDI=0x14aef8f4
EIP=0x00000005, EFLAGS=0x00010206

Top of Stack: (sp=0x14aef88c)
0x14aef88c:   6cee0256 0015ff50 14340c18 00000006
0x14aef89c:   01c06327 03ccc028 13fd2c4e 14aef8ec
0x14aef8ac:   14381b98 14340c18 14385a00 14aef980
0x14aef8bc:   6cedf285 14385a00 14340c18 14381b98
0x14aef8cc:   14aef8f4 13fcef08 13fcef08 146e7400
0x14aef8dc:   6cee8834 14381b98 14aef8f4 14aef920
0x14aef8ec:   01b645d4 01b645d4 0015ff50 00000000
0x14aef8fc:   00000000 00000000 41200000 0001f900 

Instructions: (pc=0x00000005)
0xffffffe5:   


Register to memory mapping:

EAX=0x0015ff50 is an unknown value
EBX=0x14381b98 is an unknown value
ECX=0x14385a00 is an unknown value
EDX=0x1435a340 is an unknown value
ESP=0x14aef88c is pointing into the stack for thread: 0x146e7400
EBP=0x14340c18 is an unknown value
ESI=0x14385a00 is an unknown value
EDI=0x14aef8f4 is pointing into the stack for thread: 0x146e7400


Stack: [0x14aa0000,0x14af0000],  sp=0x14aef88c,  free space=318k
Native frames: (J=compiled Java code, j=interpreted, Vv=VM code, C=native code)
C  0x00000005

Java frames: (J=compiled Java code, j=interpreted, Vv=VM code)
j  com.badlogic.gdx.physics.box2d.Body.jniCreateFixture(JJFFFZSSS)J+0
j  com.badlogic.gdx.physics.box2d.Body.createFixture(Lcom/badlogic/gdx/physics/box2d/FixtureDef;)Lcom/badlogic/gdx/physics/box2d/Fixture;+49
j  box2D.map00.buildMap(Lcom/badlogic/gdx/physics/box2d/World;)V+617
j  box2D.maps.chooseMap(I)V+148
j  box2D.box2DCode.create()V+153
j  com.badlogic.gdx.backends.lwjgl.LwjglApplication.mainLoop()V+29
j  com.badlogic.gdx.backends.lwjgl.LwjglApplication$1.run()V+27
v  ~StubRoutines::call_stub

---------------  P R O C E S S  ---------------

Java Threads: ( => current thread )
  0x17ba3400 JavaThread "AsynchExecutor-Thread" daemon [_thread_blocked, id=5844, stack(0x18040000,0x18090000)]
  0x0157c000 JavaThread "DestroyJavaVM" [_thread_blocked, id=5968, stack(0x01520000,0x01570000)]
=>0x146e7400 JavaThread "LWJGL Application" [_thread_in_native, id=2848, stack(0x14aa0000,0x14af0000)]
  0x01756000 JavaThread "Service Thread" daemon [_thread_blocked, id=3516, stack(0x14510000,0x14560000)]
  0x01730400 JavaThread "C1 CompilerThread0" daemon [_thread_blocked, id=6000, stack(0x142e0000,0x14330000)]
  0x0172f400 JavaThread "Attach Listener" daemon [_thread_blocked, id=592, stack(0x144a0000,0x144f0000)]
  0x0172a000 JavaThread "Signal Dispatcher" daemon [_thread_blocked, id=3868, stack(0x14430000,0x14480000)]
  0x01723c00 JavaThread "Finalizer" daemon [_thread_blocked, id=1804, stack(0x14070000,0x140c0000)]
  0x016c7800 JavaThread "Reference Handler" daemon [_thread_blocked, id=5580, stack(0x14130000,0x14180000)]

Other Threads:
  0x016c3400 VMThread [stack: 0x141b0000,0x14200000] [id=3928]
  0x01763800 WatcherThread [stack: 0x14560000,0x145b0000] [id=3792]

VM state:not at safepoint (normal execution)

VM Mutex/Monitor currently owned by a thread: None

Heap:
 def new generation   total 4928K, used 1358K [0x03c00000, 0x04150000, 0x09150000)
  eden space 4416K,  19% used [0x03c00000, 0x03cd3a88, 0x04050000)
  from space 512K, 100% used [0x040d0000, 0x04150000, 0x04150000)
  to   space 512K,   0% used [0x04050000, 0x04050000, 0x040d0000)
 tenured generation   total 10944K, used 3665K [0x09150000, 0x09c00000, 0x13c00000)
   the space 10944K,  33% used [0x09150000, 0x094e4678, 0x094e4800, 0x09c00000)
 Metaspace       used 2000K, capacity 3955K, committed 4032K, reserved 4480K

Card table byte_map: [0x01580000,0x01610000] byte_map_base: 0x01562000

Polling page: 0x001c0000

CodeCache: size=32768Kb used=1099Kb max_used=1099Kb free=31668Kb
 bounds [0x01b60000, 0x01c78000, 0x03b60000]
 total_blobs=472 nmethods=219 adapters=185
 compilation: enabled

Compilation events (10 events):
Event: 1.144 Thread 0x01730400  213   !         java.util.zip.Inflater::inflate (113 bytes)
Event: 1.144 Thread 0x01730400 nmethod 213 0x01c6fa88 code [0x01c6fbc0, 0x01c6ff80]
Event: 1.149 Thread 0x01730400  215             java.util.zip.ZipFile::ensureOpen (37 bytes)
Event: 1.149 Thread 0x01730400 nmethod 215 0x01c70a08 code [0x01c70b20, 0x01c70cc8]
Event: 1.149 Thread 0x01730400  216             java.util.zip.ZipCoder::getBytes (192 bytes)
Event: 1.151 Thread 0x01730400 nmethod 216 0x01c70dc8 code [0x01c70ff0, 0x01c71b2c]
Event: 1.151 Thread 0x01730400  217             java.util.zip.ZipCoder::encoder (35 bytes)
Event: 1.151 Thread 0x01730400 nmethod 217 0x01c724c8 code [0x01c725d0, 0x01c726bc]
Event: 1.152 Thread 0x01730400  219             java.lang.String::<init> (10 bytes)
Event: 1.152 Thread 0x01730400 nmethod 219 0x01c72a08 code [0x01c72b00, 0x01c72b90]

GC Heap History (6 events):
Event: 0.575 GC heap before
{Heap before GC invocations=0 (full 0):
 def new generation   total 4928K, used 4416K [0x03c00000, 0x04150000, 0x09150000)
  eden space 4416K, 100% used [0x03c00000, 0x04050000, 0x04050000)
  from space 512K,   0% used [0x04050000, 0x04050000, 0x040d0000)
  to   space 512K,   0% used [0x040d0000, 0x040d0000, 0x04150000)
 tenured generation   total 10944K, used 0K [0x09150000, 0x09c00000, 0x13c00000)
   the space 10944K,   0% used [0x09150000, 0x09150000, 0x09150200, 0x09c00000)
 Metaspace       used 794K, capacity 2824K, committed 2880K, reserved 4480K
Event: 0.582 GC heap after
Heap after GC invocations=1 (full 0):
 def new generation   total 4928K, used 512K [0x03c00000, 0x04150000, 0x09150000)
  eden space 4416K,   0% used [0x03c00000, 0x03c00000, 0x04050000)
  from space 512K, 100% used [0x040d0000, 0x04150000, 0x04150000)
  to   space 512K,   0% used [0x04050000, 0x04050000, 0x040d0000)
 tenured generation   total 10944K, used 671K [0x09150000, 0x09c00000, 0x13c00000)
   the space 10944K,   6% used [0x09150000, 0x091f7fc0, 0x091f8000, 0x09c00000)
 Metaspace       used 794K, capacity 2824K, committed 2880K, reserved 4480K
}
Event: 0.840 GC heap before
{Heap before GC invocations=1 (full 0):
 def new generation   total 4928K, used 4928K [0x03c00000, 0x04150000, 0x09150000)
  eden space 4416K, 100% used [0x03c00000, 0x04050000, 0x04050000)
  from space 512K, 100% used [0x040d0000, 0x04150000, 0x04150000)
  to   space 512K,   0% used [0x04050000, 0x04050000, 0x040d0000)
 tenured generation   total 10944K, used 671K [0x09150000, 0x09c00000, 0x13c00000)
   the space 10944K,   6% used [0x09150000, 0x091f7fc0, 0x091f8000, 0x09c00000)
 Metaspace       used 1705K, capacity 3699K, committed 3776K, reserved 4480K
Event: 0.846 GC heap after
Heap after GC invocations=2 (full 0):
 def new generation   total 4928K, used 512K [0x03c00000, 0x04150000, 0x09150000)
  eden space 4416K,   0% used [0x03c00000, 0x03c00000, 0x04050000)
  from space 512K, 100% used [0x04050000, 0x040d0000, 0x040d0000)
  to   space 512K,   0% used [0x040d0000, 0x040d0000, 0x04150000)
 tenured generation   total 10944K, used 1929K [0x09150000, 0x09c00000, 0x13c00000)
   the space 10944K,  17% used [0x09150000, 0x09332528, 0x09332600, 0x09c00000)
 Metaspace       used 1705K, capacity 3699K, committed 3776K, reserved 4480K
}
Event: 1.102 GC heap before
{Heap before GC invocations=2 (full 0):
 def new generation   total 4928K, used 4928K [0x03c00000, 0x04150000, 0x09150000)
  eden space 4416K, 100% used [0x03c00000, 0x04050000, 0x04050000)
  from space 512K, 100% used [0x04050000, 0x040d0000, 0x040d0000)
  to   space 512K,   0% used [0x040d0000, 0x040d0000, 0x04150000)
 tenured generation   total 10944K, used 1929K [0x09150000, 0x09c00000, 0x13c00000)
   the space 10944K,  17% used [0x09150000, 0x09332528, 0x09332600, 0x09c00000)
 Metaspace       used 1915K, capacity 3859K, committed 3904K, reserved 4480K
Event: 1.110 GC heap after
Heap after GC invocations=3 (full 0):
 def new generation   total 4928K, used 512K [0x03c00000, 0x04150000, 0x09150000)
  eden space 4416K,   0% used [0x03c00000, 0x03c00000, 0x04050000)
  from space 512K, 100% used [0x040d0000, 0x04150000, 0x04150000)
  to   space 512K,   0% used [0x04050000, 0x04050000, 0x040d0000)
 tenured generation   total 10944K, used 3665K [0x09150000, 0x09c00000, 0x13c00000)
   the space 10944K,  33% used [0x09150000, 0x094e4678, 0x094e4800, 0x09c00000)
 Metaspace       used 1915K, capacity 3859K, committed 3904K, reserved 4480K
}

Deoptimization events (0 events):
No events

Internal exceptions (10 events):
Event: 0.357 Thread 0x0157c000 Exception <a 'org/lwjgl/LWJGLException'> (0x03e52868) thrown at [C:\workspace\8-2-build-windows-i586-cygwin\jdk8u121\8372\hotspot\src\share\vm\prims\jni.cpp, line 709]
Event: 0.358 Thread 0x0157c000 Exception <a 'org/lwjgl/LWJGLException'> (0x03e52e18) thrown at [C:\workspace\8-2-build-windows-i586-cygwin\jdk8u121\8372\hotspot\src\share\vm\prims\jni.cpp, line 709]
Event: 0.358 Thread 0x0157c000 Exception <a 'org/lwjgl/LWJGLException'> (0x03e53378) thrown at [C:\workspace\8-2-build-windows-i586-cygwin\jdk8u121\8372\hotspot\src\share\vm\prims\jni.cpp, line 709]
Event: 0.358 Thread 0x0157c000 Exception <a 'org/lwjgl/LWJGLException'> (0x03e53850) thrown at [C:\workspace\8-2-build-windows-i586-cygwin\jdk8u121\8372\hotspot\src\share\vm\prims\jni.cpp, line 709]
Event: 0.358 Thread 0x0157c000 Exception <a 'org/lwjgl/LWJGLException'> (0x03e53ce8) thrown at [C:\workspace\8-2-build-windows-i586-cygwin\jdk8u121\8372\hotspot\src\share\vm\prims\jni.cpp, line 709]
Event: 0.358 Thread 0x0157c000 Exception <a 'org/lwjgl/LWJGLException'> (0x03e54200) thrown at [C:\workspace\8-2-build-windows-i586-cygwin\jdk8u121\8372\hotspot\src\share\vm\prims\jni.cpp, line 709]
Event: 0.358 Thread 0x0157c000 Exception <a 'org/lwjgl/LWJGLException'> (0x03e547a8) thrown at [C:\workspace\8-2-build-windows-i586-cygwin\jdk8u121\8372\hotspot\src\share\vm\prims\jni.cpp, line 709]
Event: 0.359 Thread 0x0157c000 Exception <a 'org/lwjgl/LWJGLException'> (0x03e54c98) thrown at [C:\workspace\8-2-build-windows-i586-cygwin\jdk8u121\8372\hotspot\src\share\vm\prims\jni.cpp, line 709]
Event: 0.359 Thread 0x0157c000 Exception <a 'org/lwjgl/LWJGLException'> (0x03e55118) thrown at [C:\workspace\8-2-build-windows-i586-cygwin\jdk8u121\8372\hotspot\src\share\vm\prims\jni.cpp, line 709]
Event: 0.359 Thread 0x0157c000 Exception <a 'org/lwjgl/LWJGLException'> (0x03e55700) thrown at [C:\workspace\8-2-build-windows-i586-cygwin\jdk8u121\8372\hotspot\src\share\vm\prims\jni.cpp, line 709]

Events (10 events):
Event: 1.147 loading class com/badlogic/gdx/physics/box2d/Fixture
Event: 1.147 loading class com/badlogic/gdx/physics/box2d/Fixture done
Event: 1.148 loading class com/badlogic/gdx/physics/box2d/EdgeShape
Event: 1.148 loading class com/badlogic/gdx/physics/box2d/EdgeShape done
Event: 1.152 loading class com/badlogic/gdx/physics/box2d/PolygonShape
Event: 1.152 loading class com/badlogic/gdx/physics/box2d/PolygonShape done
Event: 1.153 loading class box2D/playerBox2D$1
Event: 1.153 loading class box2D/playerBox2D$1 done
Event: 1.154 loading class box2D/InputController
Event: 1.154 loading class box2D/InputController done


Dynamic libraries:
0x00060000 - 0x00093000 	C:\Program Files\Java\jre1.8.0_121\bin\javaw.exe
0x77540000 - 0x7767c000 	C:\Windows\SYSTEM32\ntdll.dll
0x75db0000 - 0x75e84000 	C:\Windows\system32\kernel32.dll
0x758c0000 - 0x7590a000 	C:\Windows\system32\KERNELBASE.dll
0x75990000 - 0x75a30000 	C:\Windows\system32\ADVAPI32.dll
0x75a30000 - 0x75adc000 	C:\Windows\system32\msvcrt.dll
0x77700000 - 0x77719000 	C:\Windows\SYSTEM32\sechost.dll
0x75bc0000 - 0x75c61000 	C:\Windows\system32\RPCRT4.dll
0x77470000 - 0x77539000 	C:\Windows\system32\USER32.dll
0x76ce0000 - 0x76d2e000 	C:\Windows\system32\GDI32.dll
0x76ae0000 - 0x76aea000 	C:\Windows\system32\LPK.dll
0x76d30000 - 0x76dcd000 	C:\Windows\system32\USP10.dll
0x74600000 - 0x7479e000 	C:\Windows\WinSxS\x86_microsoft.windows.common-controls_6595b64144ccf1df_6.0.7600.16385_none_421189da2b7fabfc\COMCTL32.dll
0x77690000 - 0x776e7000 	C:\Windows\system32\SHLWAPI.dll
0x77750000 - 0x7776f000 	C:\Windows\system32\IMM32.DLL
0x76eb0000 - 0x76f7c000 	C:\Windows\system32\MSCTF.dll
0x669e0000 - 0x66a9f000 	C:\Program Files\Java\jre1.8.0_121\bin\msvcr100.dll
0x688f0000 - 0x68cbe000 	C:\Program Files\Java\jre1.8.0_121\bin\client\jvm.dll
0x71c20000 - 0x71c27000 	C:\Windows\system32\WSOCK32.dll
0x75b80000 - 0x75bb5000 	C:\Windows\system32\WS2_32.dll
0x77680000 - 0x77686000 	C:\Windows\system32\NSI.dll
0x6fe60000 - 0x6fe92000 	C:\Windows\system32\WINMM.dll
0x74b90000 - 0x74b99000 	C:\Windows\system32\VERSION.dll
0x75ae0000 - 0x75ae5000 	C:\Windows\system32\PSAPI.DLL
0x73c30000 - 0x73c3c000 	C:\Program Files\Java\jre1.8.0_121\bin\verify.dll
0x72680000 - 0x726a1000 	C:\Program Files\Java\jre1.8.0_121\bin\java.dll
0x72e60000 - 0x72e73000 	C:\Program Files\Java\jre1.8.0_121\bin\zip.dll
0x75e90000 - 0x76ad9000 	C:\Windows\system32\SHELL32.dll
0x77310000 - 0x7746c000 	C:\Windows\system32\ole32.dll
0x75690000 - 0x7569b000 	C:\Windows\system32\profapi.dll
0x6cec0000 - 0x6cf42000 	C:\Users\HOME\AppData\Local\Temp\libgdxHOME\6df0928e\gdx.dll
0x140c0000 - 0x1410c000 	C:\Users\HOME\AppData\Local\Temp\libgdxHOME\52d76f2b\lwjgl.dll
0x66910000 - 0x669d8000 	C:\Windows\system32\OPENGL32.dll
0x69c50000 - 0x69c72000 	C:\Windows\system32\GLU32.dll
0x68240000 - 0x68327000 	C:\Windows\system32\DDRAW.dll
0x6fc90000 - 0x6fc96000 	C:\Windows\system32\DCIMAN32.dll
0x76af0000 - 0x76c8d000 	C:\Windows\system32\SETUPAPI.dll
0x75910000 - 0x75937000 	C:\Windows\system32\CFGMGR32.dll
0x75af0000 - 0x75b7f000 	C:\Windows\system32\OLEAUT32.dll
0x75970000 - 0x75982000 	C:\Windows\system32\DEVOBJ.dll
0x74050000 - 0x74063000 	C:\Windows\system32\dwmapi.dll
0x14800000 - 0x14865000 	C:\Users\HOME\AppData\Local\Temp\libgdxHOME\52d76f2b\OpenAL32.dll
0x755e0000 - 0x755ec000 	C:\Windows\system32\CRYPTBASE.dll
0x74340000 - 0x74380000 	C:\Windows\system32\uxtheme.dll
0x76f80000 - 0x77003000 	C:\Windows\system32\CLBCatQ.DLL
0x744c0000 - 0x745b5000 	C:\Windows\System32\PROPSYS.dll
0x75940000 - 0x7596d000 	C:\Windows\system32\WINTRUST.dll
0x75710000 - 0x7582c000 	C:\Windows\system32\CRYPT32.dll
0x75700000 - 0x7570c000 	C:\Windows\system32\MSASN1.dll
0x66890000 - 0x66902000 	C:\Windows\system32\dsound.dll
0x743e0000 - 0x74405000 	C:\Windows\system32\POWRPROF.dll
0x743a0000 - 0x743d9000 	C:\Windows\System32\MMDevApi.dll
0x735d0000 - 0x73606000 	C:\Windows\system32\AUDIOSES.DLL
0x15790000 - 0x15b82000 	C:\Windows\system32\ig4icd32.dll
0x15b90000 - 0x15e2a000 	C:\Windows\system32\ig4dev32.dll
0x693e0000 - 0x69459000 	C:\Windows\system32\mscms.dll
0x74cf0000 - 0x74d07000 	C:\Windows\system32\USERENV.dll
0x697b0000 - 0x697e8000 	C:\Windows\system32\icm32.dll
0x71a20000 - 0x71b0b000 	C:\Windows\system32\dbghelp.dll

VM Arguments:
jvm_args: -Dfile.encoding=Cp1252 
java_command: box2D.Main
java_class_path (initial): C:\Users\HOME\Desktop\box2DExample\box2DExample-desktop\bin;C:\Users\HOME\Desktop\box2DExample\box2DExample\bin;C:\Users\HOME\Desktop\Nueva carpeta (2)\libgdx-0.9.9\gdx.jar;C:\Users\HOME\Desktop\Nueva carpeta (2)\libgdx-0.9.9\gdx-1.7.1.jar;C:\Users\HOME\Desktop\Nueva carpeta (2)\libgdx-0.9.9\gdx-ai-1.7.0.jar;C:\Users\HOME\Desktop\Nueva carpeta (2)\libgdx-0.9.9\gdx-backend-android.jar;C:\Users\HOME\Desktop\Nueva carpeta (2)\libgdx-0.9.9\gdx-backend-gwt.jar;C:\Users\HOME\Desktop\Nueva carpeta (2)\libgdx-0.9.9\gdx-backend-jglfw.jar;C:\Users\HOME\Desktop\Nueva carpeta (2)\libgdx-0.9.9\gdx-backend-jglfw-natives.jar;C:\Users\HOME\Desktop\Nueva carpeta (2)\libgdx-0.9.9\gdx-backend-lwjgl.jar;C:\Users\HOME\Desktop\Nueva carpeta (2)\libgdx-0.9.9\gdx-backend-lwjgl-natives.jar;C:\Users\HOME\Desktop\Nueva carpeta (2)\libgdx-0.9.9\gdx-backend-robovm.jar;C:\Users\HOME\Desktop\Nueva carpeta (2)\libgdx-0.9.9\gdx-natives.jar;C:\Users\HOME\Desktop\Nueva carpeta (2)\libgdx-0.9.9\gdx-openal.jar;C:\Users\HOME\Desktop\Nueva carpeta (2)\libgdx-0.9.9\gdx-setup.jar;C:\Users\HOME\Desktop\Nueva carpeta (2)\libgdx-0.9.9\gdx-setup-ui.jar
Launcher Type: SUN_STANDARD

Environment Variables:
PATH=C:/Program Files/Java/jre1.8.0_121/bin/client;C:/Program Files/Java/jre1.8.0_121/bin;C:/Program Files/Java/jre1.8.0_121/lib/i386;C:\ProgramData\Oracle\Java\javapath;C:\Windows\system32;C:\Windows;C:\Windows\System32\Wbem;C:\Windows\System32\WindowsPowerShell\v1.0\;C:\Program Files\eclipse;
USERNAME=HOME
OS=Windows_NT
PROCESSOR_IDENTIFIER=x86 Family 6 Model 15 Stepping 13, GenuineIntel



---------------  S Y S T E M  ---------------

OS: Windows 7 Build 7600 (6.1.7600.16385)

CPU:total 2 (2 cores per cpu, 1 threads per core) family 6 model 15 stepping 13, cmov, cx8, fxsr, mmx, sse, sse2, sse3, ssse3, tsc

Memory: 4k page, physical 2087160k(853536k free), swap 4174320k(1936232k free)

vm_info: Java HotSpot(TM) Client VM (25.121-b13) for windows-x86 JRE (1.8.0_121-b13), built on Dec 12 2016 18:17:00 by "java_re" with MS VC++ 10.0 (VS2010)

time: Tue Dec 04 21:20:28 2018
elapsed time: 1 seconds (0d 0h 0m 1s)

