#
# A fatal error has been detected by the Java Runtime Environment:
#
#  EXCEPTION_ACCESS_VIOLATION (0xc0000005) at pc=0x417b999a, pid=4412, tid=0x00000788
#
# JRE version: Java(TM) SE Runtime Environment (8.0_121-b13) (build 1.8.0_121-b13)
# Java VM: Java HotSpot(TM) Client VM (25.121-b13 mixed mode, sharing windows-x86 )
# Problematic frame:
# C  0x417b999a
#
# Failed to write core dump. Minidumps are not enabled by default on client versions of Windows
#
# If you would like to submit a bug report, please visit:
#   http://bugreport.java.com/bugreport/crash.jsp
# The crash happened outside the Java Virtual Machine in native code.
# See problematic frame for where to report the bug.
#

---------------  T H R E A D  ---------------

Current thread (0x147d1c00):  JavaThread "LWJGL Application" [_thread_in_native, id=1928, stack(0x14a50000,0x14aa0000)]

siginfo: ExceptionCode=0xc0000005, ExceptionInformation=0x00000008 0x417b999a

Registers:
EAX=0x0028ff50, EBX=0x148c2778, ECX=0x148c5f80, EDX=0x1489a2a0
ESP=0x14a9f54c, EBP=0x14880c18, ESI=0x148c5f80, EDI=0x14a9f5b4
EIP=0x417b999a, EFLAGS=0x00010206

Top of Stack: (sp=0x14a9f54c)
0x14a9f54c:   6cee0256 0028ff50 14880c18 13e83358
0x14a9f55c:   14a9f58c 13e84c58 00000000 13e833d0
0x14a9f56c:   148c2778 14880c18 148c5f80 14a9f638
0x14a9f57c:   6cedf285 148c5f80 14880c18 148c2778
0x14a9f58c:   14a9f5b4 13fd1660 13fd1660 147d1c00
0x14a9f59c:   6cee8834 148c2778 14a9f5b4 00000000
0x14a9f5ac:   14a9f5d8 14a9f62c 0028ff50 00000000
0x14a9f5bc:   00000000 00000000 00000000 00010000 

Instructions: (pc=0x417b999a)
0x417b997a:   
[error occurred during error reporting (printing registers, top of stack, instructions near pc), id 0xc0000005]

Register to memory mapping:

EAX=0x0028ff50 is an unknown value
EBX=0x148c2778 is an unknown value
ECX=0x148c5f80 is an unknown value
EDX=0x1489a2a0 is an unknown value
ESP=0x14a9f54c is pointing into the stack for thread: 0x147d1c00
EBP=0x14880c18 is an unknown value
ESI=0x148c5f80 is an unknown value
EDI=0x14a9f5b4 is pointing into the stack for thread: 0x147d1c00


Stack: [0x14a50000,0x14aa0000],  sp=0x14a9f54c,  free space=317k
Native frames: (J=compiled Java code, j=interpreted, Vv=VM code, C=native code)
C  0x417b999a

Java frames: (J=compiled Java code, j=interpreted, Vv=VM code)
j  com.badlogic.gdx.physics.box2d.Body.jniCreateFixture(JJFFFZSSS)J+0
j  com.badlogic.gdx.physics.box2d.Body.createFixture(Lcom/badlogic/gdx/physics/box2d/FixtureDef;)Lcom/badlogic/gdx/physics/box2d/Fixture;+49
j  box2D.map00.buildMap(Lcom/badlogic/gdx/physics/box2d/World;)V+1170
j  box2D.maps.chooseMap(I)V+160
j  box2D.box2DCode.create()V+153
j  com.badlogic.gdx.backends.lwjgl.LwjglApplication.mainLoop()V+29
j  com.badlogic.gdx.backends.lwjgl.LwjglApplication$1.run()V+27
v  ~StubRoutines::call_stub

---------------  P R O C E S S  ---------------

Java Threads: ( => current thread )
  0x188e1c00 JavaThread "AsynchExecutor-Thread" daemon [_thread_blocked, id=6124, stack(0x19060000,0x190b0000)]
  0x0090c000 JavaThread "DestroyJavaVM" [_thread_blocked, id=4680, stack(0x00910000,0x00960000)]
=>0x147d1c00 JavaThread "LWJGL Application" [_thread_in_native, id=1928, stack(0x14a50000,0x14aa0000)]
  0x00adc400 JavaThread "Service Thread" daemon [_thread_blocked, id=1956, stack(0x14620000,0x14670000)]
  0x00aa0800 JavaThread "C1 CompilerThread0" daemon [_thread_blocked, id=6040, stack(0x14510000,0x14560000)]
  0x00a9f400 JavaThread "Attach Listener" daemon [_thread_blocked, id=3696, stack(0x14300000,0x14350000)]
  0x00a9c400 JavaThread "Signal Dispatcher" daemon [_thread_blocked, id=4432, stack(0x14440000,0x14490000)]
  0x00a93c00 JavaThread "Finalizer" daemon [_thread_blocked, id=5948, stack(0x14090000,0x140e0000)]
  0x00a37800 JavaThread "Reference Handler" daemon [_thread_blocked, id=4760, stack(0x14100000,0x14150000)]

Other Threads:
  0x00a33400 VMThread [stack: 0x141a0000,0x141f0000] [id=4184]
  0x00ae8800 WatcherThread [stack: 0x143e0000,0x14430000] [id=4628]

VM state:not at safepoint (normal execution)

VM Mutex/Monitor currently owned by a thread: None

Heap:
 def new generation   total 4928K, used 1586K [0x03c00000, 0x04150000, 0x09150000)
  eden space 4416K,  24% used [0x03c00000, 0x03d0c9f8, 0x04050000)
  from space 512K, 100% used [0x040d0000, 0x04150000, 0x04150000)
  to   space 512K,   0% used [0x04050000, 0x04050000, 0x040d0000)
 tenured generation   total 10944K, used 3584K [0x09150000, 0x09c00000, 0x13c00000)
   the space 10944K,  32% used [0x09150000, 0x094d03a0, 0x094d0400, 0x09c00000)
 Metaspace       used 2026K, capacity 3987K, committed 4032K, reserved 4480K

Card table byte_map: [0x03b20000,0x03bb0000] byte_map_base: 0x03b02000

Polling page: 0x00270000

CodeCache: size=32768Kb used=1100Kb max_used=1100Kb free=31667Kb
 bounds [0x01b20000, 0x01c38000, 0x03b20000]
 total_blobs=474 nmethods=220 adapters=186
 compilation: enabled

Compilation events (10 events):
Event: 1.302 Thread 0x00aa0800  215             java.lang.String::equalsIgnoreCase (48 bytes)
Event: 1.303 Thread 0x00aa0800 nmethod 215 0x01c30548 code [0x01c30650, 0x01c3075c]
Event: 1.317 Thread 0x00aa0800  216   !         java.util.zip.InflaterInputStream::read (138 bytes)
Event: 1.319 Thread 0x00aa0800 nmethod 216 0x01c30b08 code [0x01c30cb0, 0x01c314e4]
Event: 1.319 Thread 0x00aa0800  217   !         java.util.zip.Inflater::inflate (113 bytes)
Event: 1.319 Thread 0x00aa0800 nmethod 217 0x01c31bc8 code [0x01c31d00, 0x01c320c0]
Event: 1.325 Thread 0x00aa0800  219             java.lang.String::<init> (10 bytes)
Event: 1.325 Thread 0x00aa0800 nmethod 219 0x01c32b48 code [0x01c32c40, 0x01c32cd0]
Event: 1.336 Thread 0x00aa0800  220             com.badlogic.gdx.utils.Array::<init> (21 bytes)
Event: 1.337 Thread 0x00aa0800 nmethod 220 0x01c32f48 code [0x01c33040, 0x01c33150]

GC Heap History (6 events):
Event: 0.686 GC heap before
{Heap before GC invocations=0 (full 0):
 def new generation   total 4928K, used 4416K [0x03c00000, 0x04150000, 0x09150000)
  eden space 4416K, 100% used [0x03c00000, 0x04050000, 0x04050000)
  from space 512K,   0% used [0x04050000, 0x04050000, 0x040d0000)
  to   space 512K,   0% used [0x040d0000, 0x040d0000, 0x04150000)
 tenured generation   total 10944K, used 0K [0x09150000, 0x09c00000, 0x13c00000)
   the space 10944K,   0% used [0x09150000, 0x09150000, 0x09150200, 0x09c00000)
 Metaspace       used 783K, capacity 2792K, committed 2880K, reserved 4480K
Event: 0.692 GC heap after
Heap after GC invocations=1 (full 0):
 def new generation   total 4928K, used 512K [0x03c00000, 0x04150000, 0x09150000)
  eden space 4416K,   0% used [0x03c00000, 0x03c00000, 0x04050000)
  from space 512K, 100% used [0x040d0000, 0x04150000, 0x04150000)
  to   space 512K,   0% used [0x04050000, 0x04050000, 0x040d0000)
 tenured generation   total 10944K, used 642K [0x09150000, 0x09c00000, 0x13c00000)
   the space 10944K,   5% used [0x09150000, 0x091f0960, 0x091f0a00, 0x09c00000)
 Metaspace       used 783K, capacity 2792K, committed 2880K, reserved 4480K
}
Event: 1.015 GC heap before
{Heap before GC invocations=1 (full 0):
 def new generation   total 4928K, used 4927K [0x03c00000, 0x04150000, 0x09150000)
  eden space 4416K,  99% used [0x03c00000, 0x0404ffd8, 0x04050000)
  from space 512K, 100% used [0x040d0000, 0x04150000, 0x04150000)
  to   space 512K,   0% used [0x04050000, 0x04050000, 0x040d0000)
 tenured generation   total 10944K, used 642K [0x09150000, 0x09c00000, 0x13c00000)
   the space 10944K,   5% used [0x09150000, 0x091f0960, 0x091f0a00, 0x09c00000)
 Metaspace       used 1693K, capacity 3667K, committed 3776K, reserved 4480K
Event: 1.021 GC heap after
Heap after GC invocations=2 (full 0):
 def new generation   total 4928K, used 512K [0x03c00000, 0x04150000, 0x09150000)
  eden space 4416K,   0% used [0x03c00000, 0x03c00000, 0x04050000)
  from space 512K, 100% used [0x04050000, 0x040d0000, 0x040d0000)
  to   space 512K,   0% used [0x040d0000, 0x040d0000, 0x04150000)
 tenured generation   total 10944K, used 1847K [0x09150000, 0x09c00000, 0x13c00000)
   the space 10944K,  16% used [0x09150000, 0x0931dec8, 0x0931e000, 0x09c00000)
 Metaspace       used 1693K, capacity 3667K, committed 3776K, reserved 4480K
}
Event: 1.274 GC heap before
{Heap before GC invocations=2 (full 0):
 def new generation   total 4928K, used 4928K [0x03c00000, 0x04150000, 0x09150000)
  eden space 4416K, 100% used [0x03c00000, 0x04050000, 0x04050000)
  from space 512K, 100% used [0x04050000, 0x040d0000, 0x040d0000)
  to   space 512K,   0% used [0x040d0000, 0x040d0000, 0x04150000)
 tenured generation   total 10944K, used 1847K [0x09150000, 0x09c00000, 0x13c00000)
   the space 10944K,  16% used [0x09150000, 0x0931dec8, 0x0931e000, 0x09c00000)
 Metaspace       used 1916K, capacity 3859K, committed 3904K, reserved 4480K
Event: 1.284 GC heap after
Heap after GC invocations=3 (full 0):
 def new generation   total 4928K, used 512K [0x03c00000, 0x04150000, 0x09150000)
  eden space 4416K,   0% used [0x03c00000, 0x03c00000, 0x04050000)
  from space 512K, 100% used [0x040d0000, 0x04150000, 0x04150000)
  to   space 512K,   0% used [0x04050000, 0x04050000, 0x040d0000)
 tenured generation   total 10944K, used 3584K [0x09150000, 0x09c00000, 0x13c00000)
   the space 10944K,  32% used [0x09150000, 0x094d03a0, 0x094d0400, 0x09c00000)
 Metaspace       used 1916K, capacity 3859K, committed 3904K, reserved 4480K
}

Deoptimization events (0 events):
No events

Internal exceptions (10 events):
Event: 0.387 Thread 0x0090c000 Exception <a 'org/lwjgl/LWJGLException'> (0x03e60a78) thrown at [C:\workspace\8-2-build-windows-i586-cygwin\jdk8u121\8372\hotspot\src\share\vm\prims\jni.cpp, line 709]
Event: 0.387 Thread 0x0090c000 Exception <a 'org/lwjgl/LWJGLException'> (0x03e61028) thrown at [C:\workspace\8-2-build-windows-i586-cygwin\jdk8u121\8372\hotspot\src\share\vm\prims\jni.cpp, line 709]
Event: 0.388 Thread 0x0090c000 Exception <a 'org/lwjgl/LWJGLException'> (0x03e61588) thrown at [C:\workspace\8-2-build-windows-i586-cygwin\jdk8u121\8372\hotspot\src\share\vm\prims\jni.cpp, line 709]
Event: 0.388 Thread 0x0090c000 Exception <a 'org/lwjgl/LWJGLException'> (0x03e61a60) thrown at [C:\workspace\8-2-build-windows-i586-cygwin\jdk8u121\8372\hotspot\src\share\vm\prims\jni.cpp, line 709]
Event: 0.388 Thread 0x0090c000 Exception <a 'org/lwjgl/LWJGLException'> (0x03e61ef8) thrown at [C:\workspace\8-2-build-windows-i586-cygwin\jdk8u121\8372\hotspot\src\share\vm\prims\jni.cpp, line 709]
Event: 0.388 Thread 0x0090c000 Exception <a 'org/lwjgl/LWJGLException'> (0x03e62410) thrown at [C:\workspace\8-2-build-windows-i586-cygwin\jdk8u121\8372\hotspot\src\share\vm\prims\jni.cpp, line 709]
Event: 0.388 Thread 0x0090c000 Exception <a 'org/lwjgl/LWJGLException'> (0x03e629b8) thrown at [C:\workspace\8-2-build-windows-i586-cygwin\jdk8u121\8372\hotspot\src\share\vm\prims\jni.cpp, line 709]
Event: 0.389 Thread 0x0090c000 Exception <a 'org/lwjgl/LWJGLException'> (0x03e62ea8) thrown at [C:\workspace\8-2-build-windows-i586-cygwin\jdk8u121\8372\hotspot\src\share\vm\prims\jni.cpp, line 709]
Event: 0.389 Thread 0x0090c000 Exception <a 'org/lwjgl/LWJGLException'> (0x03e63338) thrown at [C:\workspace\8-2-build-windows-i586-cygwin\jdk8u121\8372\hotspot\src\share\vm\prims\jni.cpp, line 709]
Event: 0.389 Thread 0x0090c000 Exception <a 'org/lwjgl/LWJGLException'> (0x03e63980) thrown at [C:\workspace\8-2-build-windows-i586-cygwin\jdk8u121\8372\hotspot\src\share\vm\prims\jni.cpp, line 709]

Events (10 events):
Event: 1.324 loading class com/badlogic/gdx/physics/box2d/PolygonShape
Event: 1.324 loading class com/badlogic/gdx/physics/box2d/PolygonShape done
Event: 1.325 loading class box2D/Materials
Event: 1.325 loading class box2D/Materials done
Event: 1.327 loading class com/badlogic/gdx/graphics/g2d/Sprite
Event: 1.327 loading class com/badlogic/gdx/graphics/g2d/Sprite done
Event: 1.328 Executing VM operation: Deoptimize
Event: 1.328 Executing VM operation: Deoptimize done
Event: 1.332 loading class box2D/Bag$Node
Event: 1.332 loading class box2D/Bag$Node done


Dynamic libraries:
0x00c10000 - 0x00c43000 	C:\Program Files\Java\jre1.8.0_121\bin\javaw.exe
0x77810000 - 0x7794c000 	C:\Windows\SYSTEM32\ntdll.dll
0x771f0000 - 0x772c4000 	C:\Windows\system32\kernel32.dll
0x75a70000 - 0x75aba000 	C:\Windows\system32\KERNELBASE.dll
0x75fa0000 - 0x76040000 	C:\Windows\system32\ADVAPI32.dll
0x75c60000 - 0x75d0c000 	C:\Windows\system32\msvcrt.dll
0x75d10000 - 0x75d29000 	C:\Windows\SYSTEM32\sechost.dll
0x763c0000 - 0x76461000 	C:\Windows\system32\RPCRT4.dll
0x76090000 - 0x76159000 	C:\Windows\system32\USER32.dll
0x77980000 - 0x779ce000 	C:\Windows\system32\GDI32.dll
0x779d0000 - 0x779da000 	C:\Windows\system32\LPK.dll
0x76500000 - 0x7659d000 	C:\Windows\system32\USP10.dll
0x748f0000 - 0x74a8e000 	C:\Windows\WinSxS\x86_microsoft.windows.common-controls_6595b64144ccf1df_6.0.7600.16385_none_421189da2b7fabfc\COMCTL32.dll
0x76160000 - 0x761b7000 	C:\Windows\system32\SHLWAPI.dll
0x77a20000 - 0x77a3f000 	C:\Windows\system32\IMM32.DLL
0x75ed0000 - 0x75f9c000 	C:\Windows\system32\MSCTF.dll
0x628f0000 - 0x629af000 	C:\Program Files\Java\jre1.8.0_121\bin\msvcr100.dll
0x67e70000 - 0x6823e000 	C:\Program Files\Java\jre1.8.0_121\bin\client\jvm.dll
0x72110000 - 0x72117000 	C:\Windows\system32\WSOCK32.dll
0x779e0000 - 0x77a15000 	C:\Windows\system32\WS2_32.dll
0x77970000 - 0x77976000 	C:\Windows\system32\NSI.dll
0x70ec0000 - 0x70ef2000 	C:\Windows\system32\WINMM.dll
0x74e60000 - 0x74e69000 	C:\Windows\system32\VERSION.dll
0x77950000 - 0x77955000 	C:\Windows\system32\PSAPI.DLL
0x72b80000 - 0x72b8c000 	C:\Program Files\Java\jre1.8.0_121\bin\verify.dll
0x72af0000 - 0x72b11000 	C:\Program Files\Java\jre1.8.0_121\bin\java.dll
0x72ad0000 - 0x72ae3000 	C:\Program Files\Java\jre1.8.0_121\bin\zip.dll
0x765a0000 - 0x771e9000 	C:\Windows\system32\SHELL32.dll
0x772d0000 - 0x7742c000 	C:\Windows\system32\ole32.dll
0x75960000 - 0x7596b000 	C:\Windows\system32\profapi.dll
0x6cec0000 - 0x6cf42000 	C:\Users\HOME\AppData\Local\Temp\libgdxHOME\6df0928e\gdx.dll
0x03bb0000 - 0x03bfc000 	C:\Users\HOME\AppData\Local\Temp\libgdxHOME\52d76f2b\lwjgl.dll
0x69550000 - 0x69618000 	C:\Windows\system32\OPENGL32.dll
0x71500000 - 0x71522000 	C:\Windows\system32\GLU32.dll
0x6beb0000 - 0x6bf97000 	C:\Windows\system32\DDRAW.dll
0x72e60000 - 0x72e66000 	C:\Windows\system32\DCIMAN32.dll
0x77670000 - 0x7780d000 	C:\Windows\system32\SETUPAPI.dll
0x75be0000 - 0x75c07000 	C:\Windows\system32\CFGMGR32.dll
0x76470000 - 0x764ff000 	C:\Windows\system32\OLEAUT32.dll
0x75c10000 - 0x75c22000 	C:\Windows\system32\DEVOBJ.dll
0x74220000 - 0x74233000 	C:\Windows\system32\dwmapi.dll
0x14350000 - 0x143b5000 	C:\Users\HOME\AppData\Local\Temp\libgdxHOME\52d76f2b\OpenAL32.dll
0x758b0000 - 0x758bc000 	C:\Windows\system32\CRYPTBASE.dll
0x74770000 - 0x747b0000 	C:\Windows\system32\uxtheme.dll
0x75e40000 - 0x75ec3000 	C:\Windows\system32\CLBCatQ.DLL
0x747b0000 - 0x748a5000 	C:\Windows\System32\PROPSYS.dll
0x75c30000 - 0x75c5d000 	C:\Windows\system32\WINTRUST.dll
0x75ac0000 - 0x75bdc000 	C:\Windows\system32\CRYPT32.dll
0x759d0000 - 0x759dc000 	C:\Windows\system32\MSASN1.dll
0x66630000 - 0x666a2000 	C:\Windows\system32\dsound.dll
0x74530000 - 0x74555000 	C:\Windows\system32\POWRPROF.dll
0x744f0000 - 0x74529000 	C:\Windows\System32\MMDevApi.dll
0x726e0000 - 0x72716000 	C:\Windows\system32\AUDIOSES.DLL
0x15750000 - 0x15b42000 	C:\Windows\system32\ig4icd32.dll
0x15b50000 - 0x15dea000 	C:\Windows\system32\ig4dev32.dll
0x706d0000 - 0x70749000 	C:\Windows\system32\mscms.dll
0x74fc0000 - 0x74fd7000 	C:\Windows\system32\USERENV.dll
0x71300000 - 0x71338000 	C:\Windows\system32\icm32.dll
0x72010000 - 0x720fb000 	C:\Windows\system32\dbghelp.dll

VM Arguments:
jvm_args: -Dfile.encoding=Cp1252 
java_command: box2D.Main
java_class_path (initial): C:\Users\HOME\Desktop\videoGameGit\videogameGit\box2DExample-desktop\bin;C:\Users\HOME\Desktop\videoGameGit\videogameGit\box2DExample\bin;C:\Users\HOME\Desktop\Nueva carpeta (2)\libgdx-0.9.9\gdx.jar;C:\Users\HOME\Desktop\Nueva carpeta (2)\libgdx-0.9.9\gdx-pe-loader-1.1.0.jar;C:\Users\HOME\Desktop\Nueva carpeta (2)\libgdx-0.9.9\gdx-1.7.1.jar;C:\Users\HOME\Desktop\Nueva carpeta (2)\libgdx-0.9.9\gdx-ai-1.7.0.jar;C:\Users\HOME\Desktop\Nueva carpeta (2)\libgdx-0.9.9\gdx-backend-android.jar;C:\Users\HOME\Desktop\Nueva carpeta (2)\libgdx-0.9.9\gdx-backend-gwt.jar;C:\Users\HOME\Desktop\Nueva carpeta (2)\libgdx-0.9.9\gdx-backend-jglfw.jar;C:\Users\HOME\Desktop\Nueva carpeta (2)\libgdx-0.9.9\gdx-backend-jglfw-natives.jar;C:\Users\HOME\Desktop\Nueva carpeta (2)\libgdx-0.9.9\gdx-backend-lwjgl.jar;C:\Users\HOME\Desktop\Nueva carpeta (2)\libgdx-0.9.9\gdx-backend-lwjgl-natives.jar;C:\Users\HOME\Desktop\Nueva carpeta (2)\libgdx-0.9.9\gdx-backend-robovm.jar;C:\Users\HOME\Desktop\Nueva carpeta (2)\libgdx-0.9.9\gdx-natives.jar;C:\Users\HOME\Desktop\Nueva carpeta (2)\libgdx-0.9.9\gdx-openal.jar;C:\Users\HOME\Desktop\Nueva carpeta (2)\libgdx-0.9.9\gdx-setup.jar;C:\Users\HOME\Desktop\Nueva carpeta (2)\libgdx-0.9.9\gdx-setup-ui.jar
Launcher Type: SUN_STANDARD

Environment Variables:
PATH=C:/Program Files/Java/jre1.8.0_121/bin/client;C:/Program Files/Java/jre1.8.0_121/bin;C:/Program Files/Java/jre1.8.0_121/lib/i386;C:\ProgramData\Oracle\Java\javapath;C:\Windows\system32;C:\Windows;C:\Windows\System32\Wbem;C:\Windows\System32\WindowsPowerShell\v1.0\;C:\Program Files\eclipse;
USERNAME=HOME
OS=Windows_NT
PROCESSOR_IDENTIFIER=x86 Family 6 Model 15 Stepping 13, GenuineIntel



---------------  S Y S T E M  ---------------

OS: Windows 7 Build 7600 (6.1.7600.16385)

CPU:total 2 (2 cores per cpu, 1 threads per core) family 6 model 15 stepping 13, cmov, cx8, fxsr, mmx, sse, sse2, sse3, ssse3, tsc

Memory: 4k page, physical 2087160k(615148k free), swap 4174320k(2063392k free)

vm_info: Java HotSpot(TM) Client VM (25.121-b13) for windows-x86 JRE (1.8.0_121-b13), built on Dec 12 2016 18:17:00 by "java_re" with MS VC++ 10.0 (VS2010)

time: Fri Dec 07 14:35:27 2018
elapsed time: 1 seconds (0d 0h 0m 1s)

