#
# A fatal error has been detected by the Java Runtime Environment:
#
#  EXCEPTION_ACCESS_VIOLATION (0xc0000005) at pc=0x417b999a, pid=4696, tid=0x0000176c
#
# JRE version: Java(TM) SE Runtime Environment (8.0_121-b13) (build 1.8.0_121-b13)
# Java VM: Java HotSpot(TM) Client VM (25.121-b13 mixed mode, sharing windows-x86 )
# Problematic frame:
# C  0x417b999a
#
# Failed to write core dump. Minidumps are not enabled by default on client versions of Windows
#
# If you would like to submit a bug report, please visit:
#   http://bugreport.java.com/bugreport/crash.jsp
# The crash happened outside the Java Virtual Machine in native code.
# See problematic frame for where to report the bug.
#

---------------  T H R E A D  ---------------

Current thread (0x1471f000):  JavaThread "LWJGL Application" [_thread_in_native, id=5996, stack(0x15580000,0x155d0000)]

siginfo: ExceptionCode=0xc0000005, ExceptionInformation=0x00000008 0x417b999a

Registers:
EAX=0x003bff50, EBX=0x14832818, ECX=0x14835f80, EDX=0x1480a2a0
ESP=0x155cf52c, EBP=0x147f0c18, ESI=0x14835f80, EDI=0x155cf594
EIP=0x417b999a, EFLAGS=0x00010206

Top of Stack: (sp=0x155cf52c)
0x155cf52c:   6cee0256 003bff50 147f0c18 14083358
0x155cf53c:   155cf56c 14084c58 00000000 140833d0
0x155cf54c:   14832818 147f0c18 14835f80 155cf618
0x155cf55c:   6cedf285 14835f80 147f0c18 14832818
0x155cf56c:   155cf594 141d15f8 141d15f8 1471f000
0x155cf57c:   6cee8834 14832818 155cf594 00000000
0x155cf58c:   155cf5b8 155cf60c 003bff50 00000000
0x155cf59c:   00000000 00000000 00000000 00010000 

Instructions: (pc=0x417b999a)
0x417b997a:   
[error occurred during error reporting (printing registers, top of stack, instructions near pc), id 0xc0000005]

Register to memory mapping:

EAX=0x003bff50 is an unknown value
EBX=0x14832818 is an unknown value
ECX=0x14835f80 is an unknown value
EDX=0x1480a2a0 is an unknown value
ESP=0x155cf52c is pointing into the stack for thread: 0x1471f000
EBP=0x147f0c18 is an unknown value
ESI=0x14835f80 is an unknown value
EDI=0x155cf594 is pointing into the stack for thread: 0x1471f000


Stack: [0x15580000,0x155d0000],  sp=0x155cf52c,  free space=317k
Native frames: (J=compiled Java code, j=interpreted, Vv=VM code, C=native code)
C  0x417b999a

Java frames: (J=compiled Java code, j=interpreted, Vv=VM code)
j  com.badlogic.gdx.physics.box2d.Body.jniCreateFixture(JJFFFZSSS)J+0
j  com.badlogic.gdx.physics.box2d.Body.createFixture(Lcom/badlogic/gdx/physics/box2d/FixtureDef;)Lcom/badlogic/gdx/physics/box2d/Fixture;+49
j  box2D.map00.buildMap(Lcom/badlogic/gdx/physics/box2d/World;)V+1235
j  box2D.maps.chooseMap(I)V+160
j  box2D.box2DCode.create()V+153
j  com.badlogic.gdx.backends.lwjgl.LwjglApplication.mainLoop()V+29
j  com.badlogic.gdx.backends.lwjgl.LwjglApplication$1.run()V+27
v  ~StubRoutines::call_stub

---------------  P R O C E S S  ---------------

Java Threads: ( => current thread )
  0x1476e400 JavaThread "AsynchExecutor-Thread" daemon [_thread_blocked, id=5164, stack(0x15c40000,0x15c90000)]
  0x0042c000 JavaThread "DestroyJavaVM" [_thread_blocked, id=5684, stack(0x01900000,0x01950000)]
=>0x1471f000 JavaThread "LWJGL Application" [_thread_in_native, id=5996, stack(0x15580000,0x155d0000)]
  0x005f9400 JavaThread "Service Thread" daemon [_thread_blocked, id=5564, stack(0x03d60000,0x03db0000)]
  0x005d0400 JavaThread "C1 CompilerThread0" daemon [_thread_blocked, id=4780, stack(0x14590000,0x145e0000)]
  0x005cf400 JavaThread "Attach Listener" daemon [_thread_blocked, id=4128, stack(0x144d0000,0x14520000)]
  0x005cc400 JavaThread "Signal Dispatcher" daemon [_thread_blocked, id=4344, stack(0x14260000,0x142b0000)]
  0x005c3c00 JavaThread "Finalizer" daemon [_thread_blocked, id=3884, stack(0x03d00000,0x03d50000)]
  0x00567800 JavaThread "Reference Handler" daemon [_thread_blocked, id=4356, stack(0x142e0000,0x14330000)]

Other Threads:
  0x00563400 VMThread [stack: 0x03c30000,0x03c80000] [id=5180]
  0x00603800 WatcherThread [stack: 0x14460000,0x144b0000] [id=5060]

VM state:not at safepoint (normal execution)

VM Mutex/Monitor currently owned by a thread: None

Heap:
 def new generation   total 4928K, used 1630K [0x03e00000, 0x04350000, 0x09350000)
  eden space 4416K,  25% used [0x03e00000, 0x03f17868, 0x04250000)
  from space 512K, 100% used [0x042d0000, 0x04350000, 0x04350000)
  to   space 512K,   0% used [0x04250000, 0x04250000, 0x042d0000)
 tenured generation   total 10944K, used 3582K [0x09350000, 0x09e00000, 0x13e00000)
   the space 10944K,  32% used [0x09350000, 0x096cf810, 0x096cfa00, 0x09e00000)
 Metaspace       used 2026K, capacity 3987K, committed 4032K, reserved 4480K

Card table byte_map: [0x00b60000,0x00bf0000] byte_map_base: 0x00b41000

Polling page: 0x001f0000

CodeCache: size=32768Kb used=1100Kb max_used=1100Kb free=31667Kb
 bounds [0x01c20000, 0x01d38000, 0x03c20000]
 total_blobs=475 nmethods=221 adapters=186
 compilation: enabled

Compilation events (10 events):
Event: 1.395 Thread 0x005d0400  216             sun.misc.VM::allowArraySyntax (4 bytes)
Event: 1.395 Thread 0x005d0400 nmethod 216 0x01d30788 code [0x01d30880, 0x01d30900]
Event: 1.400 Thread 0x005d0400  217             java.lang.String::equalsIgnoreCase (48 bytes)
Event: 1.400 Thread 0x005d0400 nmethod 217 0x01d30948 code [0x01d30a50, 0x01d30b5c]
Event: 1.435 Thread 0x005d0400  218   !         java.util.zip.InflaterInputStream::read (138 bytes)
Event: 1.437 Thread 0x005d0400 nmethod 218 0x01d31908 code [0x01d31ab0, 0x01d322e4]
Event: 1.437 Thread 0x005d0400  219   !         java.util.zip.Inflater::inflate (113 bytes)
Event: 1.437 Thread 0x005d0400 nmethod 219 0x01d329c8 code [0x01d32b00, 0x01d32ec0]
Event: 1.438 Thread 0x005d0400  221             java.lang.String::<init> (10 bytes)
Event: 1.438 Thread 0x005d0400 nmethod 221 0x01d33188 code [0x01d33280, 0x01d33310]

GC Heap History (6 events):
Event: 0.769 GC heap before
{Heap before GC invocations=0 (full 0):
 def new generation   total 4928K, used 4416K [0x03e00000, 0x04350000, 0x09350000)
  eden space 4416K, 100% used [0x03e00000, 0x04250000, 0x04250000)
  from space 512K,   0% used [0x04250000, 0x04250000, 0x042d0000)
  to   space 512K,   0% used [0x042d0000, 0x042d0000, 0x04350000)
 tenured generation   total 10944K, used 0K [0x09350000, 0x09e00000, 0x13e00000)
   the space 10944K,   0% used [0x09350000, 0x09350000, 0x09350200, 0x09e00000)
 Metaspace       used 783K, capacity 2792K, committed 2880K, reserved 4480K
Event: 0.776 GC heap after
Heap after GC invocations=1 (full 0):
 def new generation   total 4928K, used 512K [0x03e00000, 0x04350000, 0x09350000)
  eden space 4416K,   0% used [0x03e00000, 0x03e00000, 0x04250000)
  from space 512K, 100% used [0x042d0000, 0x04350000, 0x04350000)
  to   space 512K,   0% used [0x04250000, 0x04250000, 0x042d0000)
 tenured generation   total 10944K, used 642K [0x09350000, 0x09e00000, 0x13e00000)
   the space 10944K,   5% used [0x09350000, 0x093f0a68, 0x093f0c00, 0x09e00000)
 Metaspace       used 783K, capacity 2792K, committed 2880K, reserved 4480K
}
Event: 1.098 GC heap before
{Heap before GC invocations=1 (full 0):
 def new generation   total 4928K, used 4927K [0x03e00000, 0x04350000, 0x09350000)
  eden space 4416K,  99% used [0x03e00000, 0x0424fc20, 0x04250000)
  from space 512K, 100% used [0x042d0000, 0x04350000, 0x04350000)
  to   space 512K,   0% used [0x04250000, 0x04250000, 0x042d0000)
 tenured generation   total 10944K, used 642K [0x09350000, 0x09e00000, 0x13e00000)
   the space 10944K,   5% used [0x09350000, 0x093f0a68, 0x093f0c00, 0x09e00000)
 Metaspace       used 1693K, capacity 3667K, committed 3776K, reserved 4480K
Event: 1.104 GC heap after
Heap after GC invocations=2 (full 0):
 def new generation   total 4928K, used 512K [0x03e00000, 0x04350000, 0x09350000)
  eden space 4416K,   0% used [0x03e00000, 0x03e00000, 0x04250000)
  from space 512K, 100% used [0x04250000, 0x042d0000, 0x042d0000)
  to   space 512K,   0% used [0x042d0000, 0x042d0000, 0x04350000)
 tenured generation   total 10944K, used 1847K [0x09350000, 0x09e00000, 0x13e00000)
   the space 10944K,  16% used [0x09350000, 0x0951dec8, 0x0951e000, 0x09e00000)
 Metaspace       used 1693K, capacity 3667K, committed 3776K, reserved 4480K
}
Event: 1.372 GC heap before
{Heap before GC invocations=2 (full 0):
 def new generation   total 4928K, used 4928K [0x03e00000, 0x04350000, 0x09350000)
  eden space 4416K, 100% used [0x03e00000, 0x04250000, 0x04250000)
  from space 512K, 100% used [0x04250000, 0x042d0000, 0x042d0000)
  to   space 512K,   0% used [0x042d0000, 0x042d0000, 0x04350000)
 tenured generation   total 10944K, used 1847K [0x09350000, 0x09e00000, 0x13e00000)
   the space 10944K,  16% used [0x09350000, 0x0951dec8, 0x0951e000, 0x09e00000)
 Metaspace       used 1916K, capacity 3859K, committed 3904K, reserved 4480K
Event: 1.380 GC heap after
Heap after GC invocations=3 (full 0):
 def new generation   total 4928K, used 512K [0x03e00000, 0x04350000, 0x09350000)
  eden space 4416K,   0% used [0x03e00000, 0x03e00000, 0x04250000)
  from space 512K, 100% used [0x042d0000, 0x04350000, 0x04350000)
  to   space 512K,   0% used [0x04250000, 0x04250000, 0x042d0000)
 tenured generation   total 10944K, used 3582K [0x09350000, 0x09e00000, 0x13e00000)
   the space 10944K,  32% used [0x09350000, 0x096cf810, 0x096cfa00, 0x09e00000)
 Metaspace       used 1916K, capacity 3859K, committed 3904K, reserved 4480K
}

Deoptimization events (0 events):
No events

Internal exceptions (10 events):
Event: 0.469 Thread 0x0042c000 Exception <a 'org/lwjgl/LWJGLException'> (0x04060ba8) thrown at [C:\workspace\8-2-build-windows-i586-cygwin\jdk8u121\8372\hotspot\src\share\vm\prims\jni.cpp, line 709]
Event: 0.469 Thread 0x0042c000 Exception <a 'org/lwjgl/LWJGLException'> (0x04061158) thrown at [C:\workspace\8-2-build-windows-i586-cygwin\jdk8u121\8372\hotspot\src\share\vm\prims\jni.cpp, line 709]
Event: 0.470 Thread 0x0042c000 Exception <a 'org/lwjgl/LWJGLException'> (0x040616b8) thrown at [C:\workspace\8-2-build-windows-i586-cygwin\jdk8u121\8372\hotspot\src\share\vm\prims\jni.cpp, line 709]
Event: 0.470 Thread 0x0042c000 Exception <a 'org/lwjgl/LWJGLException'> (0x04061b90) thrown at [C:\workspace\8-2-build-windows-i586-cygwin\jdk8u121\8372\hotspot\src\share\vm\prims\jni.cpp, line 709]
Event: 0.470 Thread 0x0042c000 Exception <a 'org/lwjgl/LWJGLException'> (0x04062028) thrown at [C:\workspace\8-2-build-windows-i586-cygwin\jdk8u121\8372\hotspot\src\share\vm\prims\jni.cpp, line 709]
Event: 0.470 Thread 0x0042c000 Exception <a 'org/lwjgl/LWJGLException'> (0x04062540) thrown at [C:\workspace\8-2-build-windows-i586-cygwin\jdk8u121\8372\hotspot\src\share\vm\prims\jni.cpp, line 709]
Event: 0.470 Thread 0x0042c000 Exception <a 'org/lwjgl/LWJGLException'> (0x04062ae8) thrown at [C:\workspace\8-2-build-windows-i586-cygwin\jdk8u121\8372\hotspot\src\share\vm\prims\jni.cpp, line 709]
Event: 0.471 Thread 0x0042c000 Exception <a 'org/lwjgl/LWJGLException'> (0x04062fd8) thrown at [C:\workspace\8-2-build-windows-i586-cygwin\jdk8u121\8372\hotspot\src\share\vm\prims\jni.cpp, line 709]
Event: 0.471 Thread 0x0042c000 Exception <a 'org/lwjgl/LWJGLException'> (0x04063468) thrown at [C:\workspace\8-2-build-windows-i586-cygwin\jdk8u121\8372\hotspot\src\share\vm\prims\jni.cpp, line 709]
Event: 0.471 Thread 0x0042c000 Exception <a 'org/lwjgl/LWJGLException'> (0x04063ab0) thrown at [C:\workspace\8-2-build-windows-i586-cygwin\jdk8u121\8372\hotspot\src\share\vm\prims\jni.cpp, line 709]

Events (10 events):
Event: 1.421 loading class com/badlogic/gdx/physics/box2d/PolygonShape
Event: 1.421 loading class com/badlogic/gdx/physics/box2d/PolygonShape done
Event: 1.422 loading class box2D/Materials
Event: 1.422 loading class box2D/Materials done
Event: 1.424 loading class com/badlogic/gdx/graphics/g2d/Sprite
Event: 1.424 loading class com/badlogic/gdx/graphics/g2d/Sprite done
Event: 1.425 Executing VM operation: Deoptimize
Event: 1.425 Executing VM operation: Deoptimize done
Event: 1.428 loading class box2D/Bag$Node
Event: 1.428 loading class box2D/Bag$Node done


Dynamic libraries:
0x00c10000 - 0x00c43000 	C:\Program Files\Java\jre1.8.0_121\bin\javaw.exe
0x77810000 - 0x7794c000 	C:\Windows\SYSTEM32\ntdll.dll
0x771f0000 - 0x772c4000 	C:\Windows\system32\kernel32.dll
0x75a70000 - 0x75aba000 	C:\Windows\system32\KERNELBASE.dll
0x75fa0000 - 0x76040000 	C:\Windows\system32\ADVAPI32.dll
0x75c60000 - 0x75d0c000 	C:\Windows\system32\msvcrt.dll
0x75d10000 - 0x75d29000 	C:\Windows\SYSTEM32\sechost.dll
0x763c0000 - 0x76461000 	C:\Windows\system32\RPCRT4.dll
0x76090000 - 0x76159000 	C:\Windows\system32\USER32.dll
0x77980000 - 0x779ce000 	C:\Windows\system32\GDI32.dll
0x779d0000 - 0x779da000 	C:\Windows\system32\LPK.dll
0x76500000 - 0x7659d000 	C:\Windows\system32\USP10.dll
0x748f0000 - 0x74a8e000 	C:\Windows\WinSxS\x86_microsoft.windows.common-controls_6595b64144ccf1df_6.0.7600.16385_none_421189da2b7fabfc\COMCTL32.dll
0x76160000 - 0x761b7000 	C:\Windows\system32\SHLWAPI.dll
0x77a20000 - 0x77a3f000 	C:\Windows\system32\IMM32.DLL
0x75ed0000 - 0x75f9c000 	C:\Windows\system32\MSCTF.dll
0x71320000 - 0x713df000 	C:\Program Files\Java\jre1.8.0_121\bin\msvcr100.dll
0x67e70000 - 0x6823e000 	C:\Program Files\Java\jre1.8.0_121\bin\client\jvm.dll
0x72110000 - 0x72117000 	C:\Windows\system32\WSOCK32.dll
0x779e0000 - 0x77a15000 	C:\Windows\system32\WS2_32.dll
0x77970000 - 0x77976000 	C:\Windows\system32\NSI.dll
0x70ec0000 - 0x70ef2000 	C:\Windows\system32\WINMM.dll
0x74e60000 - 0x74e69000 	C:\Windows\system32\VERSION.dll
0x77950000 - 0x77955000 	C:\Windows\system32\PSAPI.DLL
0x72b80000 - 0x72b8c000 	C:\Program Files\Java\jre1.8.0_121\bin\verify.dll
0x72af0000 - 0x72b11000 	C:\Program Files\Java\jre1.8.0_121\bin\java.dll
0x72ad0000 - 0x72ae3000 	C:\Program Files\Java\jre1.8.0_121\bin\zip.dll
0x765a0000 - 0x771e9000 	C:\Windows\system32\SHELL32.dll
0x772d0000 - 0x7742c000 	C:\Windows\system32\ole32.dll
0x75960000 - 0x7596b000 	C:\Windows\system32\profapi.dll
0x6cec0000 - 0x6cf42000 	C:\Users\HOME\AppData\Local\Temp\libgdxHOME\6df0928e\gdx.dll
0x018b0000 - 0x018fc000 	C:\Users\HOME\AppData\Local\Temp\libgdxHOME\52d76f2b\lwjgl.dll
0x69550000 - 0x69618000 	C:\Windows\system32\OPENGL32.dll
0x71560000 - 0x71582000 	C:\Windows\system32\GLU32.dll
0x6beb0000 - 0x6bf97000 	C:\Windows\system32\DDRAW.dll
0x72e60000 - 0x72e66000 	C:\Windows\system32\DCIMAN32.dll
0x77670000 - 0x7780d000 	C:\Windows\system32\SETUPAPI.dll
0x75be0000 - 0x75c07000 	C:\Windows\system32\CFGMGR32.dll
0x76470000 - 0x764ff000 	C:\Windows\system32\OLEAUT32.dll
0x75c10000 - 0x75c22000 	C:\Windows\system32\DEVOBJ.dll
0x74220000 - 0x74233000 	C:\Windows\system32\dwmapi.dll
0x03c80000 - 0x03ce5000 	C:\Users\HOME\AppData\Local\Temp\libgdxHOME\52d76f2b\OpenAL32.dll
0x758b0000 - 0x758bc000 	C:\Windows\system32\CRYPTBASE.dll
0x74770000 - 0x747b0000 	C:\Windows\system32\uxtheme.dll
0x75e40000 - 0x75ec3000 	C:\Windows\system32\CLBCatQ.DLL
0x747b0000 - 0x748a5000 	C:\Windows\System32\PROPSYS.dll
0x75c30000 - 0x75c5d000 	C:\Windows\system32\WINTRUST.dll
0x75ac0000 - 0x75bdc000 	C:\Windows\system32\CRYPT32.dll
0x759d0000 - 0x759dc000 	C:\Windows\system32\MSASN1.dll
0x71420000 - 0x71492000 	C:\Windows\system32\dsound.dll
0x74530000 - 0x74555000 	C:\Windows\system32\POWRPROF.dll
0x744f0000 - 0x74529000 	C:\Windows\System32\MMDevApi.dll
0x726e0000 - 0x72716000 	C:\Windows\system32\AUDIOSES.DLL
0x15740000 - 0x15b32000 	C:\Windows\system32\ig4icd32.dll
0x15d40000 - 0x15fda000 	C:\Windows\system32\ig4dev32.dll
0x706d0000 - 0x70749000 	C:\Windows\system32\mscms.dll
0x74fc0000 - 0x74fd7000 	C:\Windows\system32\USERENV.dll
0x713e0000 - 0x71418000 	C:\Windows\system32\icm32.dll
0x72010000 - 0x720fb000 	C:\Windows\system32\dbghelp.dll

VM Arguments:
jvm_args: -Dfile.encoding=Cp1252 
java_command: box2D.Main
java_class_path (initial): C:\Users\HOME\Desktop\videoGameGit\videogameGit\box2DExample-desktop\bin;C:\Users\HOME\Desktop\videoGameGit\videogameGit\box2DExample\bin;C:\Users\HOME\Desktop\Nueva carpeta (2)\libgdx-0.9.9\gdx.jar;C:\Users\HOME\Desktop\Nueva carpeta (2)\libgdx-0.9.9\gdx-pe-loader-1.1.0.jar;C:\Users\HOME\Desktop\Nueva carpeta (2)\libgdx-0.9.9\gdx-1.7.1.jar;C:\Users\HOME\Desktop\Nueva carpeta (2)\libgdx-0.9.9\gdx-ai-1.7.0.jar;C:\Users\HOME\Desktop\Nueva carpeta (2)\libgdx-0.9.9\gdx-backend-android.jar;C:\Users\HOME\Desktop\Nueva carpeta (2)\libgdx-0.9.9\gdx-backend-gwt.jar;C:\Users\HOME\Desktop\Nueva carpeta (2)\libgdx-0.9.9\gdx-backend-jglfw.jar;C:\Users\HOME\Desktop\Nueva carpeta (2)\libgdx-0.9.9\gdx-backend-jglfw-natives.jar;C:\Users\HOME\Desktop\Nueva carpeta (2)\libgdx-0.9.9\gdx-backend-lwjgl.jar;C:\Users\HOME\Desktop\Nueva carpeta (2)\libgdx-0.9.9\gdx-backend-lwjgl-natives.jar;C:\Users\HOME\Desktop\Nueva carpeta (2)\libgdx-0.9.9\gdx-backend-robovm.jar;C:\Users\HOME\Desktop\Nueva carpeta (2)\libgdx-0.9.9\gdx-natives.jar;C:\Users\HOME\Desktop\Nueva carpeta (2)\libgdx-0.9.9\gdx-openal.jar;C:\Users\HOME\Desktop\Nueva carpeta (2)\libgdx-0.9.9\gdx-setup.jar;C:\Users\HOME\Desktop\Nueva carpeta (2)\libgdx-0.9.9\gdx-setup-ui.jar
Launcher Type: SUN_STANDARD

Environment Variables:
PATH=C:/Program Files/Java/jre1.8.0_121/bin/client;C:/Program Files/Java/jre1.8.0_121/bin;C:/Program Files/Java/jre1.8.0_121/lib/i386;C:\ProgramData\Oracle\Java\javapath;C:\Windows\system32;C:\Windows;C:\Windows\System32\Wbem;C:\Windows\System32\WindowsPowerShell\v1.0\;C:\Program Files\eclipse;
USERNAME=HOME
OS=Windows_NT
PROCESSOR_IDENTIFIER=x86 Family 6 Model 15 Stepping 13, GenuineIntel



---------------  S Y S T E M  ---------------

OS: Windows 7 Build 7600 (6.1.7600.16385)

CPU:total 2 (2 cores per cpu, 1 threads per core) family 6 model 15 stepping 13, cmov, cx8, fxsr, mmx, sse, sse2, sse3, ssse3, tsc

Memory: 4k page, physical 2087160k(618760k free), swap 4174320k(2060436k free)

vm_info: Java HotSpot(TM) Client VM (25.121-b13) for windows-x86 JRE (1.8.0_121-b13), built on Dec 12 2016 18:17:00 by "java_re" with MS VC++ 10.0 (VS2010)

time: Fri Dec 07 14:31:27 2018
elapsed time: 1 seconds (0d 0h 0m 1s)

