#
# A fatal error has been detected by the Java Runtime Environment:
#
#  EXCEPTION_ACCESS_VIOLATION (0xc0000005) at pc=0x00000005, pid=4156, tid=0x000014b8
#
# JRE version: Java(TM) SE Runtime Environment (8.0_121-b13) (build 1.8.0_121-b13)
# Java VM: Java HotSpot(TM) Client VM (25.121-b13 mixed mode, sharing windows-x86 )
# Problematic frame:
# C  0x00000005
#
# Failed to write core dump. Minidumps are not enabled by default on client versions of Windows
#
# If you would like to submit a bug report, please visit:
#   http://bugreport.java.com/bugreport/crash.jsp
# The crash happened outside the Java Virtual Machine in native code.
# See problematic frame for where to report the bug.
#

---------------  T H R E A D  ---------------

Current thread (0x14791800):  JavaThread "LWJGL Application" [_thread_in_native, id=5304, stack(0x14c50000,0x14ca0000)]

siginfo: ExceptionCode=0xc0000005, ExceptionInformation=0x00000008 0x00000005

Registers:
EAX=0x0060ff50, EBX=0x148b1b98, ECX=0x148b5a00, EDX=0x1488a340
ESP=0x14c9f04c, EBP=0x14870c18, ESI=0x148b5a00, EDI=0x14c9f0b4
EIP=0x00000005, EFLAGS=0x00010206

Top of Stack: (sp=0x14c9f04c)
0x14c9f04c:   6cee0256 0060ff50 14870c18 00000006
0x14c9f05c:   01e260e7 03eda000 141d2c4e 14c9f0ac
0x14c9f06c:   148b1b98 14870c18 148b5a00 14c9f140
0x14c9f07c:   6cedf285 148b5a00 14870c18 148b1b98
0x14c9f08c:   14c9f0b4 141cef08 141cef08 14791800
0x14c9f09c:   6cee8834 148b1b98 14c9f0b4 14c9f0e0
0x14c9f0ac:   01d845d4 01d845d4 0060ff50 00000000
0x14c9f0bc:   00000000 00000000 41200000 0001f000 

Instructions: (pc=0x00000005)
0xffffffe5:   


Register to memory mapping:

EAX=0x0060ff50 is an unknown value
EBX=0x148b1b98 is an unknown value
ECX=0x148b5a00 is an unknown value
EDX=0x1488a340 is an unknown value
ESP=0x14c9f04c is pointing into the stack for thread: 0x14791800
EBP=0x14870c18 is an unknown value
ESI=0x148b5a00 is an unknown value
EDI=0x14c9f0b4 is pointing into the stack for thread: 0x14791800


Stack: [0x14c50000,0x14ca0000],  sp=0x14c9f04c,  free space=316k
Native frames: (J=compiled Java code, j=interpreted, Vv=VM code, C=native code)
C  0x00000005

Java frames: (J=compiled Java code, j=interpreted, Vv=VM code)
j  com.badlogic.gdx.physics.box2d.Body.jniCreateFixture(JJFFFZSSS)J+0
j  com.badlogic.gdx.physics.box2d.Body.createFixture(Lcom/badlogic/gdx/physics/box2d/FixtureDef;)Lcom/badlogic/gdx/physics/box2d/Fixture;+49
j  box2D.map00.buildMap(Lcom/badlogic/gdx/physics/box2d/World;)V+617
j  box2D.maps.chooseMap(I)V+148
j  box2D.box2DCode.create()V+153
j  com.badlogic.gdx.backends.lwjgl.LwjglApplication.mainLoop()V+29
j  com.badlogic.gdx.backends.lwjgl.LwjglApplication$1.run()V+27
v  ~StubRoutines::call_stub

---------------  P R O C E S S  ---------------

Java Threads: ( => current thread )
  0x147e8800 JavaThread "AsynchExecutor-Thread" daemon [_thread_blocked, id=4872, stack(0x18100000,0x18150000)]
  0x0027c000 JavaThread "DestroyJavaVM" [_thread_blocked, id=5520, stack(0x00cb0000,0x00d00000)]
=>0x14791800 JavaThread "LWJGL Application" [_thread_in_native, id=5304, stack(0x14c50000,0x14ca0000)]
  0x006d6000 JavaThread "Service Thread" daemon [_thread_blocked, id=4192, stack(0x14610000,0x14660000)]
  0x006b0400 JavaThread "C1 CompilerThread0" daemon [_thread_blocked, id=3412, stack(0x14550000,0x145a0000)]
  0x006af400 JavaThread "Attach Listener" daemon [_thread_blocked, id=4984, stack(0x03db0000,0x03e00000)]
  0x006ac400 JavaThread "Signal Dispatcher" daemon [_thread_blocked, id=5416, stack(0x145b0000,0x14600000)]
  0x006a0400 JavaThread "Finalizer" daemon [_thread_blocked, id=4172, stack(0x14430000,0x14480000)]
  0x00647800 JavaThread "Reference Handler" daemon [_thread_blocked, id=4468, stack(0x142b0000,0x14300000)]

Other Threads:
  0x00643400 VMThread [stack: 0x00da0000,0x00df0000] [id=1308]
  0x006e3800 WatcherThread [stack: 0x00e20000,0x00e70000] [id=4924]

VM state:not at safepoint (normal execution)

VM Mutex/Monitor currently owned by a thread: None

Heap:
 def new generation   total 4928K, used 1414K [0x03e00000, 0x04350000, 0x09350000)
  eden space 4416K,  20% used [0x03e00000, 0x03ee1a60, 0x04250000)
  from space 512K, 100% used [0x042d0000, 0x04350000, 0x04350000)
  to   space 512K,   0% used [0x04250000, 0x04250000, 0x042d0000)
 tenured generation   total 10944K, used 3652K [0x09350000, 0x09e00000, 0x13e00000)
   the space 10944K,  33% used [0x09350000, 0x096e1020, 0x096e1200, 0x09e00000)
 Metaspace       used 2000K, capacity 3955K, committed 4032K, reserved 4480K

Card table byte_map: [0x00bd0000,0x00c60000] byte_map_base: 0x00bb1000

Polling page: 0x00240000

CodeCache: size=32768Kb used=1098Kb max_used=1098Kb free=31669Kb
 bounds [0x01d80000, 0x01e98000, 0x03d80000]
 total_blobs=471 nmethods=218 adapters=185
 compilation: enabled

Compilation events (10 events):
Event: 1.173 Thread 0x006b0400  212   !         java.util.zip.Inflater::inflate (113 bytes)
Event: 1.173 Thread 0x006b0400 nmethod 212 0x01e8f908 code [0x01e8fa40, 0x01e8fe00]
Event: 1.178 Thread 0x006b0400  214             java.util.zip.ZipFile::ensureOpen (37 bytes)
Event: 1.178 Thread 0x006b0400 nmethod 214 0x01e90888 code [0x01e909a0, 0x01e90b48]
Event: 1.178 Thread 0x006b0400  215             java.util.zip.ZipCoder::getBytes (192 bytes)
Event: 1.180 Thread 0x006b0400 nmethod 215 0x01e90c48 code [0x01e90e70, 0x01e919ac]
Event: 1.180 Thread 0x006b0400  216             java.util.zip.ZipCoder::encoder (35 bytes)
Event: 1.180 Thread 0x006b0400 nmethod 216 0x01e92348 code [0x01e92450, 0x01e9253c]
Event: 1.181 Thread 0x006b0400  218             java.lang.String::<init> (10 bytes)
Event: 1.181 Thread 0x006b0400 nmethod 218 0x01e92888 code [0x01e92980, 0x01e92a10]

GC Heap History (6 events):
Event: 0.594 GC heap before
{Heap before GC invocations=0 (full 0):
 def new generation   total 4928K, used 4416K [0x03e00000, 0x04350000, 0x09350000)
  eden space 4416K, 100% used [0x03e00000, 0x04250000, 0x04250000)
  from space 512K,   0% used [0x04250000, 0x04250000, 0x042d0000)
  to   space 512K,   0% used [0x042d0000, 0x042d0000, 0x04350000)
 tenured generation   total 10944K, used 0K [0x09350000, 0x09e00000, 0x13e00000)
   the space 10944K,   0% used [0x09350000, 0x09350000, 0x09350200, 0x09e00000)
 Metaspace       used 794K, capacity 2824K, committed 2880K, reserved 4480K
Event: 0.600 GC heap after
Heap after GC invocations=1 (full 0):
 def new generation   total 4928K, used 512K [0x03e00000, 0x04350000, 0x09350000)
  eden space 4416K,   0% used [0x03e00000, 0x03e00000, 0x04250000)
  from space 512K, 100% used [0x042d0000, 0x04350000, 0x04350000)
  to   space 512K,   0% used [0x04250000, 0x04250000, 0x042d0000)
 tenured generation   total 10944K, used 672K [0x09350000, 0x09e00000, 0x13e00000)
   the space 10944K,   6% used [0x09350000, 0x093f8210, 0x093f8400, 0x09e00000)
 Metaspace       used 794K, capacity 2824K, committed 2880K, reserved 4480K
}
Event: 0.869 GC heap before
{Heap before GC invocations=1 (full 0):
 def new generation   total 4928K, used 4928K [0x03e00000, 0x04350000, 0x09350000)
  eden space 4416K, 100% used [0x03e00000, 0x04250000, 0x04250000)
  from space 512K, 100% used [0x042d0000, 0x04350000, 0x04350000)
  to   space 512K,   0% used [0x04250000, 0x04250000, 0x042d0000)
 tenured generation   total 10944K, used 672K [0x09350000, 0x09e00000, 0x13e00000)
   the space 10944K,   6% used [0x09350000, 0x093f8210, 0x093f8400, 0x09e00000)
 Metaspace       used 1706K, capacity 3699K, committed 3776K, reserved 4480K
Event: 0.875 GC heap after
Heap after GC invocations=2 (full 0):
 def new generation   total 4928K, used 512K [0x03e00000, 0x04350000, 0x09350000)
  eden space 4416K,   0% used [0x03e00000, 0x03e00000, 0x04250000)
  from space 512K, 100% used [0x04250000, 0x042d0000, 0x042d0000)
  to   space 512K,   0% used [0x042d0000, 0x042d0000, 0x04350000)
 tenured generation   total 10944K, used 1920K [0x09350000, 0x09e00000, 0x13e00000)
   the space 10944K,  17% used [0x09350000, 0x09530288, 0x09530400, 0x09e00000)
 Metaspace       used 1706K, capacity 3699K, committed 3776K, reserved 4480K
}
Event: 1.128 GC heap before
{Heap before GC invocations=2 (full 0):
 def new generation   total 4928K, used 4928K [0x03e00000, 0x04350000, 0x09350000)
  eden space 4416K, 100% used [0x03e00000, 0x04250000, 0x04250000)
  from space 512K, 100% used [0x04250000, 0x042d0000, 0x042d0000)
  to   space 512K,   0% used [0x042d0000, 0x042d0000, 0x04350000)
 tenured generation   total 10944K, used 1920K [0x09350000, 0x09e00000, 0x13e00000)
   the space 10944K,  17% used [0x09350000, 0x09530288, 0x09530400, 0x09e00000)
 Metaspace       used 1915K, capacity 3859K, committed 3904K, reserved 4480K
Event: 1.138 GC heap after
Heap after GC invocations=3 (full 0):
 def new generation   total 4928K, used 512K [0x03e00000, 0x04350000, 0x09350000)
  eden space 4416K,   0% used [0x03e00000, 0x03e00000, 0x04250000)
  from space 512K, 100% used [0x042d0000, 0x04350000, 0x04350000)
  to   space 512K,   0% used [0x04250000, 0x04250000, 0x042d0000)
 tenured generation   total 10944K, used 3652K [0x09350000, 0x09e00000, 0x13e00000)
   the space 10944K,  33% used [0x09350000, 0x096e1020, 0x096e1200, 0x09e00000)
 Metaspace       used 1915K, capacity 3859K, committed 3904K, reserved 4480K
}

Deoptimization events (0 events):
No events

Internal exceptions (10 events):
Event: 0.336 Thread 0x0027c000 Exception <a 'org/lwjgl/LWJGLException'> (0x04052898) thrown at [C:\workspace\8-2-build-windows-i586-cygwin\jdk8u121\8372\hotspot\src\share\vm\prims\jni.cpp, line 709]
Event: 0.337 Thread 0x0027c000 Exception <a 'org/lwjgl/LWJGLException'> (0x04052e48) thrown at [C:\workspace\8-2-build-windows-i586-cygwin\jdk8u121\8372\hotspot\src\share\vm\prims\jni.cpp, line 709]
Event: 0.337 Thread 0x0027c000 Exception <a 'org/lwjgl/LWJGLException'> (0x040533a8) thrown at [C:\workspace\8-2-build-windows-i586-cygwin\jdk8u121\8372\hotspot\src\share\vm\prims\jni.cpp, line 709]
Event: 0.337 Thread 0x0027c000 Exception <a 'org/lwjgl/LWJGLException'> (0x04053880) thrown at [C:\workspace\8-2-build-windows-i586-cygwin\jdk8u121\8372\hotspot\src\share\vm\prims\jni.cpp, line 709]
Event: 0.337 Thread 0x0027c000 Exception <a 'org/lwjgl/LWJGLException'> (0x04053d18) thrown at [C:\workspace\8-2-build-windows-i586-cygwin\jdk8u121\8372\hotspot\src\share\vm\prims\jni.cpp, line 709]
Event: 0.337 Thread 0x0027c000 Exception <a 'org/lwjgl/LWJGLException'> (0x04054230) thrown at [C:\workspace\8-2-build-windows-i586-cygwin\jdk8u121\8372\hotspot\src\share\vm\prims\jni.cpp, line 709]
Event: 0.337 Thread 0x0027c000 Exception <a 'org/lwjgl/LWJGLException'> (0x040547d8) thrown at [C:\workspace\8-2-build-windows-i586-cygwin\jdk8u121\8372\hotspot\src\share\vm\prims\jni.cpp, line 709]
Event: 0.338 Thread 0x0027c000 Exception <a 'org/lwjgl/LWJGLException'> (0x04054cc8) thrown at [C:\workspace\8-2-build-windows-i586-cygwin\jdk8u121\8372\hotspot\src\share\vm\prims\jni.cpp, line 709]
Event: 0.338 Thread 0x0027c000 Exception <a 'org/lwjgl/LWJGLException'> (0x04055148) thrown at [C:\workspace\8-2-build-windows-i586-cygwin\jdk8u121\8372\hotspot\src\share\vm\prims\jni.cpp, line 709]
Event: 0.338 Thread 0x0027c000 Exception <a 'org/lwjgl/LWJGLException'> (0x04055730) thrown at [C:\workspace\8-2-build-windows-i586-cygwin\jdk8u121\8372\hotspot\src\share\vm\prims\jni.cpp, line 709]

Events (10 events):
Event: 1.177 loading class com/badlogic/gdx/physics/box2d/Fixture
Event: 1.177 loading class com/badlogic/gdx/physics/box2d/Fixture done
Event: 1.178 loading class com/badlogic/gdx/physics/box2d/EdgeShape
Event: 1.178 loading class com/badlogic/gdx/physics/box2d/EdgeShape done
Event: 1.181 loading class com/badlogic/gdx/physics/box2d/PolygonShape
Event: 1.181 loading class com/badlogic/gdx/physics/box2d/PolygonShape done
Event: 1.182 loading class box2D/playerBox2D$1
Event: 1.182 loading class box2D/playerBox2D$1 done
Event: 1.183 loading class box2D/InputController
Event: 1.183 loading class box2D/InputController done


Dynamic libraries:
0x00e70000 - 0x00ea3000 	C:\Program Files\Java\jre1.8.0_121\bin\javaw.exe
0x77540000 - 0x7767c000 	C:\Windows\SYSTEM32\ntdll.dll
0x75db0000 - 0x75e84000 	C:\Windows\system32\kernel32.dll
0x758c0000 - 0x7590a000 	C:\Windows\system32\KERNELBASE.dll
0x75990000 - 0x75a30000 	C:\Windows\system32\ADVAPI32.dll
0x75a30000 - 0x75adc000 	C:\Windows\system32\msvcrt.dll
0x77700000 - 0x77719000 	C:\Windows\SYSTEM32\sechost.dll
0x75bc0000 - 0x75c61000 	C:\Windows\system32\RPCRT4.dll
0x77470000 - 0x77539000 	C:\Windows\system32\USER32.dll
0x76ce0000 - 0x76d2e000 	C:\Windows\system32\GDI32.dll
0x76ae0000 - 0x76aea000 	C:\Windows\system32\LPK.dll
0x76d30000 - 0x76dcd000 	C:\Windows\system32\USP10.dll
0x74600000 - 0x7479e000 	C:\Windows\WinSxS\x86_microsoft.windows.common-controls_6595b64144ccf1df_6.0.7600.16385_none_421189da2b7fabfc\COMCTL32.dll
0x77690000 - 0x776e7000 	C:\Windows\system32\SHLWAPI.dll
0x77750000 - 0x7776f000 	C:\Windows\system32\IMM32.DLL
0x76eb0000 - 0x76f7c000 	C:\Windows\system32\MSCTF.dll
0x63e70000 - 0x63f2f000 	C:\Program Files\Java\jre1.8.0_121\bin\msvcr100.dll
0x688f0000 - 0x68cbe000 	C:\Program Files\Java\jre1.8.0_121\bin\client\jvm.dll
0x71c20000 - 0x71c27000 	C:\Windows\system32\WSOCK32.dll
0x75b80000 - 0x75bb5000 	C:\Windows\system32\WS2_32.dll
0x77680000 - 0x77686000 	C:\Windows\system32\NSI.dll
0x6fe60000 - 0x6fe92000 	C:\Windows\system32\WINMM.dll
0x74b90000 - 0x74b99000 	C:\Windows\system32\VERSION.dll
0x75ae0000 - 0x75ae5000 	C:\Windows\system32\PSAPI.DLL
0x73c30000 - 0x73c3c000 	C:\Program Files\Java\jre1.8.0_121\bin\verify.dll
0x72680000 - 0x726a1000 	C:\Program Files\Java\jre1.8.0_121\bin\java.dll
0x72e60000 - 0x72e73000 	C:\Program Files\Java\jre1.8.0_121\bin\zip.dll
0x75e90000 - 0x76ad9000 	C:\Windows\system32\SHELL32.dll
0x77310000 - 0x7746c000 	C:\Windows\system32\ole32.dll
0x75690000 - 0x7569b000 	C:\Windows\system32\profapi.dll
0x6cec0000 - 0x6cf42000 	C:\Users\HOME\AppData\Local\Temp\libgdxHOME\6df0928e\gdx.dll
0x00c60000 - 0x00cac000 	C:\Users\HOME\AppData\Local\Temp\libgdxHOME\52d76f2b\lwjgl.dll
0x669d0000 - 0x66a98000 	C:\Windows\system32\OPENGL32.dll
0x6dd90000 - 0x6ddb2000 	C:\Windows\system32\GLU32.dll
0x68240000 - 0x68327000 	C:\Windows\system32\DDRAW.dll
0x6fc90000 - 0x6fc96000 	C:\Windows\system32\DCIMAN32.dll
0x76af0000 - 0x76c8d000 	C:\Windows\system32\SETUPAPI.dll
0x75910000 - 0x75937000 	C:\Windows\system32\CFGMGR32.dll
0x75af0000 - 0x75b7f000 	C:\Windows\system32\OLEAUT32.dll
0x75970000 - 0x75982000 	C:\Windows\system32\DEVOBJ.dll
0x74050000 - 0x74063000 	C:\Windows\system32\dwmapi.dll
0x144e0000 - 0x14545000 	C:\Users\HOME\AppData\Local\Temp\libgdxHOME\52d76f2b\OpenAL32.dll
0x755e0000 - 0x755ec000 	C:\Windows\system32\CRYPTBASE.dll
0x74340000 - 0x74380000 	C:\Windows\system32\uxtheme.dll
0x76f80000 - 0x77003000 	C:\Windows\system32\CLBCatQ.DLL
0x744c0000 - 0x745b5000 	C:\Windows\System32\PROPSYS.dll
0x75940000 - 0x7596d000 	C:\Windows\system32\WINTRUST.dll
0x75710000 - 0x7582c000 	C:\Windows\system32\CRYPT32.dll
0x75700000 - 0x7570c000 	C:\Windows\system32\MSASN1.dll
0x66950000 - 0x669c2000 	C:\Windows\system32\dsound.dll
0x743e0000 - 0x74405000 	C:\Windows\system32\POWRPROF.dll
0x743a0000 - 0x743d9000 	C:\Windows\System32\MMDevApi.dll
0x735d0000 - 0x73606000 	C:\Windows\system32\AUDIOSES.DLL
0x15740000 - 0x15b32000 	C:\Windows\system32\ig4icd32.dll
0x15b40000 - 0x15dda000 	C:\Windows\system32\ig4dev32.dll
0x693e0000 - 0x69459000 	C:\Windows\system32\mscms.dll
0x74cf0000 - 0x74d07000 	C:\Windows\system32\USERENV.dll
0x69870000 - 0x698a8000 	C:\Windows\system32\icm32.dll
0x71a20000 - 0x71b0b000 	C:\Windows\system32\dbghelp.dll

VM Arguments:
jvm_args: -Dfile.encoding=Cp1252 
java_command: box2D.Main
java_class_path (initial): C:\Users\HOME\Desktop\box2DExample\box2DExample-desktop\bin;C:\Users\HOME\Desktop\box2DExample\box2DExample\bin;C:\Users\HOME\Desktop\Nueva carpeta (2)\libgdx-0.9.9\gdx.jar;C:\Users\HOME\Desktop\Nueva carpeta (2)\libgdx-0.9.9\gdx-1.7.1.jar;C:\Users\HOME\Desktop\Nueva carpeta (2)\libgdx-0.9.9\gdx-ai-1.7.0.jar;C:\Users\HOME\Desktop\Nueva carpeta (2)\libgdx-0.9.9\gdx-backend-android.jar;C:\Users\HOME\Desktop\Nueva carpeta (2)\libgdx-0.9.9\gdx-backend-gwt.jar;C:\Users\HOME\Desktop\Nueva carpeta (2)\libgdx-0.9.9\gdx-backend-jglfw.jar;C:\Users\HOME\Desktop\Nueva carpeta (2)\libgdx-0.9.9\gdx-backend-jglfw-natives.jar;C:\Users\HOME\Desktop\Nueva carpeta (2)\libgdx-0.9.9\gdx-backend-lwjgl.jar;C:\Users\HOME\Desktop\Nueva carpeta (2)\libgdx-0.9.9\gdx-backend-lwjgl-natives.jar;C:\Users\HOME\Desktop\Nueva carpeta (2)\libgdx-0.9.9\gdx-backend-robovm.jar;C:\Users\HOME\Desktop\Nueva carpeta (2)\libgdx-0.9.9\gdx-natives.jar;C:\Users\HOME\Desktop\Nueva carpeta (2)\libgdx-0.9.9\gdx-openal.jar;C:\Users\HOME\Desktop\Nueva carpeta (2)\libgdx-0.9.9\gdx-setup.jar;C:\Users\HOME\Desktop\Nueva carpeta (2)\libgdx-0.9.9\gdx-setup-ui.jar
Launcher Type: SUN_STANDARD

Environment Variables:
PATH=C:/Program Files/Java/jre1.8.0_121/bin/client;C:/Program Files/Java/jre1.8.0_121/bin;C:/Program Files/Java/jre1.8.0_121/lib/i386;C:\ProgramData\Oracle\Java\javapath;C:\Windows\system32;C:\Windows;C:\Windows\System32\Wbem;C:\Windows\System32\WindowsPowerShell\v1.0\;C:\Program Files\eclipse;
USERNAME=HOME
OS=Windows_NT
PROCESSOR_IDENTIFIER=x86 Family 6 Model 15 Stepping 13, GenuineIntel



---------------  S Y S T E M  ---------------

OS: Windows 7 Build 7600 (6.1.7600.16385)

CPU:total 2 (2 cores per cpu, 1 threads per core) family 6 model 15 stepping 13, cmov, cx8, fxsr, mmx, sse, sse2, sse3, ssse3, tsc

Memory: 4k page, physical 2087160k(851724k free), swap 4174320k(1936028k free)

vm_info: Java HotSpot(TM) Client VM (25.121-b13) for windows-x86 JRE (1.8.0_121-b13), built on Dec 12 2016 18:17:00 by "java_re" with MS VC++ 10.0 (VS2010)

time: Tue Dec 04 21:20:37 2018
elapsed time: 1 seconds (0d 0h 0m 1s)

