#
# A fatal error has been detected by the Java Runtime Environment:
#
#  EXCEPTION_ACCESS_VIOLATION (0xc0000005) at pc=0x00000005, pid=5544, tid=0x0000014c
#
# JRE version: Java(TM) SE Runtime Environment (8.0_121-b13) (build 1.8.0_121-b13)
# Java VM: Java HotSpot(TM) Client VM (25.121-b13 mixed mode, sharing windows-x86 )
# Problematic frame:
# C  0x00000005
#
# Failed to write core dump. Minidumps are not enabled by default on client versions of Windows
#
# If you would like to submit a bug report, please visit:
#   http://bugreport.java.com/bugreport/crash.jsp
# The crash happened outside the Java Virtual Machine in native code.
# See problematic frame for where to report the bug.
#

---------------  T H R E A D  ---------------

Current thread (0x14868000):  JavaThread "LWJGL Application" [_thread_in_native, id=332, stack(0x15790000,0x157e0000)]

siginfo: ExceptionCode=0xc0000005, ExceptionInformation=0x00000008 0x00000005

Registers:
EAX=0x0031ff50, EBX=0x14981b98, ECX=0x14985a00, EDX=0x1495a340
ESP=0x157df61c, EBP=0x14940c18, ESI=0x14985a00, EDI=0x157df684
EIP=0x00000005, EFLAGS=0x00010202

Top of Stack: (sp=0x157df61c)
0x157df61c:   6cee0256 0031ff50 14940c18 00000006
0x157df62c:   01d460e7 03eda758 141d2c4e 157df67c
0x157df63c:   14981b98 14940c18 14985a00 157df710
0x157df64c:   6cedf285 14985a00 14940c18 14981b98
0x157df65c:   157df684 141cef08 141cef08 14868000
0x157df66c:   6cee8834 14981b98 157df684 157df6b0
0x157df67c:   01ca45d4 01ca45d4 0031ff50 00000000
0x157df68c:   00000000 00000000 41200000 0001f600 

Instructions: (pc=0x00000005)
0xffffffe5:   


Register to memory mapping:

EAX=0x0031ff50 is an unknown value
EBX=0x14981b98 is an unknown value
ECX=0x14985a00 is an unknown value
EDX=0x1495a340 is an unknown value
ESP=0x157df61c is pointing into the stack for thread: 0x14868000
EBP=0x14940c18 is an unknown value
ESI=0x14985a00 is an unknown value
EDI=0x157df684 is pointing into the stack for thread: 0x14868000


Stack: [0x15790000,0x157e0000],  sp=0x157df61c,  free space=317k
Native frames: (J=compiled Java code, j=interpreted, Vv=VM code, C=native code)
C  0x00000005

Java frames: (J=compiled Java code, j=interpreted, Vv=VM code)
j  com.badlogic.gdx.physics.box2d.Body.jniCreateFixture(JJFFFZSSS)J+0
j  com.badlogic.gdx.physics.box2d.Body.createFixture(Lcom/badlogic/gdx/physics/box2d/FixtureDef;)Lcom/badlogic/gdx/physics/box2d/Fixture;+49
j  box2D.map00.buildMap(Lcom/badlogic/gdx/physics/box2d/World;)V+616
j  box2D.maps.chooseMap(I)V+148
j  box2D.box2DCode.create()V+153
j  com.badlogic.gdx.backends.lwjgl.LwjglApplication.mainLoop()V+29
j  com.badlogic.gdx.backends.lwjgl.LwjglApplication$1.run()V+27
v  ~StubRoutines::call_stub

---------------  P R O C E S S  ---------------

Java Threads: ( => current thread )
  0x1788b800 JavaThread "AsynchExecutor-Thread" daemon [_thread_blocked, id=4284, stack(0x14ce0000,0x14d30000)]
  0x011ac000 JavaThread "DestroyJavaVM" [_thread_blocked, id=3824, stack(0x01980000,0x019d0000)]
=>0x14868000 JavaThread "LWJGL Application" [_thread_in_native, id=332, stack(0x15790000,0x157e0000)]
  0x01276000 JavaThread "Service Thread" daemon [_thread_blocked, id=620, stack(0x14620000,0x14670000)]
  0x01250400 JavaThread "C1 CompilerThread0" daemon [_thread_blocked, id=4564, stack(0x14580000,0x145d0000)]
  0x0124f400 JavaThread "Attach Listener" daemon [_thread_blocked, id=4668, stack(0x14520000,0x14570000)]
  0x0124c000 JavaThread "Signal Dispatcher" daemon [_thread_blocked, id=4912, stack(0x142a0000,0x142f0000)]
  0x01243c00 JavaThread "Finalizer" daemon [_thread_blocked, id=5088, stack(0x14330000,0x14380000)]
  0x011e7800 JavaThread "Reference Handler" daemon [_thread_blocked, id=3196, stack(0x03d10000,0x03d60000)]

Other Threads:
  0x011e3400 VMThread [stack: 0x03cb0000,0x03d00000] [id=4720]
  0x01280400 WatcherThread [stack: 0x146e0000,0x14730000] [id=1932]

VM state:not at safepoint (normal execution)

VM Mutex/Monitor currently owned by a thread: None

Heap:
 def new generation   total 4928K, used 1423K [0x03e00000, 0x04350000, 0x09350000)
  eden space 4416K,  20% used [0x03e00000, 0x03ee3d90, 0x04250000)
  from space 512K, 100% used [0x042d0000, 0x04350000, 0x04350000)
  to   space 512K,   0% used [0x04250000, 0x04250000, 0x042d0000)
 tenured generation   total 10944K, used 3623K [0x09350000, 0x09e00000, 0x13e00000)
   the space 10944K,  33% used [0x09350000, 0x096d9c10, 0x096d9e00, 0x09e00000)
 Metaspace       used 2000K, capacity 3955K, committed 4032K, reserved 4480K

Card table byte_map: [0x01780000,0x01810000] byte_map_base: 0x01761000

Polling page: 0x00270000

CodeCache: size=32768Kb used=1104Kb max_used=1104Kb free=31663Kb
 bounds [0x01ca0000, 0x01db8000, 0x03ca0000]
 total_blobs=475 nmethods=222 adapters=185
 compilation: enabled

Compilation events (10 events):
Event: 1.808 Thread 0x01250400  216   !         java.util.zip.Inflater::inflate (113 bytes)
Event: 1.809 Thread 0x01250400 nmethod 216 0x01db1008 code [0x01db1140, 0x01db1500]
Event: 1.814 Thread 0x01250400  218             java.util.zip.ZipFile::ensureOpen (37 bytes)
Event: 1.814 Thread 0x01250400 nmethod 218 0x01db1f88 code [0x01db20a0, 0x01db2248]
Event: 1.814 Thread 0x01250400  219             java.util.zip.ZipCoder::getBytes (192 bytes)
Event: 1.816 Thread 0x01250400 nmethod 219 0x01db2348 code [0x01db2570, 0x01db30ac]
Event: 1.816 Thread 0x01250400  220             java.util.zip.ZipCoder::encoder (35 bytes)
Event: 1.816 Thread 0x01250400 nmethod 220 0x01db3a48 code [0x01db3b50, 0x01db3c3c]
Event: 1.817 Thread 0x01250400  222             java.lang.String::<init> (10 bytes)
Event: 1.817 Thread 0x01250400 nmethod 222 0x01db3f88 code [0x01db4080, 0x01db4110]

GC Heap History (6 events):
Event: 0.932 GC heap before
{Heap before GC invocations=0 (full 0):
 def new generation   total 4928K, used 4416K [0x03e00000, 0x04350000, 0x09350000)
  eden space 4416K, 100% used [0x03e00000, 0x04250000, 0x04250000)
  from space 512K,   0% used [0x04250000, 0x04250000, 0x042d0000)
  to   space 512K,   0% used [0x042d0000, 0x042d0000, 0x04350000)
 tenured generation   total 10944K, used 0K [0x09350000, 0x09e00000, 0x13e00000)
   the space 10944K,   0% used [0x09350000, 0x09350000, 0x09350200, 0x09e00000)
 Metaspace       used 794K, capacity 2824K, committed 2880K, reserved 4480K
Event: 0.939 GC heap after
Heap after GC invocations=1 (full 0):
 def new generation   total 4928K, used 512K [0x03e00000, 0x04350000, 0x09350000)
  eden space 4416K,   0% used [0x03e00000, 0x03e00000, 0x04250000)
  from space 512K, 100% used [0x042d0000, 0x04350000, 0x04350000)
  to   space 512K,   0% used [0x04250000, 0x04250000, 0x042d0000)
 tenured generation   total 10944K, used 672K [0x09350000, 0x09e00000, 0x13e00000)
   the space 10944K,   6% used [0x09350000, 0x093f8210, 0x093f8400, 0x09e00000)
 Metaspace       used 794K, capacity 2824K, committed 2880K, reserved 4480K
}
Event: 1.429 GC heap before
{Heap before GC invocations=1 (full 0):
 def new generation   total 4928K, used 4916K [0x03e00000, 0x04350000, 0x09350000)
  eden space 4416K,  99% used [0x03e00000, 0x0424d038, 0x04250000)
  from space 512K, 100% used [0x042d0000, 0x04350000, 0x04350000)
  to   space 512K,   0% used [0x04250000, 0x04250000, 0x042d0000)
 tenured generation   total 10944K, used 672K [0x09350000, 0x09e00000, 0x13e00000)
   the space 10944K,   6% used [0x09350000, 0x093f8210, 0x093f8400, 0x09e00000)
 Metaspace       used 1706K, capacity 3699K, committed 3776K, reserved 4480K
Event: 1.436 GC heap after
Heap after GC invocations=2 (full 0):
 def new generation   total 4928K, used 512K [0x03e00000, 0x04350000, 0x09350000)
  eden space 4416K,   0% used [0x03e00000, 0x03e00000, 0x04250000)
  from space 512K, 100% used [0x04250000, 0x042d0000, 0x042d0000)
  to   space 512K,   0% used [0x042d0000, 0x042d0000, 0x04350000)
 tenured generation   total 10944K, used 1920K [0x09350000, 0x09e00000, 0x13e00000)
   the space 10944K,  17% used [0x09350000, 0x09530288, 0x09530400, 0x09e00000)
 Metaspace       used 1706K, capacity 3699K, committed 3776K, reserved 4480K
}
Event: 1.724 GC heap before
{Heap before GC invocations=2 (full 0):
 def new generation   total 4928K, used 4928K [0x03e00000, 0x04350000, 0x09350000)
  eden space 4416K, 100% used [0x03e00000, 0x04250000, 0x04250000)
  from space 512K, 100% used [0x04250000, 0x042d0000, 0x042d0000)
  to   space 512K,   0% used [0x042d0000, 0x042d0000, 0x04350000)
 tenured generation   total 10944K, used 1920K [0x09350000, 0x09e00000, 0x13e00000)
   the space 10944K,  17% used [0x09350000, 0x09530288, 0x09530400, 0x09e00000)
 Metaspace       used 1915K, capacity 3859K, committed 3904K, reserved 4480K
Event: 1.733 GC heap after
Heap after GC invocations=3 (full 0):
 def new generation   total 4928K, used 512K [0x03e00000, 0x04350000, 0x09350000)
  eden space 4416K,   0% used [0x03e00000, 0x03e00000, 0x04250000)
  from space 512K, 100% used [0x042d0000, 0x04350000, 0x04350000)
  to   space 512K,   0% used [0x04250000, 0x04250000, 0x042d0000)
 tenured generation   total 10944K, used 3623K [0x09350000, 0x09e00000, 0x13e00000)
   the space 10944K,  33% used [0x09350000, 0x096d9c10, 0x096d9e00, 0x09e00000)
 Metaspace       used 1915K, capacity 3859K, committed 3904K, reserved 4480K
}

Deoptimization events (0 events):
No events

Internal exceptions (10 events):
Event: 0.627 Thread 0x011ac000 Exception <a 'org/lwjgl/LWJGLException'> (0x04052810) thrown at [C:\workspace\8-2-build-windows-i586-cygwin\jdk8u121\8372\hotspot\src\share\vm\prims\jni.cpp, line 709]
Event: 0.628 Thread 0x011ac000 Exception <a 'org/lwjgl/LWJGLException'> (0x04052dc0) thrown at [C:\workspace\8-2-build-windows-i586-cygwin\jdk8u121\8372\hotspot\src\share\vm\prims\jni.cpp, line 709]
Event: 0.628 Thread 0x011ac000 Exception <a 'org/lwjgl/LWJGLException'> (0x04053320) thrown at [C:\workspace\8-2-build-windows-i586-cygwin\jdk8u121\8372\hotspot\src\share\vm\prims\jni.cpp, line 709]
Event: 0.628 Thread 0x011ac000 Exception <a 'org/lwjgl/LWJGLException'> (0x040537f8) thrown at [C:\workspace\8-2-build-windows-i586-cygwin\jdk8u121\8372\hotspot\src\share\vm\prims\jni.cpp, line 709]
Event: 0.628 Thread 0x011ac000 Exception <a 'org/lwjgl/LWJGLException'> (0x04053c90) thrown at [C:\workspace\8-2-build-windows-i586-cygwin\jdk8u121\8372\hotspot\src\share\vm\prims\jni.cpp, line 709]
Event: 0.628 Thread 0x011ac000 Exception <a 'org/lwjgl/LWJGLException'> (0x040541a8) thrown at [C:\workspace\8-2-build-windows-i586-cygwin\jdk8u121\8372\hotspot\src\share\vm\prims\jni.cpp, line 709]
Event: 0.629 Thread 0x011ac000 Exception <a 'org/lwjgl/LWJGLException'> (0x04054750) thrown at [C:\workspace\8-2-build-windows-i586-cygwin\jdk8u121\8372\hotspot\src\share\vm\prims\jni.cpp, line 709]
Event: 0.629 Thread 0x011ac000 Exception <a 'org/lwjgl/LWJGLException'> (0x04054c40) thrown at [C:\workspace\8-2-build-windows-i586-cygwin\jdk8u121\8372\hotspot\src\share\vm\prims\jni.cpp, line 709]
Event: 0.630 Thread 0x011ac000 Exception <a 'org/lwjgl/LWJGLException'> (0x040550c0) thrown at [C:\workspace\8-2-build-windows-i586-cygwin\jdk8u121\8372\hotspot\src\share\vm\prims\jni.cpp, line 709]
Event: 0.630 Thread 0x011ac000 Exception <a 'org/lwjgl/LWJGLException'> (0x040556a8) thrown at [C:\workspace\8-2-build-windows-i586-cygwin\jdk8u121\8372\hotspot\src\share\vm\prims\jni.cpp, line 709]

Events (10 events):
Event: 1.812 loading class com/badlogic/gdx/physics/box2d/Fixture
Event: 1.812 loading class com/badlogic/gdx/physics/box2d/Fixture done
Event: 1.813 loading class com/badlogic/gdx/physics/box2d/EdgeShape
Event: 1.813 loading class com/badlogic/gdx/physics/box2d/EdgeShape done
Event: 1.817 loading class com/badlogic/gdx/physics/box2d/PolygonShape
Event: 1.817 loading class com/badlogic/gdx/physics/box2d/PolygonShape done
Event: 1.818 loading class box2D/playerBox2D$1
Event: 1.818 loading class box2D/playerBox2D$1 done
Event: 1.819 loading class box2D/InputController
Event: 1.819 loading class box2D/InputController done


Dynamic libraries:
0x00280000 - 0x002b3000 	C:\Program Files\Java\jre1.8.0_121\bin\javaw.exe
0x77540000 - 0x7767c000 	C:\Windows\SYSTEM32\ntdll.dll
0x75db0000 - 0x75e84000 	C:\Windows\system32\kernel32.dll
0x758c0000 - 0x7590a000 	C:\Windows\system32\KERNELBASE.dll
0x75990000 - 0x75a30000 	C:\Windows\system32\ADVAPI32.dll
0x75a30000 - 0x75adc000 	C:\Windows\system32\msvcrt.dll
0x77700000 - 0x77719000 	C:\Windows\SYSTEM32\sechost.dll
0x75bc0000 - 0x75c61000 	C:\Windows\system32\RPCRT4.dll
0x77470000 - 0x77539000 	C:\Windows\system32\USER32.dll
0x76ce0000 - 0x76d2e000 	C:\Windows\system32\GDI32.dll
0x76ae0000 - 0x76aea000 	C:\Windows\system32\LPK.dll
0x76d30000 - 0x76dcd000 	C:\Windows\system32\USP10.dll
0x74600000 - 0x7479e000 	C:\Windows\WinSxS\x86_microsoft.windows.common-controls_6595b64144ccf1df_6.0.7600.16385_none_421189da2b7fabfc\COMCTL32.dll
0x77690000 - 0x776e7000 	C:\Windows\system32\SHLWAPI.dll
0x77750000 - 0x7776f000 	C:\Windows\system32\IMM32.DLL
0x76eb0000 - 0x76f7c000 	C:\Windows\system32\MSCTF.dll
0x669e0000 - 0x66a9f000 	C:\Program Files\Java\jre1.8.0_121\bin\msvcr100.dll
0x688f0000 - 0x68cbe000 	C:\Program Files\Java\jre1.8.0_121\bin\client\jvm.dll
0x71c20000 - 0x71c27000 	C:\Windows\system32\WSOCK32.dll
0x75b80000 - 0x75bb5000 	C:\Windows\system32\WS2_32.dll
0x77680000 - 0x77686000 	C:\Windows\system32\NSI.dll
0x6fe60000 - 0x6fe92000 	C:\Windows\system32\WINMM.dll
0x74b90000 - 0x74b99000 	C:\Windows\system32\VERSION.dll
0x75ae0000 - 0x75ae5000 	C:\Windows\system32\PSAPI.DLL
0x73c30000 - 0x73c3c000 	C:\Program Files\Java\jre1.8.0_121\bin\verify.dll
0x72680000 - 0x726a1000 	C:\Program Files\Java\jre1.8.0_121\bin\java.dll
0x72e60000 - 0x72e73000 	C:\Program Files\Java\jre1.8.0_121\bin\zip.dll
0x75e90000 - 0x76ad9000 	C:\Windows\system32\SHELL32.dll
0x77310000 - 0x7746c000 	C:\Windows\system32\ole32.dll
0x75690000 - 0x7569b000 	C:\Windows\system32\profapi.dll
0x6cec0000 - 0x6cf42000 	C:\Users\HOME\AppData\Local\Temp\libgdxHOME\6df0928e\gdx.dll
0x01810000 - 0x0185c000 	C:\Users\HOME\AppData\Local\Temp\libgdxHOME\52d76f2b\lwjgl.dll
0x63e60000 - 0x63f28000 	C:\Windows\system32\OPENGL32.dll
0x69c50000 - 0x69c72000 	C:\Windows\system32\GLU32.dll
0x68240000 - 0x68327000 	C:\Windows\system32\DDRAW.dll
0x6fc90000 - 0x6fc96000 	C:\Windows\system32\DCIMAN32.dll
0x76af0000 - 0x76c8d000 	C:\Windows\system32\SETUPAPI.dll
0x75910000 - 0x75937000 	C:\Windows\system32\CFGMGR32.dll
0x75af0000 - 0x75b7f000 	C:\Windows\system32\OLEAUT32.dll
0x75970000 - 0x75982000 	C:\Windows\system32\DEVOBJ.dll
0x74050000 - 0x74063000 	C:\Windows\system32\dwmapi.dll
0x01900000 - 0x01965000 	C:\Users\HOME\AppData\Local\Temp\libgdxHOME\52d76f2b\OpenAL32.dll
0x755e0000 - 0x755ec000 	C:\Windows\system32\CRYPTBASE.dll
0x74340000 - 0x74380000 	C:\Windows\system32\uxtheme.dll
0x76f80000 - 0x77003000 	C:\Windows\system32\CLBCatQ.DLL
0x744c0000 - 0x745b5000 	C:\Windows\System32\PROPSYS.dll
0x75940000 - 0x7596d000 	C:\Windows\system32\WINTRUST.dll
0x75710000 - 0x7582c000 	C:\Windows\system32\CRYPT32.dll
0x75700000 - 0x7570c000 	C:\Windows\system32\MSASN1.dll
0x66960000 - 0x669d2000 	C:\Windows\system32\dsound.dll
0x743e0000 - 0x74405000 	C:\Windows\system32\POWRPROF.dll
0x743a0000 - 0x743d9000 	C:\Windows\System32\MMDevApi.dll
0x735d0000 - 0x73606000 	C:\Windows\system32\AUDIOSES.DLL
0x157e0000 - 0x15bd2000 	C:\Windows\system32\ig4icd32.dll
0x15da0000 - 0x1603a000 	C:\Windows\system32\ig4dev32.dll
0x693e0000 - 0x69459000 	C:\Windows\system32\mscms.dll
0x74cf0000 - 0x74d07000 	C:\Windows\system32\USERENV.dll
0x697b0000 - 0x697e8000 	C:\Windows\system32\icm32.dll
0x71a20000 - 0x71b0b000 	C:\Windows\system32\dbghelp.dll

VM Arguments:
jvm_args: -Dfile.encoding=Cp1252 
java_command: box2D.Main
java_class_path (initial): C:\Users\HOME\Desktop\box2DExample\box2DExample-desktop\bin;C:\Users\HOME\Desktop\box2DExample\box2DExample\bin;C:\Users\HOME\Desktop\Nueva carpeta (2)\libgdx-0.9.9\gdx.jar;C:\Users\HOME\Desktop\Nueva carpeta (2)\libgdx-0.9.9\gdx-1.7.1.jar;C:\Users\HOME\Desktop\Nueva carpeta (2)\libgdx-0.9.9\gdx-ai-1.7.0.jar;C:\Users\HOME\Desktop\Nueva carpeta (2)\libgdx-0.9.9\gdx-backend-android.jar;C:\Users\HOME\Desktop\Nueva carpeta (2)\libgdx-0.9.9\gdx-backend-gwt.jar;C:\Users\HOME\Desktop\Nueva carpeta (2)\libgdx-0.9.9\gdx-backend-jglfw.jar;C:\Users\HOME\Desktop\Nueva carpeta (2)\libgdx-0.9.9\gdx-backend-jglfw-natives.jar;C:\Users\HOME\Desktop\Nueva carpeta (2)\libgdx-0.9.9\gdx-backend-lwjgl.jar;C:\Users\HOME\Desktop\Nueva carpeta (2)\libgdx-0.9.9\gdx-backend-lwjgl-natives.jar;C:\Users\HOME\Desktop\Nueva carpeta (2)\libgdx-0.9.9\gdx-backend-robovm.jar;C:\Users\HOME\Desktop\Nueva carpeta (2)\libgdx-0.9.9\gdx-natives.jar;C:\Users\HOME\Desktop\Nueva carpeta (2)\libgdx-0.9.9\gdx-openal.jar;C:\Users\HOME\Desktop\Nueva carpeta (2)\libgdx-0.9.9\gdx-setup.jar;C:\Users\HOME\Desktop\Nueva carpeta (2)\libgdx-0.9.9\gdx-setup-ui.jar
Launcher Type: SUN_STANDARD

Environment Variables:
PATH=C:/Program Files/Java/jre1.8.0_121/bin/client;C:/Program Files/Java/jre1.8.0_121/bin;C:/Program Files/Java/jre1.8.0_121/lib/i386;C:\ProgramData\Oracle\Java\javapath;C:\Windows\system32;C:\Windows;C:\Windows\System32\Wbem;C:\Windows\System32\WindowsPowerShell\v1.0\;C:\Program Files\eclipse;
USERNAME=HOME
OS=Windows_NT
PROCESSOR_IDENTIFIER=x86 Family 6 Model 15 Stepping 13, GenuineIntel



---------------  S Y S T E M  ---------------

OS: Windows 7 Build 7600 (6.1.7600.16385)

CPU:total 2 (2 cores per cpu, 1 threads per core) family 6 model 15 stepping 13, cmov, cx8, fxsr, mmx, sse, sse2, sse3, ssse3, tsc

Memory: 4k page, physical 2087160k(813916k free), swap 4174320k(1851500k free)

vm_info: Java HotSpot(TM) Client VM (25.121-b13) for windows-x86 JRE (1.8.0_121-b13), built on Dec 12 2016 18:17:00 by "java_re" with MS VC++ 10.0 (VS2010)

time: Tue Dec 04 21:20:45 2018
elapsed time: 1 seconds (0d 0h 0m 1s)

