#
# A fatal error has been detected by the Java Runtime Environment:
#
#  EXCEPTION_ACCESS_VIOLATION (0xc0000005) at pc=0x00000005, pid=4432, tid=0x000013b0
#
# JRE version: Java(TM) SE Runtime Environment (8.0_121-b13) (build 1.8.0_121-b13)
# Java VM: Java HotSpot(TM) Client VM (25.121-b13 mixed mode, sharing windows-x86 )
# Problematic frame:
# C  0x00000005
#
# Failed to write core dump. Minidumps are not enabled by default on client versions of Windows
#
# If you would like to submit a bug report, please visit:
#   http://bugreport.java.com/bugreport/crash.jsp
# The crash happened outside the Java Virtual Machine in native code.
# See problematic frame for where to report the bug.
#

---------------  T H R E A D  ---------------

Current thread (0x14812000):  JavaThread "LWJGL Application" [_thread_in_native, id=5040, stack(0x156b0000,0x15700000)]

siginfo: ExceptionCode=0xc0000005, ExceptionInformation=0x00000008 0x00000005

Registers:
EAX=0x001cff50, EBX=0x14901b98, ECX=0x14905a00, EDX=0x148da340
ESP=0x156ff1dc, EBP=0x148c0c18, ESI=0x14905a00, EDI=0x156ff244
EIP=0x00000005, EFLAGS=0x00010202

Top of Stack: (sp=0x156ff1dc)
0x156ff1dc:   6cee0256 001cff50 148c0c18 00000006
0x156ff1ec:   01d26327 03eda7f0 141d2c4e 156ff23c
0x156ff1fc:   14901b98 148c0c18 14905a00 156ff2d0
0x156ff20c:   6cedf285 14905a00 148c0c18 14901b98
0x156ff21c:   156ff244 141cef08 141cef08 14812000
0x156ff22c:   6cee8834 14901b98 156ff244 156ff270
0x156ff23c:   01c845d4 01c845d4 001cff50 00000000
0x156ff24c:   00000000 00000000 41200000 0001f200 

Instructions: (pc=0x00000005)
0xffffffe5:   


Register to memory mapping:

EAX=0x001cff50 is an unknown value
EBX=0x14901b98 is an unknown value
ECX=0x14905a00 is an unknown value
EDX=0x148da340 is an unknown value
ESP=0x156ff1dc is pointing into the stack for thread: 0x14812000
EBP=0x148c0c18 is an unknown value
ESI=0x14905a00 is an unknown value
EDI=0x156ff244 is pointing into the stack for thread: 0x14812000


Stack: [0x156b0000,0x15700000],  sp=0x156ff1dc,  free space=316k
Native frames: (J=compiled Java code, j=interpreted, Vv=VM code, C=native code)
C  0x00000005

Java frames: (J=compiled Java code, j=interpreted, Vv=VM code)
j  com.badlogic.gdx.physics.box2d.Body.jniCreateFixture(JJFFFZSSS)J+0
j  com.badlogic.gdx.physics.box2d.Body.createFixture(Lcom/badlogic/gdx/physics/box2d/FixtureDef;)Lcom/badlogic/gdx/physics/box2d/Fixture;+49
j  box2D.map00.buildMap(Lcom/badlogic/gdx/physics/box2d/World;)V+617
j  box2D.maps.chooseMap(I)V+148
j  box2D.box2DCode.create()V+153
j  com.badlogic.gdx.backends.lwjgl.LwjglApplication.mainLoop()V+29
j  com.badlogic.gdx.backends.lwjgl.LwjglApplication$1.run()V+27
v  ~StubRoutines::call_stub

---------------  P R O C E S S  ---------------

Java Threads: ( => current thread )
  0x17b3d800 JavaThread "AsynchExecutor-Thread" daemon [_thread_blocked, id=4700, stack(0x17f80000,0x17fd0000)]
  0x0029c000 JavaThread "DestroyJavaVM" [_thread_blocked, id=3172, stack(0x017f0000,0x01840000)]
=>0x14812000 JavaThread "LWJGL Application" [_thread_in_native, id=5040, stack(0x156b0000,0x15700000)]
  0x011f6000 JavaThread "Service Thread" daemon [_thread_blocked, id=5308, stack(0x14660000,0x146b0000)]
  0x011d0400 JavaThread "C1 CompilerThread0" daemon [_thread_blocked, id=5116, stack(0x14580000,0x145d0000)]
  0x011cf400 JavaThread "Attach Listener" daemon [_thread_blocked, id=2492, stack(0x143d0000,0x14420000)]
  0x011cc400 JavaThread "Signal Dispatcher" daemon [_thread_blocked, id=5460, stack(0x14450000,0x144a0000)]
  0x011c3c00 JavaThread "Finalizer" daemon [_thread_blocked, id=3980, stack(0x14310000,0x14360000)]
  0x01167800 JavaThread "Reference Handler" daemon [_thread_blocked, id=2172, stack(0x03c80000,0x03cd0000)]

Other Threads:
  0x01163400 VMThread [stack: 0x142a0000,0x142f0000] [id=3852]
  0x01203800 WatcherThread [stack: 0x018f0000,0x01940000] [id=4428]

VM state:not at safepoint (normal execution)

VM Mutex/Monitor currently owned by a thread: None

Heap:
 def new generation   total 4928K, used 1416K [0x03e00000, 0x04350000, 0x09350000)
  eden space 4416K,  20% used [0x03e00000, 0x03ee2250, 0x04250000)
  from space 512K, 100% used [0x042d0000, 0x04350000, 0x04350000)
  to   space 512K,   0% used [0x04250000, 0x04250000, 0x042d0000)
 tenured generation   total 10944K, used 3652K [0x09350000, 0x09e00000, 0x13e00000)
   the space 10944K,  33% used [0x09350000, 0x096e1020, 0x096e1200, 0x09e00000)
 Metaspace       used 2000K, capacity 3955K, committed 4032K, reserved 4480K

Card table byte_map: [0x01840000,0x018d0000] byte_map_base: 0x01821000

Polling page: 0x00250000

CodeCache: size=32768Kb used=1099Kb max_used=1099Kb free=31668Kb
 bounds [0x01c80000, 0x01d98000, 0x03c80000]
 total_blobs=472 nmethods=219 adapters=185
 compilation: enabled

Compilation events (10 events):
Event: 1.430 Thread 0x011d0400  213   !         java.util.zip.Inflater::inflate (113 bytes)
Event: 1.430 Thread 0x011d0400 nmethod 213 0x01d8fb48 code [0x01d8fc80, 0x01d90040]
Event: 1.435 Thread 0x011d0400  215             java.util.zip.ZipFile::ensureOpen (37 bytes)
Event: 1.435 Thread 0x011d0400 nmethod 215 0x01d90ac8 code [0x01d90be0, 0x01d90d88]
Event: 1.435 Thread 0x011d0400  216             java.util.zip.ZipCoder::getBytes (192 bytes)
Event: 1.437 Thread 0x011d0400 nmethod 216 0x01d90e88 code [0x01d910b0, 0x01d91bec]
Event: 1.437 Thread 0x011d0400  217             java.util.zip.ZipCoder::encoder (35 bytes)
Event: 1.437 Thread 0x011d0400 nmethod 217 0x01d92588 code [0x01d92690, 0x01d9277c]
Event: 1.439 Thread 0x011d0400  219             java.lang.String::<init> (10 bytes)
Event: 1.439 Thread 0x011d0400 nmethod 219 0x01d92ac8 code [0x01d92bc0, 0x01d92c50]

GC Heap History (6 events):
Event: 0.794 GC heap before
{Heap before GC invocations=0 (full 0):
 def new generation   total 4928K, used 4416K [0x03e00000, 0x04350000, 0x09350000)
  eden space 4416K, 100% used [0x03e00000, 0x04250000, 0x04250000)
  from space 512K,   0% used [0x04250000, 0x04250000, 0x042d0000)
  to   space 512K,   0% used [0x042d0000, 0x042d0000, 0x04350000)
 tenured generation   total 10944K, used 0K [0x09350000, 0x09e00000, 0x13e00000)
   the space 10944K,   0% used [0x09350000, 0x09350000, 0x09350200, 0x09e00000)
 Metaspace       used 794K, capacity 2824K, committed 2880K, reserved 4480K
Event: 0.801 GC heap after
Heap after GC invocations=1 (full 0):
 def new generation   total 4928K, used 512K [0x03e00000, 0x04350000, 0x09350000)
  eden space 4416K,   0% used [0x03e00000, 0x03e00000, 0x04250000)
  from space 512K, 100% used [0x042d0000, 0x04350000, 0x04350000)
  to   space 512K,   0% used [0x04250000, 0x04250000, 0x042d0000)
 tenured generation   total 10944K, used 672K [0x09350000, 0x09e00000, 0x13e00000)
   the space 10944K,   6% used [0x09350000, 0x093f8210, 0x093f8400, 0x09e00000)
 Metaspace       used 794K, capacity 2824K, committed 2880K, reserved 4480K
}
Event: 1.085 GC heap before
{Heap before GC invocations=1 (full 0):
 def new generation   total 4928K, used 4928K [0x03e00000, 0x04350000, 0x09350000)
  eden space 4416K, 100% used [0x03e00000, 0x04250000, 0x04250000)
  from space 512K, 100% used [0x042d0000, 0x04350000, 0x04350000)
  to   space 512K,   0% used [0x04250000, 0x04250000, 0x042d0000)
 tenured generation   total 10944K, used 672K [0x09350000, 0x09e00000, 0x13e00000)
   the space 10944K,   6% used [0x09350000, 0x093f8210, 0x093f8400, 0x09e00000)
 Metaspace       used 1706K, capacity 3699K, committed 3776K, reserved 4480K
Event: 1.091 GC heap after
Heap after GC invocations=2 (full 0):
 def new generation   total 4928K, used 512K [0x03e00000, 0x04350000, 0x09350000)
  eden space 4416K,   0% used [0x03e00000, 0x03e00000, 0x04250000)
  from space 512K, 100% used [0x04250000, 0x042d0000, 0x042d0000)
  to   space 512K,   0% used [0x042d0000, 0x042d0000, 0x04350000)
 tenured generation   total 10944K, used 1920K [0x09350000, 0x09e00000, 0x13e00000)
   the space 10944K,  17% used [0x09350000, 0x09530288, 0x09530400, 0x09e00000)
 Metaspace       used 1706K, capacity 3699K, committed 3776K, reserved 4480K
}
Event: 1.386 GC heap before
{Heap before GC invocations=2 (full 0):
 def new generation   total 4928K, used 4928K [0x03e00000, 0x04350000, 0x09350000)
  eden space 4416K, 100% used [0x03e00000, 0x04250000, 0x04250000)
  from space 512K, 100% used [0x04250000, 0x042d0000, 0x042d0000)
  to   space 512K,   0% used [0x042d0000, 0x042d0000, 0x04350000)
 tenured generation   total 10944K, used 1920K [0x09350000, 0x09e00000, 0x13e00000)
   the space 10944K,  17% used [0x09350000, 0x09530288, 0x09530400, 0x09e00000)
 Metaspace       used 1915K, capacity 3859K, committed 3904K, reserved 4480K
Event: 1.395 GC heap after
Heap after GC invocations=3 (full 0):
 def new generation   total 4928K, used 512K [0x03e00000, 0x04350000, 0x09350000)
  eden space 4416K,   0% used [0x03e00000, 0x03e00000, 0x04250000)
  from space 512K, 100% used [0x042d0000, 0x04350000, 0x04350000)
  to   space 512K,   0% used [0x04250000, 0x04250000, 0x042d0000)
 tenured generation   total 10944K, used 3652K [0x09350000, 0x09e00000, 0x13e00000)
   the space 10944K,  33% used [0x09350000, 0x096e1020, 0x096e1200, 0x09e00000)
 Metaspace       used 1915K, capacity 3859K, committed 3904K, reserved 4480K
}

Deoptimization events (0 events):
No events

Internal exceptions (10 events):
Event: 0.466 Thread 0x0029c000 Exception <a 'org/lwjgl/LWJGLException'> (0x04052898) thrown at [C:\workspace\8-2-build-windows-i586-cygwin\jdk8u121\8372\hotspot\src\share\vm\prims\jni.cpp, line 709]
Event: 0.466 Thread 0x0029c000 Exception <a 'org/lwjgl/LWJGLException'> (0x04052e48) thrown at [C:\workspace\8-2-build-windows-i586-cygwin\jdk8u121\8372\hotspot\src\share\vm\prims\jni.cpp, line 709]
Event: 0.466 Thread 0x0029c000 Exception <a 'org/lwjgl/LWJGLException'> (0x040533a8) thrown at [C:\workspace\8-2-build-windows-i586-cygwin\jdk8u121\8372\hotspot\src\share\vm\prims\jni.cpp, line 709]
Event: 0.466 Thread 0x0029c000 Exception <a 'org/lwjgl/LWJGLException'> (0x04053880) thrown at [C:\workspace\8-2-build-windows-i586-cygwin\jdk8u121\8372\hotspot\src\share\vm\prims\jni.cpp, line 709]
Event: 0.466 Thread 0x0029c000 Exception <a 'org/lwjgl/LWJGLException'> (0x04053d18) thrown at [C:\workspace\8-2-build-windows-i586-cygwin\jdk8u121\8372\hotspot\src\share\vm\prims\jni.cpp, line 709]
Event: 0.467 Thread 0x0029c000 Exception <a 'org/lwjgl/LWJGLException'> (0x04054230) thrown at [C:\workspace\8-2-build-windows-i586-cygwin\jdk8u121\8372\hotspot\src\share\vm\prims\jni.cpp, line 709]
Event: 0.467 Thread 0x0029c000 Exception <a 'org/lwjgl/LWJGLException'> (0x040547d8) thrown at [C:\workspace\8-2-build-windows-i586-cygwin\jdk8u121\8372\hotspot\src\share\vm\prims\jni.cpp, line 709]
Event: 0.467 Thread 0x0029c000 Exception <a 'org/lwjgl/LWJGLException'> (0x04054cc8) thrown at [C:\workspace\8-2-build-windows-i586-cygwin\jdk8u121\8372\hotspot\src\share\vm\prims\jni.cpp, line 709]
Event: 0.468 Thread 0x0029c000 Exception <a 'org/lwjgl/LWJGLException'> (0x04055148) thrown at [C:\workspace\8-2-build-windows-i586-cygwin\jdk8u121\8372\hotspot\src\share\vm\prims\jni.cpp, line 709]
Event: 0.468 Thread 0x0029c000 Exception <a 'org/lwjgl/LWJGLException'> (0x04055730) thrown at [C:\workspace\8-2-build-windows-i586-cygwin\jdk8u121\8372\hotspot\src\share\vm\prims\jni.cpp, line 709]

Events (10 events):
Event: 1.433 loading class com/badlogic/gdx/physics/box2d/Fixture
Event: 1.433 loading class com/badlogic/gdx/physics/box2d/Fixture done
Event: 1.435 loading class com/badlogic/gdx/physics/box2d/EdgeShape
Event: 1.435 loading class com/badlogic/gdx/physics/box2d/EdgeShape done
Event: 1.438 loading class com/badlogic/gdx/physics/box2d/PolygonShape
Event: 1.438 loading class com/badlogic/gdx/physics/box2d/PolygonShape done
Event: 1.439 loading class box2D/playerBox2D$1
Event: 1.439 loading class box2D/playerBox2D$1 done
Event: 1.440 loading class box2D/InputController
Event: 1.440 loading class box2D/InputController done


Dynamic libraries:
0x013e0000 - 0x01413000 	C:\Program Files\Java\jre1.8.0_121\bin\javaw.exe
0x77540000 - 0x7767c000 	C:\Windows\SYSTEM32\ntdll.dll
0x75db0000 - 0x75e84000 	C:\Windows\system32\kernel32.dll
0x758c0000 - 0x7590a000 	C:\Windows\system32\KERNELBASE.dll
0x75990000 - 0x75a30000 	C:\Windows\system32\ADVAPI32.dll
0x75a30000 - 0x75adc000 	C:\Windows\system32\msvcrt.dll
0x77700000 - 0x77719000 	C:\Windows\SYSTEM32\sechost.dll
0x75bc0000 - 0x75c61000 	C:\Windows\system32\RPCRT4.dll
0x77470000 - 0x77539000 	C:\Windows\system32\USER32.dll
0x76ce0000 - 0x76d2e000 	C:\Windows\system32\GDI32.dll
0x76ae0000 - 0x76aea000 	C:\Windows\system32\LPK.dll
0x76d30000 - 0x76dcd000 	C:\Windows\system32\USP10.dll
0x74600000 - 0x7479e000 	C:\Windows\WinSxS\x86_microsoft.windows.common-controls_6595b64144ccf1df_6.0.7600.16385_none_421189da2b7fabfc\COMCTL32.dll
0x77690000 - 0x776e7000 	C:\Windows\system32\SHLWAPI.dll
0x77750000 - 0x7776f000 	C:\Windows\system32\IMM32.DLL
0x76eb0000 - 0x76f7c000 	C:\Windows\system32\MSCTF.dll
0x66920000 - 0x669df000 	C:\Program Files\Java\jre1.8.0_121\bin\msvcr100.dll
0x688f0000 - 0x68cbe000 	C:\Program Files\Java\jre1.8.0_121\bin\client\jvm.dll
0x71c20000 - 0x71c27000 	C:\Windows\system32\WSOCK32.dll
0x75b80000 - 0x75bb5000 	C:\Windows\system32\WS2_32.dll
0x77680000 - 0x77686000 	C:\Windows\system32\NSI.dll
0x6fe60000 - 0x6fe92000 	C:\Windows\system32\WINMM.dll
0x74b90000 - 0x74b99000 	C:\Windows\system32\VERSION.dll
0x75ae0000 - 0x75ae5000 	C:\Windows\system32\PSAPI.DLL
0x73c30000 - 0x73c3c000 	C:\Program Files\Java\jre1.8.0_121\bin\verify.dll
0x72680000 - 0x726a1000 	C:\Program Files\Java\jre1.8.0_121\bin\java.dll
0x72e60000 - 0x72e73000 	C:\Program Files\Java\jre1.8.0_121\bin\zip.dll
0x75e90000 - 0x76ad9000 	C:\Windows\system32\SHELL32.dll
0x77310000 - 0x7746c000 	C:\Windows\system32\ole32.dll
0x75690000 - 0x7569b000 	C:\Windows\system32\profapi.dll
0x6cec0000 - 0x6cf42000 	C:\Users\HOME\AppData\Local\Temp\libgdxHOME\6df0928e\gdx.dll
0x03db0000 - 0x03dfc000 	C:\Users\HOME\AppData\Local\Temp\libgdxHOME\52d76f2b\lwjgl.dll
0x66850000 - 0x66918000 	C:\Windows\system32\OPENGL32.dll
0x6dd90000 - 0x6ddb2000 	C:\Windows\system32\GLU32.dll
0x68240000 - 0x68327000 	C:\Windows\system32\DDRAW.dll
0x6fc90000 - 0x6fc96000 	C:\Windows\system32\DCIMAN32.dll
0x76af0000 - 0x76c8d000 	C:\Windows\system32\SETUPAPI.dll
0x75910000 - 0x75937000 	C:\Windows\system32\CFGMGR32.dll
0x75af0000 - 0x75b7f000 	C:\Windows\system32\OLEAUT32.dll
0x75970000 - 0x75982000 	C:\Windows\system32\DEVOBJ.dll
0x74050000 - 0x74063000 	C:\Windows\system32\dwmapi.dll
0x14360000 - 0x143c5000 	C:\Users\HOME\AppData\Local\Temp\libgdxHOME\52d76f2b\OpenAL32.dll
0x755e0000 - 0x755ec000 	C:\Windows\system32\CRYPTBASE.dll
0x74340000 - 0x74380000 	C:\Windows\system32\uxtheme.dll
0x76f80000 - 0x77003000 	C:\Windows\system32\CLBCatQ.DLL
0x744c0000 - 0x745b5000 	C:\Windows\System32\PROPSYS.dll
0x75940000 - 0x7596d000 	C:\Windows\system32\WINTRUST.dll
0x75710000 - 0x7582c000 	C:\Windows\system32\CRYPT32.dll
0x75700000 - 0x7570c000 	C:\Windows\system32\MSASN1.dll
0x66a20000 - 0x66a92000 	C:\Windows\system32\dsound.dll
0x743e0000 - 0x74405000 	C:\Windows\system32\POWRPROF.dll
0x743a0000 - 0x743d9000 	C:\Windows\System32\MMDevApi.dll
0x735d0000 - 0x73606000 	C:\Windows\system32\AUDIOSES.DLL
0x15700000 - 0x15af2000 	C:\Windows\system32\ig4icd32.dll
0x15b00000 - 0x15d9a000 	C:\Windows\system32\ig4dev32.dll
0x693e0000 - 0x69459000 	C:\Windows\system32\mscms.dll
0x74cf0000 - 0x74d07000 	C:\Windows\system32\USERENV.dll
0x69870000 - 0x698a8000 	C:\Windows\system32\icm32.dll
0x71a20000 - 0x71b0b000 	C:\Windows\system32\dbghelp.dll

VM Arguments:
jvm_args: -Dfile.encoding=Cp1252 
java_command: box2D.Main
java_class_path (initial): C:\Users\HOME\Desktop\box2DExample\box2DExample-desktop\bin;C:\Users\HOME\Desktop\box2DExample\box2DExample\bin;C:\Users\HOME\Desktop\Nueva carpeta (2)\libgdx-0.9.9\gdx.jar;C:\Users\HOME\Desktop\Nueva carpeta (2)\libgdx-0.9.9\gdx-1.7.1.jar;C:\Users\HOME\Desktop\Nueva carpeta (2)\libgdx-0.9.9\gdx-ai-1.7.0.jar;C:\Users\HOME\Desktop\Nueva carpeta (2)\libgdx-0.9.9\gdx-backend-android.jar;C:\Users\HOME\Desktop\Nueva carpeta (2)\libgdx-0.9.9\gdx-backend-gwt.jar;C:\Users\HOME\Desktop\Nueva carpeta (2)\libgdx-0.9.9\gdx-backend-jglfw.jar;C:\Users\HOME\Desktop\Nueva carpeta (2)\libgdx-0.9.9\gdx-backend-jglfw-natives.jar;C:\Users\HOME\Desktop\Nueva carpeta (2)\libgdx-0.9.9\gdx-backend-lwjgl.jar;C:\Users\HOME\Desktop\Nueva carpeta (2)\libgdx-0.9.9\gdx-backend-lwjgl-natives.jar;C:\Users\HOME\Desktop\Nueva carpeta (2)\libgdx-0.9.9\gdx-backend-robovm.jar;C:\Users\HOME\Desktop\Nueva carpeta (2)\libgdx-0.9.9\gdx-natives.jar;C:\Users\HOME\Desktop\Nueva carpeta (2)\libgdx-0.9.9\gdx-openal.jar;C:\Users\HOME\Desktop\Nueva carpeta (2)\libgdx-0.9.9\gdx-setup.jar;C:\Users\HOME\Desktop\Nueva carpeta (2)\libgdx-0.9.9\gdx-setup-ui.jar
Launcher Type: SUN_STANDARD

Environment Variables:
PATH=C:/Program Files/Java/jre1.8.0_121/bin/client;C:/Program Files/Java/jre1.8.0_121/bin;C:/Program Files/Java/jre1.8.0_121/lib/i386;C:\ProgramData\Oracle\Java\javapath;C:\Windows\system32;C:\Windows;C:\Windows\System32\Wbem;C:\Windows\System32\WindowsPowerShell\v1.0\;C:\Program Files\eclipse;
USERNAME=HOME
OS=Windows_NT
PROCESSOR_IDENTIFIER=x86 Family 6 Model 15 Stepping 13, GenuineIntel



---------------  S Y S T E M  ---------------

OS: Windows 7 Build 7600 (6.1.7600.16385)

CPU:total 2 (2 cores per cpu, 1 threads per core) family 6 model 15 stepping 13, cmov, cx8, fxsr, mmx, sse, sse2, sse3, ssse3, tsc

Memory: 4k page, physical 2087160k(852972k free), swap 4174320k(1934576k free)

vm_info: Java HotSpot(TM) Client VM (25.121-b13) for windows-x86 JRE (1.8.0_121-b13), built on Dec 12 2016 18:17:00 by "java_re" with MS VC++ 10.0 (VS2010)

time: Tue Dec 04 21:20:17 2018
elapsed time: 1 seconds (0d 0h 0m 1s)

